13:10:14.581 [INFO] [org.gradle.launcher.daemon.server.Daemon] start() called on daemon - DefaultDaemonContext[uid=4c895400-98ff-44fa-b684-19d2f4ccb436,javaHome=/Library/Java/JavaVirtualMachines/jdk1.8.0_71.jdk/Contents/Home,daemonRegistryDir=/Users/lee/Documents/soft/jenkins/workspace/todo-mvp-test/daemon,pid=2770,idleTimeout=120000,daemonOpts=-Xmx5120M,-Dfile.encoding=UTF-8,-Duser.country=CN,-Duser.language=zh,-Duser.variant]
13:10:14.584 [DEBUG] [org.gradle.launcher.daemon.server.DaemonStateCoordinator] updating lastActivityAt to 1469164214584
13:10:14.596 [DEBUG] [org.gradle.messaging.remote.internal.inet.InetAddressFactory] Adding IP addresses for network interface awdl0
13:10:14.596 [DEBUG] [org.gradle.messaging.remote.internal.inet.InetAddressFactory] Is this a loopback interface? false
13:10:14.596 [DEBUG] [org.gradle.messaging.remote.internal.inet.InetAddressFactory] Is this a multicast interface? true
13:10:14.597 [DEBUG] [org.gradle.messaging.remote.internal.inet.InetAddressFactory] Adding remote address /fe80:0:0:0:f47b:48ff:fe6d:b0b5%awdl0
13:10:14.597 [DEBUG] [org.gradle.messaging.remote.internal.inet.InetAddressFactory] Adding remote multicast interface awdl0
13:10:14.598 [DEBUG] [org.gradle.messaging.remote.internal.inet.InetAddressFactory] Adding IP addresses for network interface vboxnet0
13:10:14.598 [DEBUG] [org.gradle.messaging.remote.internal.inet.InetAddressFactory] Is this a loopback interface? false
13:10:14.598 [DEBUG] [org.gradle.messaging.remote.internal.inet.InetAddressFactory] Is this a multicast interface? true
13:10:14.599 [DEBUG] [org.gradle.messaging.remote.internal.inet.InetAddressFactory] Adding remote address /192.168.56.1
13:10:14.599 [DEBUG] [org.gradle.messaging.remote.internal.inet.InetAddressFactory] Adding remote multicast interface vboxnet0
13:10:14.599 [DEBUG] [org.gradle.messaging.remote.internal.inet.InetAddressFactory] Adding IP addresses for network interface en0
13:10:14.599 [DEBUG] [org.gradle.messaging.remote.internal.inet.InetAddressFactory] Is this a loopback interface? false
13:10:14.600 [DEBUG] [org.gradle.messaging.remote.internal.inet.InetAddressFactory] Is this a multicast interface? true
13:10:14.600 [DEBUG] [org.gradle.messaging.remote.internal.inet.InetAddressFactory] Adding remote address /fe80:0:0:0:a65e:60ff:feed:4cad%en0
13:10:14.600 [DEBUG] [org.gradle.messaging.remote.internal.inet.InetAddressFactory] Adding remote address /10.249.213.135
13:10:14.600 [DEBUG] [org.gradle.messaging.remote.internal.inet.InetAddressFactory] Adding remote multicast interface en0
13:10:14.601 [DEBUG] [org.gradle.messaging.remote.internal.inet.InetAddressFactory] Adding IP addresses for network interface lo0
13:10:14.601 [DEBUG] [org.gradle.messaging.remote.internal.inet.InetAddressFactory] Is this a loopback interface? true
13:10:14.601 [DEBUG] [org.gradle.messaging.remote.internal.inet.InetAddressFactory] Is this a multicast interface? true
13:10:14.601 [DEBUG] [org.gradle.messaging.remote.internal.inet.InetAddressFactory] Ignoring remote address on loopback interface /fe80:0:0:0:0:0:0:1%lo0
13:10:14.601 [DEBUG] [org.gradle.messaging.remote.internal.inet.InetAddressFactory] Adding loopback address /0:0:0:0:0:0:0:1
13:10:14.602 [DEBUG] [org.gradle.messaging.remote.internal.inet.InetAddressFactory] Adding loopback address /127.0.0.1
13:10:14.602 [DEBUG] [org.gradle.messaging.remote.internal.inet.InetAddressFactory] Adding loopback multicast interface lo0
13:10:14.612 [DEBUG] [org.gradle.messaging.remote.internal.inet.TcpIncomingConnector] Listening on [bbc54cb4-f56f-4725-959e-8f25d944683e port:50829, addresses:[/0:0:0:0:0:0:0:1, /127.0.0.1]].
13:10:14.614 [DEBUG] [org.gradle.launcher.daemon.server.Daemon] Daemon starting at: Fri Jul 22 13:10:14 CST 2016, with address: [bbc54cb4-f56f-4725-959e-8f25d944683e port:50829, addresses:[/0:0:0:0:0:0:0:1, /127.0.0.1]]
13:10:14.615 [INFO] [org.gradle.launcher.daemon.server.DomainRegistryUpdater] Advertising the daemon address to the clients: [bbc54cb4-f56f-4725-959e-8f25d944683e port:50829, addresses:[/0:0:0:0:0:0:0:1, /127.0.0.1]]
13:10:14.615 [DEBUG] [org.gradle.launcher.daemon.server.DomainRegistryUpdater] Advertised daemon context: DefaultDaemonContext[uid=4c895400-98ff-44fa-b684-19d2f4ccb436,javaHome=/Library/Java/JavaVirtualMachines/jdk1.8.0_71.jdk/Contents/Home,daemonRegistryDir=/Users/lee/Documents/soft/jenkins/workspace/todo-mvp-test/daemon,pid=2770,idleTimeout=120000,daemonOpts=-Xmx5120M,-Dfile.encoding=UTF-8,-Duser.country=CN,-Duser.language=zh,-Duser.variant]
13:10:14.615 [DEBUG] [org.gradle.launcher.daemon.registry.PersistentDaemonRegistry] Storing daemon address: [bbc54cb4-f56f-4725-959e-8f25d944683e port:50829, addresses:[/0:0:0:0:0:0:0:1, /127.0.0.1]], context: DefaultDaemonContext[uid=4c895400-98ff-44fa-b684-19d2f4ccb436,javaHome=/Library/Java/JavaVirtualMachines/jdk1.8.0_71.jdk/Contents/Home,daemonRegistryDir=/Users/lee/Documents/soft/jenkins/workspace/todo-mvp-test/daemon,pid=2770,idleTimeout=120000,daemonOpts=-Xmx5120M,-Dfile.encoding=UTF-8,-Duser.country=CN,-Duser.language=zh,-Duser.variant]
13:10:14.622 [DEBUG] [org.gradle.cache.internal.DefaultFileLockManager] Waiting to acquire exclusive lock on daemon addresses registry.
13:10:14.623 [DEBUG] [org.gradle.cache.internal.DefaultFileLockManager] Lock acquired.
13:10:14.640 [DEBUG] [org.gradle.cache.internal.DefaultFileLockManager] Releasing lock on daemon addresses registry.
13:10:14.640 [LIFECYCLE] [org.gradle.launcher.daemon.server.Daemon] Daemon server started.
13:10:14.642 [DEBUG] [org.gradle.launcher.daemon.bootstrap.DaemonStartupCommunication] Completed writing the daemon greeting. Closing streams...
13:10:14.642 [DEBUG] [org.gradle.launcher.daemon.server.Daemon] requestStopOnIdleTimeout(120000 MILLISECONDS) called on daemon
13:10:14.642 [DEBUG] [org.gradle.launcher.daemon.server.DaemonStateCoordinator] Idle timeout: waiting for daemon to stop or be idle for 120000ms
13:10:14.643 [DEBUG] [org.gradle.launcher.daemon.server.DaemonStateCoordinator] Daemon is idle, sleeping until state change or idle timeout at Fri Jul 22 13:12:14 CST 2016
13:10:14.686 [DEBUG] [org.gradle.messaging.remote.internal.inet.TcpIncomingConnector] Accepted connection from /0:0:0:0:0:0:0:1:50830 to /0:0:0:0:0:0:0:1:50829.
13:10:14.726 [DEBUG] [org.gradle.launcher.daemon.server.SynchronizedDispatchConnection] thread 15: received class org.gradle.launcher.daemon.protocol.BuildAndStop
13:10:14.727 [DEBUG] [org.gradle.launcher.daemon.server.DefaultDaemonConnection] Received non-IO message from client: BuildAndStop{id=5e3e4d4c-c1b9-493a-a60a-4b3ea39742eb.1, currentDir=/Users/lee/Documents/soft/jenkins/workspace/todo-mvp-test/app}
13:10:14.727 [INFO] [org.gradle.launcher.daemon.server.DefaultIncomingConnectionHandler] Received command: BuildAndStop{id=5e3e4d4c-c1b9-493a-a60a-4b3ea39742eb.1, currentDir=/Users/lee/Documents/soft/jenkins/workspace/todo-mvp-test/app}.
13:10:14.727 [DEBUG] [org.gradle.launcher.daemon.server.DefaultIncomingConnectionHandler] Starting executing command: BuildAndStop{id=5e3e4d4c-c1b9-493a-a60a-4b3ea39742eb.1, currentDir=/Users/lee/Documents/soft/jenkins/workspace/todo-mvp-test/app} with connection: socket connection from /0:0:0:0:0:0:0:1:50829 to /0:0:0:0:0:0:0:1:50830.
13:10:14.734 [DEBUG] [org.gradle.launcher.daemon.server.DaemonStateCoordinator] Command execution: started DaemonCommandExecution[command = BuildAndStop{id=5e3e4d4c-c1b9-493a-a60a-4b3ea39742eb.1, currentDir=/Users/lee/Documents/soft/jenkins/workspace/todo-mvp-test/app}, connection = org.gradle.launcher.daemon.server.DefaultDaemonConnection@1892f53] after 0.0 minutes of idle
13:10:14.734 [INFO] [org.gradle.launcher.daemon.server.DomainRegistryUpdater] Marking the daemon as busy, address: [bbc54cb4-f56f-4725-959e-8f25d944683e port:50829, addresses:[/0:0:0:0:0:0:0:1, /127.0.0.1]]
13:10:14.736 [DEBUG] [org.gradle.launcher.daemon.registry.PersistentDaemonRegistry] Marking busy by address: [bbc54cb4-f56f-4725-959e-8f25d944683e port:50829, addresses:[/0:0:0:0:0:0:0:1, /127.0.0.1]]
13:10:14.736 [DEBUG] [org.gradle.cache.internal.DefaultFileLockManager] Waiting to acquire exclusive lock on daemon addresses registry.
13:10:14.737 [DEBUG] [org.gradle.cache.internal.DefaultFileLockManager] Lock acquired.
13:10:14.738 [DEBUG] [org.gradle.cache.internal.DefaultFileLockManager] Releasing lock on daemon addresses registry.
13:10:14.739 [DEBUG] [org.gradle.launcher.daemon.server.DaemonStateCoordinator] updating lastActivityAt to 1469164214739
13:10:14.739 [DEBUG] [org.gradle.launcher.daemon.server.DaemonStateCoordinator] Daemon is busy, sleeping until state changes.
13:10:14.740 [INFO] [org.gradle.launcher.daemon.server.exec.StartBuildOrRespondWithBusy] Daemon is about to start building BuildAndStop{id=5e3e4d4c-c1b9-493a-a60a-4b3ea39742eb.1, currentDir=/Users/lee/Documents/soft/jenkins/workspace/todo-mvp-test/app}. Dispatching build started information...
13:10:14.740 [DEBUG] [org.gradle.launcher.daemon.server.SynchronizedDispatchConnection] thread 17: dispatching class org.gradle.launcher.daemon.protocol.BuildStarted
13:10:14.743 [DEBUG] [org.gradle.launcher.daemon.server.exec.EstablishBuildEnvironment] Configuring env variables: {PATH=/Library/Java/JavaVirtualMachines/jdk1.8.0_71.jdk/Contents/Home/bin:/Library/Java/JavaVirtualMachines/jdk1.8.0_71.jdk/Contents/Home/bin:/usr/local/bin:/usr/bin:/bin:/usr/sbin:/sbin:/Library/Java/JavaVirtualMachines/jdk1.8.0_71.jdk/Contents/Home/bin:/Users/lee/Documents/soft/android-sdk-macosx/build-tools:/Users/lee/Documents/soft/android-sdk-macosx/tools:/Users/lee/Documents/soft/android-sdk-macosx/platform-tools:/usr/local/mysql/bin:/Users/lee/Documents/soft/gradle-2.11/bin:/Users/lee/Documents/soft/apache-maven-3.3.9/bin:/Users/lee/.rvm/bin, HUDSON_HOME=/Users/lee/Documents/soft/jenkins, JOB_URL=http://localhost:8080/job/todo-mvp-test/, HUDSON_COOKIE=67b6d56f-1ff3-478e-9569-fd708d81b7f9, ANDROID_HOME=/Users/lee/Documents/soft/android-sdk-macosx, rvm_loaded_flag=1, MAVEN_HOME=/Users/lee/Documents/soft/apache-maven-3.3.9, JENKINS_SERVER_COOKIE=b0cca8869dd4cd49, LOGNAME=lee, rvm_version=1.26.11 (latest), PWD=/Users/lee/Documents/soft/jenkins/workspace/todo-mvp-test/app, TERM_PROGRAM_VERSION=343.7, JENKINS_URL=http://localhost:8080/, rvm_user_install_flag=1, BUILD_TAG=jenkins-todo-mvp-test-73, SHELL=/bin/bash, SECURITYSESSIONID=186a6, OLDPWD=/Users/lee/Documents/soft/gradle-2.11, JENKINS_HOME=/Users/lee/Documents/soft/jenkins, rvm_path=/Users/lee/.rvm, TMPDIR=/var/folders/pg/4jbnwcrn5k7_6dth03nswwp00000gn/T/, NODE_NAME=master, XPC_FLAGS=0x0, BUILD_DISPLAY_NAME=#73, TERM_SESSION_ID=2D19857D-96C6-4FE4-97D6-1CB1274AF5C1, _system_name=OSX, M2_HOME=/Users/lee/Documents/soft/apache-maven-3.3.9, __CF_USER_TEXT_ENCODING=0x1F5:0x19:0x34, Apple_PubSub_Socket_Render=/private/tmp/com.apple.launchd.2crlCk3UBR/Render, JAVA_MAIN_CLASS_2764=org.gradle.launcher.GradleMain, SHLVL=2, _system_arch=x86_64, rvm_bin_path=/Users/lee/.rvm/bin, JAVA_HOME=/Library/Java/JavaVirtualMachines/jdk1.8.0_71.jdk/Contents/Home, TERM=xterm-256color, BUILD_ID=73, rvm_prefix=/Users/lee, LANG=zh_CN.UTF-8, JOB_NAME=todo-mvp-test, GRADLE_HOME=/Users/lee/Documents/soft/gradle-2.11, GRADLE_USER_HOME=/Users/lee/Documents/soft/jenkins/workspace/todo-mvp-test, NODE_LABELS=master, HUDSON_URL=http://localhost:8080/, JAVA_MAIN_CLASS_894=org.apache.catalina.startup.Bootstrap, WORKSPACE=/Users/lee/Documents/soft/jenkins/workspace/todo-mvp-test, XPC_SERVICE_NAME=0, ANDROID_SDK_HOME=/Users/lee/Documents/soft/android-sdk-macosx, TERM_PROGRAM=Apple_Terminal, APP_ICON_2764=/Users/lee/Documents/soft/gradle-2.11/media/gradle.icns, EXECUTOR_NUMBER=0, _system_type=Darwin, HUDSON_SERVER_COOKIE=b0cca8869dd4cd49, JOB_BASE_NAME=todo-mvp-test, _system_version=10.10, USER=lee, APP_NAME_2764=Gradle, rvm_stored_umask=0022, SSH_AUTH_SOCK=/private/tmp/com.apple.launchd.iXVrqwnfAm/Listeners, BUILD_NUMBER=73, BUILD_URL=http://localhost:8080/job/todo-mvp-test/73/, HOME=/Users/lee, ANDROID_AVD_HOME=/Users/lee/.android/avd}
13:10:14.748 [DEBUG] [org.gradle.launcher.daemon.server.SynchronizedDispatchConnection] thread 15: received class org.gradle.launcher.daemon.protocol.CloseInput
13:10:14.748 [DEBUG] [org.gradle.launcher.daemon.server.DefaultDaemonConnection] Received IO message from client: org.gradle.launcher.daemon.protocol.CloseInput@61323d8
13:10:14.751 [DEBUG] [org.gradle.launcher.daemon.server.exec.LogToClient] About to start relaying all logs to the client via the connection.
13:10:14.752 [INFO] [org.gradle.launcher.daemon.server.exec.LogToClient] The client will now receive all logging from the daemon (pid: 2770). The daemon log file: /Users/lee/Documents/soft/jenkins/workspace/todo-mvp-test/daemon/2.11/daemon-2770.out.log
13:10:14.753 [INFO] [org.gradle.launcher.daemon.server.exec.ForwardClientInput] Closing daemon's stdin at end of input.
13:10:14.753 [INFO] [org.gradle.launcher.daemon.server.exec.ForwardClientInput] The daemon will no longer process any standard input.
13:10:14.754 [DEBUG] [org.gradle.launcher.daemon.server.exec.RequestStopIfSingleUsedDaemon] Requesting daemon stop after processing BuildAndStop{id=5e3e4d4c-c1b9-493a-a60a-4b3ea39742eb.1, currentDir=/Users/lee/Documents/soft/jenkins/workspace/todo-mvp-test/app}
13:10:14.754 [DEBUG] [org.gradle.launcher.daemon.server.DaemonStateCoordinator] Stop as soon as idle requested. The daemon is busy: true
13:10:14.755 [DEBUG] [org.gradle.launcher.daemon.server.DaemonStateCoordinator] Idle timeout: daemon stop has been requested. Sleeping until state changes.
13:10:14.756 [DEBUG] [org.gradle.launcher.daemon.server.exec.ExecuteBuild] The daemon has started executing the build.
13:10:14.757 [INFO] [org.gradle.launcher.daemon.server.exec.ExecuteBuild] Executing build with daemon context: DefaultDaemonContext[uid=4c895400-98ff-44fa-b684-19d2f4ccb436,javaHome=/Library/Java/JavaVirtualMachines/jdk1.8.0_71.jdk/Contents/Home,daemonRegistryDir=/Users/lee/Documents/soft/jenkins/workspace/todo-mvp-test/daemon,pid=2770,idleTimeout=120000,daemonOpts=-Xmx5120M,-Dfile.encoding=UTF-8,-Duser.country=CN,-Duser.language=zh,-Duser.variant]
Starting Build
Settings evaluated using settings file '/Users/lee/Documents/soft/jenkins/workspace/todo-mvp-test/settings.gradle'.
Projects loaded. Root project using build file '/Users/lee/Documents/soft/jenkins/workspace/todo-mvp-test/build.gradle'.
Included projects: [root project 'todo-mvp-test', project ':app']
Evaluating root project 'todo-mvp-test' using build file '/Users/lee/Documents/soft/jenkins/workspace/todo-mvp-test/build.gradle'.
Evaluating project ':app' using build file '/Users/lee/Documents/soft/jenkins/workspace/todo-mvp-test/app/build.gradle'.
Creating configuration compile
Creating configuration apk
Creating configuration provided
Creating configuration wearApp
Creating configuration androidTestCompile
Creating configuration androidTestApk
Creating configuration androidTestProvided
Creating configuration androidTestWearApp
Creating configuration testCompile
Creating configuration testApk
Creating configuration testProvided
Creating configuration testWearApp
Creating configuration debugCompile
Creating configuration debugApk
Creating configuration debugProvided
Creating configuration debugWearApp
Creating configuration testDebugCompile
Creating configuration testDebugApk
Creating configuration testDebugProvided
Creating configuration testDebugWearApp
Creating configuration releaseCompile
Creating configuration releaseApk
Creating configuration releaseProvided
Creating configuration releaseWearApp
Creating configuration testReleaseCompile
Creating configuration testReleaseApk
Creating configuration testReleaseProvided
Creating configuration testReleaseWearApp
Creating configuration mockCompile
Creating configuration mockApk
Creating configuration mockProvided
Creating configuration mockWearApp
Creating configuration androidTestMockCompile
Creating configuration androidTestMockApk
Creating configuration androidTestMockProvided
Creating configuration androidTestMockWearApp
Creating configuration testMockCompile
Creating configuration testMockApk
Creating configuration testMockProvided
Creating configuration testMockWearApp
Creating configuration prodCompile
Creating configuration prodApk
Creating configuration prodProvided
Creating configuration prodWearApp
Creating configuration androidTestProdCompile
Creating configuration androidTestProdApk
Creating configuration androidTestProdProvided
Creating configuration androidTestProdWearApp
Creating configuration testProdCompile
Creating configuration testProdApk
Creating configuration testProdProvided
Creating configuration testProdWearApp
The 'sonar-runner' plugin has been deprecated and is scheduled to be removed in Gradle 3.0. please use the official plugin from SonarQube (http://docs.sonarqube.org/display/SONAR/Analyzing+with+Gradle).
Parsing the SDK, no caching allowed
Parsing /Users/lee/Documents/soft/android-sdk-macosx/add-ons/addon-google_apis-google-19/package.xml
Parsing /Users/lee/Documents/soft/android-sdk-macosx/add-ons/addon-google_apis-google-22/package.xml
Parsing /Users/lee/Documents/soft/android-sdk-macosx/add-ons/addon-google_apis-google-23/package.xml
Parsing /Users/lee/Documents/soft/android-sdk-macosx/build-tools/19.1.0/package.xml
Parsing /Users/lee/Documents/soft/android-sdk-macosx/build-tools/20.0.0/package.xml
Parsing /Users/lee/Documents/soft/android-sdk-macosx/build-tools/21.1.2/package.xml
Parsing /Users/lee/Documents/soft/android-sdk-macosx/build-tools/22.0.1/package.xml
Parsing /Users/lee/Documents/soft/android-sdk-macosx/build-tools/23.0.1/package.xml
Parsing /Users/lee/Documents/soft/android-sdk-macosx/build-tools/23.0.2/package.xml
Parsing /Users/lee/Documents/soft/android-sdk-macosx/docs/package.xml
Parsing /Users/lee/Documents/soft/android-sdk-macosx/extras/android/m2repository/package.xml
Parsing /Users/lee/Documents/soft/android-sdk-macosx/extras/google/auto/package.xml
Parsing /Users/lee/Documents/soft/android-sdk-macosx/extras/google/m2repository/package.xml
Parsing /Users/lee/Documents/soft/android-sdk-macosx/extras/google/simulators/package.xml
Parsing /Users/lee/Documents/soft/android-sdk-macosx/extras/intel/Hardware_Accelerated_Execution_Manager/package.xml
Parsing /Users/lee/Documents/soft/android-sdk-macosx/platform-tools/package.xml
Parsing /Users/lee/Documents/soft/android-sdk-macosx/platforms/android-15/package.xml
Parsing /Users/lee/Documents/soft/android-sdk-macosx/platforms/android-16/package.xml
Parsing /Users/lee/Documents/soft/android-sdk-macosx/platforms/android-17/package.xml
Parsing /Users/lee/Documents/soft/android-sdk-macosx/platforms/android-18/package.xml
Parsing /Users/lee/Documents/soft/android-sdk-macosx/platforms/android-19/package.xml
Parsing /Users/lee/Documents/soft/android-sdk-macosx/platforms/android-20/package.xml
Parsing /Users/lee/Documents/soft/android-sdk-macosx/platforms/android-21/package.xml
Parsing /Users/lee/Documents/soft/android-sdk-macosx/platforms/android-22/package.xml
Parsing /Users/lee/Documents/soft/android-sdk-macosx/platforms/android-23/package.xml
Parsing /Users/lee/Documents/soft/android-sdk-macosx/samples/android-15/package.xml
Parsing /Users/lee/Documents/soft/android-sdk-macosx/samples/android-16/package.xml
Parsing /Users/lee/Documents/soft/android-sdk-macosx/samples/android-17/package.xml
Parsing /Users/lee/Documents/soft/android-sdk-macosx/samples/android-18/package.xml
Parsing /Users/lee/Documents/soft/android-sdk-macosx/samples/android-19/package.xml
Parsing /Users/lee/Documents/soft/android-sdk-macosx/samples/android-21/package.xml
Parsing /Users/lee/Documents/soft/android-sdk-macosx/samples/android-22/package.xml
Parsing /Users/lee/Documents/soft/android-sdk-macosx/samples/android-23/package.xml
Parsing /Users/lee/Documents/soft/android-sdk-macosx/sources/android-15/package.xml
Parsing /Users/lee/Documents/soft/android-sdk-macosx/sources/android-16/package.xml
Parsing /Users/lee/Documents/soft/android-sdk-macosx/sources/android-17/package.xml
Parsing /Users/lee/Documents/soft/android-sdk-macosx/sources/android-18/package.xml
Parsing /Users/lee/Documents/soft/android-sdk-macosx/sources/android-19/package.xml
Parsing /Users/lee/Documents/soft/android-sdk-macosx/sources/android-21/package.xml
Parsing /Users/lee/Documents/soft/android-sdk-macosx/sources/android-22/package.xml
Parsing /Users/lee/Documents/soft/android-sdk-macosx/sources/android-23/package.xml
Parsing /Users/lee/Documents/soft/android-sdk-macosx/system-images/android-18/default/armeabi-v7a/package.xml
Parsing /Users/lee/Documents/soft/android-sdk-macosx/system-images/android-18/default/x86/package.xml
Parsing /Users/lee/Documents/soft/android-sdk-macosx/system-images/android-19/default/x86/package.xml
Parsing /Users/lee/Documents/soft/android-sdk-macosx/system-images/android-22/default/x86/package.xml
Parsing /Users/lee/Documents/soft/android-sdk-macosx/system-images/android-23/android-tv/armeabi-v7a/package.xml
Parsing /Users/lee/Documents/soft/android-sdk-macosx/system-images/android-23/google_apis/x86/package.xml
Parsing /Users/lee/Documents/soft/android-sdk-macosx/tools/package.xml
Creating configuration prodDebugCompile
Creating configuration prodDebugApk
Creating configuration prodDebugProvided
Creating configuration prodDebugWearApp
Creating configuration testProdDebugCompile
Creating configuration testProdDebugApk
Creating configuration testProdDebugProvided
Creating configuration testProdDebugWearApp
Creating configuration prodReleaseCompile
Creating configuration prodReleaseApk
Creating configuration prodReleaseProvided
Creating configuration prodReleaseWearApp
Creating configuration testProdReleaseCompile
Creating configuration testProdReleaseApk
Creating configuration testProdReleaseProvided
Creating configuration testProdReleaseWearApp
Creating configuration mockDebugCompile
Creating configuration mockDebugApk
Creating configuration mockDebugProvided
Creating configuration mockDebugWearApp
Creating configuration testMockDebugCompile
Creating configuration testMockDebugApk
Creating configuration testMockDebugProvided
Creating configuration testMockDebugWearApp
Incremental Java compilation disabled in variant prodDebug as you are using 2 source folders : /Users/lee/Documents/soft/jenkins/workspace/todo-mvp-test/app/src/main/java,/Users/lee/Documents/soft/jenkins/workspace/todo-mvp-test/app/src/prod/java
Not using incremental javac compilation.
Incremental java compilation is an incubating feature.
Using incremental javac compilation.
Incremental Java compilation disabled in variant prodRelease as you are using 2 source folders : /Users/lee/Documents/soft/jenkins/workspace/todo-mvp-test/app/src/main/java,/Users/lee/Documents/soft/jenkins/workspace/todo-mvp-test/app/src/prod/java
Not using incremental javac compilation.
Using incremental javac compilation.
Removed 'com.android.support:support-annotations:jar:23.0.1' from packaging of prodDebugAndroidTest: Already in tested package.
Removed 'com.android.support.test.espresso:espresso-idling-resource:aar:2.2.1' from packaging of prodDebugAndroidTest: Already in tested package.
Removed 'com.android.support:recyclerview-v7:aar:23.0.1' from packaging of prodDebugAndroidTest: Already in tested package.
Removed 'com.android.support:support-v4:aar:23.0.1' from packaging of prodDebugAndroidTest: Already in tested package.
Using incremental javac compilation.
Incremental Java compilation disabled in variant mockDebug as you are using 2 source folders : /Users/lee/Documents/soft/jenkins/workspace/todo-mvp-test/app/src/main/java,/Users/lee/Documents/soft/jenkins/workspace/todo-mvp-test/app/src/mock/java
Not using incremental javac compilation.
Using incremental javac compilation.
Removed 'com.android.support:support-annotations:jar:23.0.1' from packaging of mockDebugAndroidTest: Already in tested package.
Removed 'com.android.support:recyclerview-v7:aar:23.0.1' from packaging of mockDebugAndroidTest: Already in tested package.
Removed 'com.android.support.test.espresso:espresso-idling-resource:aar:2.2.1' from packaging of mockDebugAndroidTest: Already in tested package.
Removed 'com.android.support:support-v4:aar:23.0.1' from packaging of mockDebugAndroidTest: Already in tested package.
Incremental Java compilation disabled in variant mockDebugAndroidTest as you are using 2 source folders : /Users/lee/Documents/soft/jenkins/workspace/todo-mvp-test/app/src/androidTest/java,/Users/lee/Documents/soft/jenkins/workspace/todo-mvp-test/app/src/androidTestMock/java
Not using incremental javac compilation.
All projects evaluated.

FAILURE: Build failed with an exception.

* What went wrong:
Task 'jacocoTestReport' not found in project ':app'.

* Try:
Run gradle tasks to get a list of available tasks. Run with --debug option to get more log output.

* Exception is:
org.gradle.execution.TaskSelectionException: Task 'jacocoTestReport' not found in project ':app'.
	at org.gradle.execution.TaskSelector.getSelection(TaskSelector.java:100)
	at org.gradle.execution.TaskSelector.getSelection(TaskSelector.java:75)
	at org.gradle.execution.commandline.CommandLineTaskParser.parseTasks(CommandLineTaskParser.java:42)
	at org.gradle.execution.TaskNameResolvingBuildConfigurationAction.configure(TaskNameResolvingBuildConfigurationAction.java:44)
	at org.gradle.execution.DefaultBuildConfigurationActionExecuter.configure(DefaultBuildConfigurationActionExecuter.java:48)
	at org.gradle.execution.DefaultBuildConfigurationActionExecuter.access$000(DefaultBuildConfigurationActionExecuter.java:25)
	at org.gradle.execution.DefaultBuildConfigurationActionExecuter$1.proceed(DefaultBuildConfigurationActionExecuter.java:54)
	at org.gradle.execution.DefaultTasksBuildExecutionAction.configure(DefaultTasksBuildExecutionAction.java:44)
	at org.gradle.execution.DefaultBuildConfigurationActionExecuter.configure(DefaultBuildConfigurationActionExecuter.java:48)
	at org.gradle.execution.DefaultBuildConfigurationActionExecuter.access$000(DefaultBuildConfigurationActionExecuter.java:25)
	at org.gradle.execution.DefaultBuildConfigurationActionExecuter$1.proceed(DefaultBuildConfigurationActionExecuter.java:54)
	at org.gradle.execution.ExcludedTaskFilteringBuildConfigurationAction.configure(ExcludedTaskFilteringBuildConfigurationAction.java:47)
	at org.gradle.execution.DefaultBuildConfigurationActionExecuter.configure(DefaultBuildConfigurationActionExecuter.java:48)
	at org.gradle.execution.DefaultBuildConfigurationActionExecuter.select(DefaultBuildConfigurationActionExecuter.java:36)
	at org.gradle.initialization.DefaultGradleLauncher$3.run(DefaultGradleLauncher.java:143)
	at org.gradle.internal.Factories$1.create(Factories.java:22)
	at org.gradle.internal.progress.DefaultBuildOperationExecutor.run(DefaultBuildOperationExecutor.java:90)
	at org.gradle.internal.progress.DefaultBuildOperationExecutor.run(DefaultBuildOperationExecutor.java:52)
	at org.gradle.initialization.DefaultGradleLauncher.doBuildStages(DefaultGradleLauncher.java:140)
	at org.gradle.initialization.DefaultGradleLauncher.access$200(DefaultGradleLauncher.java:32)
	at org.gradle.initialization.DefaultGradleLauncher$1.create(DefaultGradleLauncher.java:99)
	at org.gradle.initialization.DefaultGradleLauncher$1.create(DefaultGradleLauncher.java:93)
	at org.gradle.internal.progress.DefaultBuildOperationExecutor.run(DefaultBuildOperationExecutor.java:90)
	at org.gradle.internal.progress.DefaultBuildOperationExecutor.run(DefaultBuildOperationExecutor.java:62)
	at org.gradle.initialization.DefaultGradleLauncher.doBuild(DefaultGradleLauncher.java:93)
	at org.gradle.initialization.DefaultGradleLauncher.run(DefaultGradleLauncher.java:82)
	at org.gradle.launcher.exec.InProcessBuildActionExecuter$DefaultBuildController.run(InProcessBuildActionExecuter.java:94)
	at org.gradle.tooling.internal.provider.ExecuteBuildActionRunner.run(ExecuteBuildActionRunner.java:28)
	at org.gradle.launcher.exec.ChainingBuildActionRunner.run(ChainingBuildActionRunner.java:35)
	at org.gradle.launcher.exec.InProcessBuildActionExecuter.execute(InProcessBuildActionExecuter.java:43)
	at org.gradle.launcher.exec.InProcessBuildActionExecuter.execute(InProcessBuildActionExecuter.java:28)
	at org.gradle.launcher.exec.ContinuousBuildActionExecuter.execute(ContinuousBuildActionExecuter.java:75)
	at org.gradle.launcher.exec.ContinuousBuildActionExecuter.execute(ContinuousBuildActionExecuter.java:45)
	at org.gradle.launcher.daemon.server.exec.ExecuteBuild.doBuild(ExecuteBuild.java:52)
	at org.gradle.launcher.daemon.server.exec.BuildCommandOnly.execute(BuildCommandOnly.java:36)
	at org.gradle.launcher.daemon.server.api.DaemonCommandExecution.proceed(DaemonCommandExecution.java:120)
	at org.gradle.launcher.daemon.server.exec.WatchForDisconnection.execute(WatchForDisconnection.java:37)
	at org.gradle.launcher.daemon.server.api.DaemonCommandExecution.proceed(DaemonCommandExecution.java:120)
	at org.gradle.launcher.daemon.server.exec.ResetDeprecationLogger.execute(ResetDeprecationLogger.java:26)
	at org.gradle.launcher.daemon.server.api.DaemonCommandExecution.proceed(DaemonCommandExecution.java:120)
	at org.gradle.launcher.daemon.server.exec.RequestStopIfSingleUsedDaemon.execute(RequestStopIfSingleUsedDaemon.java:34)
	at org.gradle.launcher.daemon.server.api.DaemonCommandExecution.proceed(DaemonCommandExecution.java:120)
	at org.gradle.launcher.daemon.server.exec.ForwardClientInput$2.call(ForwardClientInput.java:74)
	at org.gradle.launcher.daemon.server.exec.ForwardClientInput$2.call(ForwardClientInput.java:72)
	at org.gradle.util.Swapper.swap(Swapper.java:38)
	at org.gradle.launcher.daemon.server.exec.ForwardClientInput.execute(ForwardClientInput.java:72)
	at org.gradle.launcher.daemon.server.api.DaemonCommandExecution.proceed(DaemonCommandExecution.java:120)
	at org.gradle.launcher.daemon.server.health.DaemonHealthTracker.execute(DaemonHealthTracker.java:40)
	at org.gradle.launcher.daemon.server.api.DaemonCommandExecution.proceed(DaemonCommandExecution.java:120)
	at org.gradle.launcher.daemon.server.exec.LogToClient.doBuild(LogToClient.java:66)
	at org.gradle.launcher.daemon.server.exec.BuildCommandOnly.execute(BuildCommandOnly.java:36)
	at org.gradle.launcher.daemon.server.api.DaemonCommandExecution.proceed(DaemonCommandExecution.java:120)
	at org.gradle.launcher.daemon.server.exec.EstablishBuildEnvironment.doBuild(EstablishBuildEnvironment.java:72)
	at org.gradle.launcher.daemon.server.exec.BuildCommandOnly.execute(BuildCommandOnly.java:36)
	at org.gradle.launcher.daemon.server.api.DaemonCommandExecution.proceed(DaemonCommandExecution.java:120)
	at org.gradle.launcher.daemon.server.health.HintGCAfterBuild.execute(HintGCAfterBuild.java:41)
	at org.gradle.launcher.daemon.server.api.DaemonCommandExecution.proceed(DaemonCommandExecution.java:120)
	at org.gradle.launcher.daemon.server.exec.StartBuildOrRespondWithBusy$1.run(StartBuildOrRespondWithBusy.java:50)
	at org.gradle.launcher.daemon.server.DaemonStateCoordinator$1.run(DaemonStateCoordinator.java:246)
	at org.gradle.internal.concurrent.ExecutorPolicy$CatchAndRecordFailures.onExecute(ExecutorPolicy.java:54)
	at org.gradle.internal.concurrent.StoppableExecutorImpl$1.run(StoppableExecutorImpl.java:40)


BUILD FAILED

Total time: 5.497 secs
13:10:19.168 [DEBUG] [org.gradle.cache.internal.DefaultFileLockManager] Releasing lock on cp_settings class cache for settings file '/Users/lee/Documents/soft/jenkins/workspace/todo-mvp-test/settings.gradle' (/Users/lee/Documents/soft/jenkins/workspace/todo-mvp-test/caches/2.11/scripts/settings_8hb58z0smpcfsg9ifhe4ki6x7/cp_settings).
13:10:19.169 [DEBUG] [org.gradle.cache.internal.DefaultFileLockManager] Releasing lock on settings class cache for settings file '/Users/lee/Documents/soft/jenkins/workspace/todo-mvp-test/settings.gradle' (/Users/lee/Documents/soft/jenkins/workspace/todo-mvp-test/caches/2.11/scripts/settings_8hb58z0smpcfsg9ifhe4ki6x7/settings).
13:10:19.169 [DEBUG] [org.gradle.cache.internal.DefaultFileLockManager] Releasing lock on cp_proj class cache for build file '/Users/lee/Documents/soft/jenkins/workspace/todo-mvp-test/build.gradle' (/Users/lee/Documents/soft/jenkins/workspace/todo-mvp-test/caches/2.11/scripts/build_55k0ad62caz4zx0twu99ft6ng/cp_proj).
13:10:19.169 [DEBUG] [org.gradle.cache.internal.DefaultFileLockManager] Releasing lock on proj class cache for build file '/Users/lee/Documents/soft/jenkins/workspace/todo-mvp-test/build.gradle' (/Users/lee/Documents/soft/jenkins/workspace/todo-mvp-test/caches/2.11/scripts/build_55k0ad62caz4zx0twu99ft6ng/proj).
13:10:19.169 [DEBUG] [org.gradle.cache.internal.DefaultFileLockManager] Releasing lock on cp_proj class cache for build file '/Users/lee/Documents/soft/jenkins/workspace/todo-mvp-test/app/build.gradle' (/Users/lee/Documents/soft/jenkins/workspace/todo-mvp-test/caches/2.11/scripts/build_1ug1ak8rea6pcfko1xyvixwbq/cp_proj).
13:10:19.169 [DEBUG] [org.gradle.cache.internal.DefaultFileLockManager] Releasing lock on proj class cache for build file '/Users/lee/Documents/soft/jenkins/workspace/todo-mvp-test/app/build.gradle' (/Users/lee/Documents/soft/jenkins/workspace/todo-mvp-test/caches/2.11/scripts/build_1ug1ak8rea6pcfko1xyvixwbq/proj).
13:10:19.177 [DEBUG] [org.gradle.api.internal.artifacts.ivyservice.ivyresolve.memcache.InMemoryCachedRepositoryFactory] In-memory dependency metadata cache closed. Repos cached: 51, cache instances: 5, modules served from cache: 214, artifacts: 55
13:10:19.178 [DEBUG] [org.gradle.cache.internal.btree.BTreePersistentIndexedCache] Closing cache artifact-at-repository.bin (/Users/lee/Documents/soft/jenkins/workspace/todo-mvp-test/caches/modules-2/metadata-2.16/artifact-at-repository.bin)
13:10:19.178 [DEBUG] [org.gradle.cache.internal.btree.BTreePersistentIndexedCache] Closing cache module-metadata.bin (/Users/lee/Documents/soft/jenkins/workspace/todo-mvp-test/caches/modules-2/metadata-2.16/module-metadata.bin)
13:10:19.178 [DEBUG] [org.gradle.cache.internal.btree.BTreePersistentIndexedCache] Closing cache module-versions.bin (/Users/lee/Documents/soft/jenkins/workspace/todo-mvp-test/caches/modules-2/metadata-2.16/module-versions.bin)
13:10:19.178 [DEBUG] [org.gradle.cache.internal.DefaultFileLockManager] Releasing lock on artifact cache (/Users/lee/Documents/soft/jenkins/workspace/todo-mvp-test/caches/modules-2).
13:10:19.181 [DEBUG] [org.gradle.api.internal.artifacts.ivyservice.resolveengine.store.CachedStoreFactory] Resolution result cache closed. Cache reads: 0, disk reads: 0 (avg: 0.0 secs, total: 0.0 secs)
13:10:19.181 [DEBUG] [org.gradle.api.internal.artifacts.ivyservice.resolveengine.store.CachedStoreFactory] Resolution result cache closed. Cache reads: 0, disk reads: 16 (avg: 0.001 secs, total: 0.02 secs)
13:10:19.181 [DEBUG] [org.gradle.api.internal.artifacts.ivyservice.resolveengine.store.ResolutionResultsStoreFactory] Deleted 2 resolution results binary files in 0.002 secs
13:10:19.181 [DEBUG] [org.gradle.cache.internal.DefaultCacheAccess] Cache Plugin Resolution Cache (/Users/lee/Documents/soft/jenkins/workspace/todo-mvp-test/caches/2.11/plugin-resolution) was closed 0 times.
13:10:19.182 [DEBUG] [org.gradle.api.internal.tasks.compile.daemon.CompilerDaemonManager] Stopping 0 compiler daemon(s).
13:10:19.182 [INFO] [org.gradle.api.internal.tasks.compile.daemon.CompilerDaemonManager] Stopped 0 compiler daemon(s).
13:10:19.182 [DEBUG] [org.gradle.launcher.daemon.server.exec.ExecuteBuild] The daemon has finished executing the build.
13:10:19.367 [DEBUG] [org.gradle.launcher.daemon.server.DaemonStateCoordinator] Idle timeout: daemon stop has been requested. Sleeping until state changes.
13:10:19.367 [DEBUG] [org.gradle.launcher.daemon.server.DaemonStateCoordinator] Command execution: finished waiting for DaemonCommandExecution[command = BuildAndStop{id=5e3e4d4c-c1b9-493a-a60a-4b3ea39742eb.1, currentDir=/Users/lee/Documents/soft/jenkins/workspace/todo-mvp-test/app}, connection = org.gradle.launcher.daemon.server.DefaultDaemonConnection@1892f53]. Result org.gradle.launcher.daemon.server.DaemonStateCoordinator@33e180f9 with state StopRequested
13:10:19.368 [DEBUG] [org.gradle.launcher.daemon.server.DaemonStateCoordinator] Command execution: completed DaemonCommandExecution[command = BuildAndStop{id=5e3e4d4c-c1b9-493a-a60a-4b3ea39742eb.1, currentDir=/Users/lee/Documents/soft/jenkins/workspace/todo-mvp-test/app}, connection = org.gradle.launcher.daemon.server.DefaultDaemonConnection@1892f53]
13:10:19.368 [DEBUG] [org.gradle.launcher.daemon.server.DaemonStateCoordinator] updating lastActivityAt to 1469164219368
13:10:19.368 [DEBUG] [org.gradle.launcher.daemon.server.DaemonStateCoordinator] Marking daemon stopped due to command completed and stop requested. The daemon is running a build: false
13:10:19.368 [DEBUG] [org.gradle.launcher.daemon.server.DaemonStateCoordinator] Idle timeout: daemon has stopped.
13:10:19.368 [DEBUG] [org.gradle.launcher.daemon.server.Daemon] stop() called on daemon
13:10:19.368 [DEBUG] [org.gradle.launcher.daemon.server.exec.ReturnResult] Daemon is dispatching the build result: Failure[value=org.gradle.initialization.ReportedException: org.gradle.internal.exceptions.LocationAwareException: Task 'jacocoTestReport' not found in project ':app'.]
13:10:19.368 [INFO] [org.gradle.launcher.daemon.server.Daemon] Stop requested. Daemon is removing its presence from the registry...
13:10:19.368 [DEBUG] [org.gradle.launcher.daemon.server.SynchronizedDispatchConnection] thread 14: dispatching class org.gradle.launcher.daemon.protocol.Failure
13:10:19.369 [DEBUG] [org.gradle.launcher.daemon.server.DomainRegistryUpdater] Removing our presence to clients, eg. removing this address from the registry: [bbc54cb4-f56f-4725-959e-8f25d944683e port:50829, addresses:[/0:0:0:0:0:0:0:1, /127.0.0.1]]
13:10:19.369 [DEBUG] [org.gradle.launcher.daemon.registry.PersistentDaemonRegistry] Removing daemon address: [bbc54cb4-f56f-4725-959e-8f25d944683e port:50829, addresses:[/0:0:0:0:0:0:0:1, /127.0.0.1]]
13:10:19.370 [DEBUG] [org.gradle.cache.internal.DefaultFileLockManager] Waiting to acquire exclusive lock on daemon addresses registry.
13:10:19.370 [DEBUG] [org.gradle.cache.internal.DefaultFileLockManager] Lock acquired.
13:10:19.371 [DEBUG] [org.gradle.cache.internal.DefaultFileLockManager] Releasing lock on daemon addresses registry.
13:10:19.372 [DEBUG] [org.gradle.launcher.daemon.server.DomainRegistryUpdater] Address removed from registry.
13:10:19.385 [DEBUG] [org.gradle.launcher.daemon.server.DefaultIncomingConnectionHandler] Finishing executing command: BuildAndStop{id=5e3e4d4c-c1b9-493a-a60a-4b3ea39742eb.1, currentDir=/Users/lee/Documents/soft/jenkins/workspace/todo-mvp-test/app}
13:10:19.408 [DEBUG] [org.gradle.launcher.daemon.server.SynchronizedDispatchConnection] thread 15: received class org.gradle.launcher.daemon.protocol.Finished
13:10:19.408 [DEBUG] [org.gradle.launcher.daemon.server.DefaultDaemonConnection] Received non-IO message from client: org.gradle.launcher.daemon.protocol.Finished@3130f033
13:10:19.408 [DEBUG] [org.gradle.launcher.daemon.server.DefaultIncomingConnectionHandler] Received finished message: org.gradle.launcher.daemon.protocol.Finished@3130f033
13:10:19.408 [DEBUG] [org.gradle.launcher.daemon.server.SynchronizedDispatchConnection] thread 14: stopping connection
13:10:19.410 [DEBUG] [org.gradle.messaging.remote.internal.inet.SocketConnection] Discarding EOFException: java.io.EOFException
13:10:19.410 [DEBUG] [org.gradle.launcher.daemon.server.SynchronizedDispatchConnection] thread 15: received null
13:10:19.410 [DEBUG] [org.gradle.launcher.daemon.server.DefaultDaemonConnection] Received end-of-input from client.
13:10:19.410 [DEBUG] [org.gradle.launcher.daemon.server.SynchronizedDispatchConnection] thread 14: stopping connection
Daemon vm is shutting down... The daemon has exited normally or was terminated in response to a user interrupt.
13:10:19.411 [DEBUG] [org.gradle.launcher.daemon.registry.PersistentDaemonRegistry] Removing daemon address: [bbc54cb4-f56f-4725-959e-8f25d944683e port:50829, addresses:[/0:0:0:0:0:0:0:1, /127.0.0.1]]
13:10:19.412 [DEBUG] [org.gradle.cache.internal.DefaultFileLockManager] Waiting to acquire exclusive lock on daemon addresses registry.
13:10:19.412 [DEBUG] [org.gradle.cache.internal.DefaultFileLockManager] Lock acquired.
13:10:19.413 [DEBUG] [org.gradle.cache.internal.DefaultFileLockManager] Releasing lock on daemon addresses registry.
