20:10:08.593 [INFO] [org.gradle.launcher.daemon.server.Daemon] start() called on daemon - DefaultDaemonContext[uid=2af500b8-ba09-454d-bbc5-9ccf9e42c5ee,javaHome=/Library/Java/JavaVirtualMachines/jdk1.8.0_71.jdk/Contents/Home,daemonRegistryDir=/Users/lee/Documents/soft/jenkins/workspace/todo-mvp-unit-test/daemon,pid=1437,idleTimeout=120000,daemonOpts=-Xmx5120M,-Dfile.encoding=UTF-8,-Duser.country=CN,-Duser.language=zh,-Duser.variant]
20:10:08.596 [DEBUG] [org.gradle.launcher.daemon.server.DaemonStateCoordinator] updating lastActivityAt to 1472386208596
20:10:08.609 [DEBUG] [org.gradle.messaging.remote.internal.inet.InetAddressFactory] Adding IP addresses for network interface awdl0
20:10:08.609 [DEBUG] [org.gradle.messaging.remote.internal.inet.InetAddressFactory] Is this a loopback interface? false
20:10:08.609 [DEBUG] [org.gradle.messaging.remote.internal.inet.InetAddressFactory] Is this a multicast interface? true
20:10:08.610 [DEBUG] [org.gradle.messaging.remote.internal.inet.InetAddressFactory] Adding remote address /fe80:0:0:0:5880:69ff:fe82:7883%awdl0
20:10:08.610 [DEBUG] [org.gradle.messaging.remote.internal.inet.InetAddressFactory] Adding remote multicast interface awdl0
20:10:08.611 [DEBUG] [org.gradle.messaging.remote.internal.inet.InetAddressFactory] Adding IP addresses for network interface vboxnet0
20:10:08.611 [DEBUG] [org.gradle.messaging.remote.internal.inet.InetAddressFactory] Is this a loopback interface? false
20:10:08.612 [DEBUG] [org.gradle.messaging.remote.internal.inet.InetAddressFactory] Is this a multicast interface? true
20:10:08.612 [DEBUG] [org.gradle.messaging.remote.internal.inet.InetAddressFactory] Adding remote address /192.168.56.1
20:10:08.612 [DEBUG] [org.gradle.messaging.remote.internal.inet.InetAddressFactory] Adding remote multicast interface vboxnet0
20:10:08.612 [DEBUG] [org.gradle.messaging.remote.internal.inet.InetAddressFactory] Adding IP addresses for network interface en0
20:10:08.613 [DEBUG] [org.gradle.messaging.remote.internal.inet.InetAddressFactory] Is this a loopback interface? false
20:10:08.613 [DEBUG] [org.gradle.messaging.remote.internal.inet.InetAddressFactory] Is this a multicast interface? true
20:10:08.613 [DEBUG] [org.gradle.messaging.remote.internal.inet.InetAddressFactory] Adding remote address /fe80:0:0:0:a65e:60ff:feed:4cad%en0
20:10:08.614 [DEBUG] [org.gradle.messaging.remote.internal.inet.InetAddressFactory] Adding remote address /192.168.0.7
20:10:08.614 [DEBUG] [org.gradle.messaging.remote.internal.inet.InetAddressFactory] Adding remote multicast interface en0
20:10:08.614 [DEBUG] [org.gradle.messaging.remote.internal.inet.InetAddressFactory] Adding IP addresses for network interface lo0
20:10:08.614 [DEBUG] [org.gradle.messaging.remote.internal.inet.InetAddressFactory] Is this a loopback interface? true
20:10:08.614 [DEBUG] [org.gradle.messaging.remote.internal.inet.InetAddressFactory] Is this a multicast interface? true
20:10:08.615 [DEBUG] [org.gradle.messaging.remote.internal.inet.InetAddressFactory] Ignoring remote address on loopback interface /fe80:0:0:0:0:0:0:1%lo0
20:10:08.615 [DEBUG] [org.gradle.messaging.remote.internal.inet.InetAddressFactory] Adding loopback address /0:0:0:0:0:0:0:1
20:10:08.615 [DEBUG] [org.gradle.messaging.remote.internal.inet.InetAddressFactory] Adding loopback address /127.0.0.1
20:10:08.615 [DEBUG] [org.gradle.messaging.remote.internal.inet.InetAddressFactory] Adding loopback multicast interface lo0
20:10:08.626 [DEBUG] [org.gradle.messaging.remote.internal.inet.TcpIncomingConnector] Listening on [8d9d339c-3e81-48af-b975-4bb727fd2abc port:63427, addresses:[/0:0:0:0:0:0:0:1, /127.0.0.1]].
20:10:08.629 [DEBUG] [org.gradle.launcher.daemon.server.Daemon] Daemon starting at: Sun Aug 28 20:10:08 CST 2016, with address: [8d9d339c-3e81-48af-b975-4bb727fd2abc port:63427, addresses:[/0:0:0:0:0:0:0:1, /127.0.0.1]]
20:10:08.629 [INFO] [org.gradle.launcher.daemon.server.DomainRegistryUpdater] Advertising the daemon address to the clients: [8d9d339c-3e81-48af-b975-4bb727fd2abc port:63427, addresses:[/0:0:0:0:0:0:0:1, /127.0.0.1]]
20:10:08.629 [DEBUG] [org.gradle.launcher.daemon.server.DomainRegistryUpdater] Advertised daemon context: DefaultDaemonContext[uid=2af500b8-ba09-454d-bbc5-9ccf9e42c5ee,javaHome=/Library/Java/JavaVirtualMachines/jdk1.8.0_71.jdk/Contents/Home,daemonRegistryDir=/Users/lee/Documents/soft/jenkins/workspace/todo-mvp-unit-test/daemon,pid=1437,idleTimeout=120000,daemonOpts=-Xmx5120M,-Dfile.encoding=UTF-8,-Duser.country=CN,-Duser.language=zh,-Duser.variant]
20:10:08.630 [DEBUG] [org.gradle.launcher.daemon.registry.PersistentDaemonRegistry] Storing daemon address: [8d9d339c-3e81-48af-b975-4bb727fd2abc port:63427, addresses:[/0:0:0:0:0:0:0:1, /127.0.0.1]], context: DefaultDaemonContext[uid=2af500b8-ba09-454d-bbc5-9ccf9e42c5ee,javaHome=/Library/Java/JavaVirtualMachines/jdk1.8.0_71.jdk/Contents/Home,daemonRegistryDir=/Users/lee/Documents/soft/jenkins/workspace/todo-mvp-unit-test/daemon,pid=1437,idleTimeout=120000,daemonOpts=-Xmx5120M,-Dfile.encoding=UTF-8,-Duser.country=CN,-Duser.language=zh,-Duser.variant]
20:10:08.636 [DEBUG] [org.gradle.cache.internal.DefaultFileLockManager] Waiting to acquire exclusive lock on daemon addresses registry.
20:10:08.637 [DEBUG] [org.gradle.cache.internal.DefaultFileLockManager] Lock acquired.
20:10:08.654 [DEBUG] [org.gradle.cache.internal.DefaultFileLockManager] Releasing lock on daemon addresses registry.
20:10:08.655 [LIFECYCLE] [org.gradle.launcher.daemon.server.Daemon] Daemon server started.
20:10:08.656 [DEBUG] [org.gradle.launcher.daemon.bootstrap.DaemonStartupCommunication] Completed writing the daemon greeting. Closing streams...
20:10:08.657 [DEBUG] [org.gradle.launcher.daemon.server.Daemon] requestStopOnIdleTimeout(120000 MILLISECONDS) called on daemon
20:10:08.657 [DEBUG] [org.gradle.launcher.daemon.server.DaemonStateCoordinator] Idle timeout: waiting for daemon to stop or be idle for 120000ms
20:10:08.658 [DEBUG] [org.gradle.launcher.daemon.server.DaemonStateCoordinator] Daemon is idle, sleeping until state change or idle timeout at Sun Aug 28 20:12:08 CST 2016
20:10:08.705 [DEBUG] [org.gradle.messaging.remote.internal.inet.TcpIncomingConnector] Accepted connection from /0:0:0:0:0:0:0:1:63428 to /0:0:0:0:0:0:0:1:63427.
20:10:08.745 [DEBUG] [org.gradle.launcher.daemon.server.SynchronizedDispatchConnection] thread 15: received class org.gradle.launcher.daemon.protocol.BuildAndStop
20:10:08.746 [DEBUG] [org.gradle.launcher.daemon.server.DefaultDaemonConnection] Received non-IO message from client: BuildAndStop{id=b54f8e6a-40dd-4dcc-82b7-8c7e23241a6e.1, currentDir=/Users/lee/Documents/soft/jenkins/workspace/todo-mvp-unit-test/app}
20:10:08.746 [INFO] [org.gradle.launcher.daemon.server.DefaultIncomingConnectionHandler] Received command: BuildAndStop{id=b54f8e6a-40dd-4dcc-82b7-8c7e23241a6e.1, currentDir=/Users/lee/Documents/soft/jenkins/workspace/todo-mvp-unit-test/app}.
20:10:08.746 [DEBUG] [org.gradle.launcher.daemon.server.DefaultIncomingConnectionHandler] Starting executing command: BuildAndStop{id=b54f8e6a-40dd-4dcc-82b7-8c7e23241a6e.1, currentDir=/Users/lee/Documents/soft/jenkins/workspace/todo-mvp-unit-test/app} with connection: socket connection from /0:0:0:0:0:0:0:1:63427 to /0:0:0:0:0:0:0:1:63428.
20:10:08.752 [DEBUG] [org.gradle.launcher.daemon.server.DaemonStateCoordinator] Command execution: started DaemonCommandExecution[command = BuildAndStop{id=b54f8e6a-40dd-4dcc-82b7-8c7e23241a6e.1, currentDir=/Users/lee/Documents/soft/jenkins/workspace/todo-mvp-unit-test/app}, connection = org.gradle.launcher.daemon.server.DefaultDaemonConnection@576ff500] after 0.0 minutes of idle
20:10:08.753 [INFO] [org.gradle.launcher.daemon.server.DomainRegistryUpdater] Marking the daemon as busy, address: [8d9d339c-3e81-48af-b975-4bb727fd2abc port:63427, addresses:[/0:0:0:0:0:0:0:1, /127.0.0.1]]
20:10:08.754 [DEBUG] [org.gradle.launcher.daemon.registry.PersistentDaemonRegistry] Marking busy by address: [8d9d339c-3e81-48af-b975-4bb727fd2abc port:63427, addresses:[/0:0:0:0:0:0:0:1, /127.0.0.1]]
20:10:08.755 [DEBUG] [org.gradle.cache.internal.DefaultFileLockManager] Waiting to acquire exclusive lock on daemon addresses registry.
20:10:08.755 [DEBUG] [org.gradle.cache.internal.DefaultFileLockManager] Lock acquired.
20:10:08.757 [DEBUG] [org.gradle.cache.internal.DefaultFileLockManager] Releasing lock on daemon addresses registry.
20:10:08.758 [DEBUG] [org.gradle.launcher.daemon.server.DaemonStateCoordinator] updating lastActivityAt to 1472386208758
20:10:08.758 [DEBUG] [org.gradle.launcher.daemon.server.DaemonStateCoordinator] Daemon is busy, sleeping until state changes.
20:10:08.758 [INFO] [org.gradle.launcher.daemon.server.exec.StartBuildOrRespondWithBusy] Daemon is about to start building BuildAndStop{id=b54f8e6a-40dd-4dcc-82b7-8c7e23241a6e.1, currentDir=/Users/lee/Documents/soft/jenkins/workspace/todo-mvp-unit-test/app}. Dispatching build started information...
20:10:08.759 [DEBUG] [org.gradle.launcher.daemon.server.SynchronizedDispatchConnection] thread 17: dispatching class org.gradle.launcher.daemon.protocol.BuildStarted
20:10:08.761 [DEBUG] [org.gradle.launcher.daemon.server.exec.EstablishBuildEnvironment] Configuring env variables: {PATH=/Library/Java/JavaVirtualMachines/jdk1.8.0_71.jdk/Contents/Home/bin:/Library/Java/JavaVirtualMachines/jdk1.8.0_71.jdk/Contents/Home/bin:/usr/local/bin:/usr/bin:/bin:/usr/sbin:/sbin:/Library/Java/JavaVirtualMachines/jdk1.8.0_71.jdk/Contents/Home/bin:/Users/lee/Documents/soft/android-sdk-macosx/build-tools:/Users/lee/Documents/soft/android-sdk-macosx/tools:/Users/lee/Documents/soft/android-sdk-macosx/platform-tools:/usr/local/mysql:/bin:/Users/lee/Documents/soft/gradle-2.11/bin:/Users/lee/Documents/soft/apache-maven-3.3.9/bin:/Users/lee/Documents/soft/oclint-0.10.3/bin:/Users/lee/.rvm/bin, HUDSON_HOME=/Users/lee/Documents/soft/jenkins, JOB_URL=http://localhost:8080/job/todo-mvp-unit-test/, HUDSON_COOKIE=cb35982e-de72-44d0-964c-cb22f8328ca3, ANDROID_HOME=/Users/lee/Documents/soft/android-sdk-macosx, rvm_loaded_flag=1, MAVEN_HOME=/Users/lee/Documents/soft/apache-maven-3.3.9, JENKINS_SERVER_COOKIE=b0cca8869dd4cd49, LOGNAME=lee, rvm_version=1.26.11 (latest), PWD=/Users/lee/Documents/soft/jenkins/workspace/todo-mvp-unit-test/app, TERM_PROGRAM_VERSION=343.7, JENKINS_URL=http://localhost:8080/, rvm_user_install_flag=1, BUILD_TAG=jenkins-todo-mvp-unit-test-7, SHELL=/bin/bash, SECURITYSESSIONID=186a7, OLDPWD=/Users/lee/Documents/soft/gradle-2.11, JENKINS_HOME=/Users/lee/Documents/soft/jenkins, rvm_path=/Users/lee/.rvm, TMPDIR=/var/folders/pg/4jbnwcrn5k7_6dth03nswwp00000gn/T/, NODE_NAME=master, XPC_FLAGS=0x0, BUILD_DISPLAY_NAME=#7, TERM_SESSION_ID=3C6966EA-E928-4094-8F26-6B283C666161, _system_name=OSX, M2_HOME=/Users/lee/Documents/soft/apache-maven-3.3.9, JAVA_MAIN_CLASS_1431=org.gradle.launcher.GradleMain, __CF_USER_TEXT_ENCODING=0x1F5:0x19:0x34, Apple_PubSub_Socket_Render=/private/tmp/com.apple.launchd.0OQpxSPpFG/Render, SHLVL=2, _system_arch=x86_64, rvm_bin_path=/Users/lee/.rvm/bin, JAVA_HOME=/Library/Java/JavaVirtualMachines/jdk1.8.0_71.jdk/Contents/Home, JAVA_MAIN_CLASS_819=org.apache.catalina.startup.Bootstrap, TERM=xterm-256color, BUILD_ID=7, rvm_prefix=/Users/lee, LANG=zh_CN.UTF-8, JOB_NAME=todo-mvp-unit-test, GRADLE_HOME=/Users/lee/Documents/soft/gradle-2.11, GRADLE_USER_HOME=/Users/lee/Documents/soft/jenkins/workspace/todo-mvp-unit-test, NODE_LABELS=master, HUDSON_URL=http://localhost:8080/, WORKSPACE=/Users/lee/Documents/soft/jenkins/workspace/todo-mvp-unit-test, XPC_SERVICE_NAME=0, APP_NAME_1431=Gradle, APP_ICON_1431=/Users/lee/Documents/soft/gradle-2.11/media/gradle.icns, ANDROID_SDK_HOME=/Users/lee/Documents/soft/android-sdk-macosx, TERM_PROGRAM=Apple_Terminal, EXECUTOR_NUMBER=0, _system_type=Darwin, HUDSON_SERVER_COOKIE=b0cca8869dd4cd49, JOB_BASE_NAME=todo-mvp-unit-test, _system_version=10.10, OCLINT_HOME=/Users/lee/Documents/soft/oclint-0.10.3, USER=lee, rvm_stored_umask=0022, SSH_AUTH_SOCK=/private/tmp/com.apple.launchd.BsO0QkSdG8/Listeners, BUILD_NUMBER=7, BUILD_URL=http://localhost:8080/job/todo-mvp-unit-test/7/, HOME=/Users/lee, ANDROID_AVD_HOME=/Users/lee/.android/avd}
20:10:08.766 [DEBUG] [org.gradle.launcher.daemon.server.SynchronizedDispatchConnection] thread 15: received class org.gradle.launcher.daemon.protocol.CloseInput
20:10:08.766 [DEBUG] [org.gradle.launcher.daemon.server.DefaultDaemonConnection] Received IO message from client: org.gradle.launcher.daemon.protocol.CloseInput@7c0c1228
20:10:08.770 [DEBUG] [org.gradle.launcher.daemon.server.exec.LogToClient] About to start relaying all logs to the client via the connection.
20:10:08.770 [INFO] [org.gradle.launcher.daemon.server.exec.LogToClient] The client will now receive all logging from the daemon (pid: 1437). The daemon log file: /Users/lee/Documents/soft/jenkins/workspace/todo-mvp-unit-test/daemon/2.11/daemon-1437.out.log
20:10:08.772 [INFO] [org.gradle.launcher.daemon.server.exec.ForwardClientInput] Closing daemon's stdin at end of input.
20:10:08.772 [INFO] [org.gradle.launcher.daemon.server.exec.ForwardClientInput] The daemon will no longer process any standard input.
20:10:08.773 [DEBUG] [org.gradle.launcher.daemon.server.exec.RequestStopIfSingleUsedDaemon] Requesting daemon stop after processing BuildAndStop{id=b54f8e6a-40dd-4dcc-82b7-8c7e23241a6e.1, currentDir=/Users/lee/Documents/soft/jenkins/workspace/todo-mvp-unit-test/app}
20:10:08.773 [DEBUG] [org.gradle.launcher.daemon.server.DaemonStateCoordinator] Stop as soon as idle requested. The daemon is busy: true
20:10:08.773 [DEBUG] [org.gradle.launcher.daemon.server.DaemonStateCoordinator] Idle timeout: daemon stop has been requested. Sleeping until state changes.
20:10:08.775 [DEBUG] [org.gradle.launcher.daemon.server.exec.ExecuteBuild] The daemon has started executing the build.
20:10:08.775 [INFO] [org.gradle.launcher.daemon.server.exec.ExecuteBuild] Executing build with daemon context: DefaultDaemonContext[uid=2af500b8-ba09-454d-bbc5-9ccf9e42c5ee,javaHome=/Library/Java/JavaVirtualMachines/jdk1.8.0_71.jdk/Contents/Home,daemonRegistryDir=/Users/lee/Documents/soft/jenkins/workspace/todo-mvp-unit-test/daemon,pid=1437,idleTimeout=120000,daemonOpts=-Xmx5120M,-Dfile.encoding=UTF-8,-Duser.country=CN,-Duser.language=zh,-Duser.variant]
Starting Build
Settings evaluated using settings file '/Users/lee/Documents/soft/jenkins/workspace/todo-mvp-unit-test/settings.gradle'.
Projects loaded. Root project using build file '/Users/lee/Documents/soft/jenkins/workspace/todo-mvp-unit-test/build.gradle'.
Included projects: [root project 'todo-mvp-unit-test', project ':app']
Evaluating root project 'todo-mvp-unit-test' using build file '/Users/lee/Documents/soft/jenkins/workspace/todo-mvp-unit-test/build.gradle'.
Evaluating project ':app' using build file '/Users/lee/Documents/soft/jenkins/workspace/todo-mvp-unit-test/app/build.gradle'.
Compiling build file '/Users/lee/Documents/soft/jenkins/workspace/todo-mvp-unit-test/app/build.gradle' using SubsetScriptTransformer.
Compiling build file '/Users/lee/Documents/soft/jenkins/workspace/todo-mvp-unit-test/app/build.gradle' using BuildScriptTransformer.
Creating configuration compile
Creating configuration apk
Creating configuration provided
Creating configuration wearApp
Creating configuration androidTestCompile
Creating configuration androidTestApk
Creating configuration androidTestProvided
Creating configuration androidTestWearApp
Creating configuration testCompile
Creating configuration testApk
Creating configuration testProvided
Creating configuration testWearApp
Creating configuration debugCompile
Creating configuration debugApk
Creating configuration debugProvided
Creating configuration debugWearApp
Creating configuration testDebugCompile
Creating configuration testDebugApk
Creating configuration testDebugProvided
Creating configuration testDebugWearApp
Creating configuration releaseCompile
Creating configuration releaseApk
Creating configuration releaseProvided
Creating configuration releaseWearApp
Creating configuration testReleaseCompile
Creating configuration testReleaseApk
Creating configuration testReleaseProvided
Creating configuration testReleaseWearApp
Creating configuration mockCompile
Creating configuration mockApk
Creating configuration mockProvided
Creating configuration mockWearApp
Creating configuration androidTestMockCompile
Creating configuration androidTestMockApk
Creating configuration androidTestMockProvided
Creating configuration androidTestMockWearApp
Creating configuration testMockCompile
Creating configuration testMockApk
Creating configuration testMockProvided
Creating configuration testMockWearApp
Creating configuration prodCompile
Creating configuration prodApk
Creating configuration prodProvided
Creating configuration prodWearApp
Creating configuration androidTestProdCompile
Creating configuration androidTestProdApk
Creating configuration androidTestProdProvided
Creating configuration androidTestProdWearApp
Creating configuration testProdCompile
Creating configuration testProdApk
Creating configuration testProdProvided
Creating configuration testProdWearApp
The 'sonar-runner' plugin has been deprecated and is scheduled to be removed in Gradle 3.0. please use the official plugin from SonarQube (http://docs.sonarqube.org/display/SONAR/Analyzing+with+Gradle).
Parsing the SDK, no caching allowed
Parsing /Users/lee/Documents/soft/android-sdk-macosx/add-ons/addon-google_apis-google-19/package.xml
Parsing /Users/lee/Documents/soft/android-sdk-macosx/add-ons/addon-google_apis-google-22/package.xml
Parsing /Users/lee/Documents/soft/android-sdk-macosx/add-ons/addon-google_apis-google-23/package.xml
Parsing /Users/lee/Documents/soft/android-sdk-macosx/build-tools/17.0.0/package.xml
Parsing /Users/lee/Documents/soft/android-sdk-macosx/build-tools/19.1.0/package.xml
Parsing /Users/lee/Documents/soft/android-sdk-macosx/build-tools/20.0.0/package.xml
Parsing /Users/lee/Documents/soft/android-sdk-macosx/build-tools/21.1.2/package.xml
Parsing /Users/lee/Documents/soft/android-sdk-macosx/build-tools/22.0.1/package.xml
Parsing /Users/lee/Documents/soft/android-sdk-macosx/build-tools/23.0.1/package.xml
Parsing /Users/lee/Documents/soft/android-sdk-macosx/build-tools/23.0.2/package.xml
Parsing /Users/lee/Documents/soft/android-sdk-macosx/build-tools/23.0.3/package.xml
Parsing /Users/lee/Documents/soft/android-sdk-macosx/docs/package.xml
Parsing /Users/lee/Documents/soft/android-sdk-macosx/extras/android/m2repository/package.xml
Parsing /Users/lee/Documents/soft/android-sdk-macosx/extras/google/auto/package.xml
Parsing /Users/lee/Documents/soft/android-sdk-macosx/extras/google/m2repository/package.xml
Parsing /Users/lee/Documents/soft/android-sdk-macosx/extras/google/simulators/package.xml
Parsing /Users/lee/Documents/soft/android-sdk-macosx/extras/intel/Hardware_Accelerated_Execution_Manager/package.xml
Parsing /Users/lee/Documents/soft/android-sdk-macosx/platform-tools/package.xml
Parsing /Users/lee/Documents/soft/android-sdk-macosx/platforms/android-15/package.xml
Parsing /Users/lee/Documents/soft/android-sdk-macosx/platforms/android-16/package.xml
Parsing /Users/lee/Documents/soft/android-sdk-macosx/platforms/android-17/package.xml
Parsing /Users/lee/Documents/soft/android-sdk-macosx/platforms/android-18/package.xml
Parsing /Users/lee/Documents/soft/android-sdk-macosx/platforms/android-19/package.xml
Parsing /Users/lee/Documents/soft/android-sdk-macosx/platforms/android-20/package.xml
Parsing /Users/lee/Documents/soft/android-sdk-macosx/platforms/android-21/package.xml
Parsing /Users/lee/Documents/soft/android-sdk-macosx/platforms/android-22/package.xml
Parsing /Users/lee/Documents/soft/android-sdk-macosx/platforms/android-23/package.xml
Parsing /Users/lee/Documents/soft/android-sdk-macosx/samples/android-15/package.xml
Parsing /Users/lee/Documents/soft/android-sdk-macosx/samples/android-16/package.xml
Parsing /Users/lee/Documents/soft/android-sdk-macosx/samples/android-17/package.xml
Parsing /Users/lee/Documents/soft/android-sdk-macosx/samples/android-18/package.xml
Parsing /Users/lee/Documents/soft/android-sdk-macosx/samples/android-19/package.xml
Parsing /Users/lee/Documents/soft/android-sdk-macosx/samples/android-21/package.xml
Parsing /Users/lee/Documents/soft/android-sdk-macosx/samples/android-22/package.xml
Parsing /Users/lee/Documents/soft/android-sdk-macosx/samples/android-23/package.xml
Parsing /Users/lee/Documents/soft/android-sdk-macosx/sources/android-15/package.xml
Parsing /Users/lee/Documents/soft/android-sdk-macosx/sources/android-16/package.xml
Parsing /Users/lee/Documents/soft/android-sdk-macosx/sources/android-17/package.xml
Parsing /Users/lee/Documents/soft/android-sdk-macosx/sources/android-18/package.xml
Parsing /Users/lee/Documents/soft/android-sdk-macosx/sources/android-19/package.xml
Parsing /Users/lee/Documents/soft/android-sdk-macosx/sources/android-21/package.xml
Parsing /Users/lee/Documents/soft/android-sdk-macosx/sources/android-22/package.xml
Parsing /Users/lee/Documents/soft/android-sdk-macosx/sources/android-23/package.xml
Parsing /Users/lee/Documents/soft/android-sdk-macosx/system-images/android-18/default/armeabi-v7a/package.xml
Parsing /Users/lee/Documents/soft/android-sdk-macosx/system-images/android-18/default/x86/package.xml
Parsing /Users/lee/Documents/soft/android-sdk-macosx/system-images/android-19/default/x86/package.xml
Parsing /Users/lee/Documents/soft/android-sdk-macosx/system-images/android-22/default/x86/package.xml
Parsing /Users/lee/Documents/soft/android-sdk-macosx/system-images/android-23/android-tv/armeabi-v7a/package.xml
Parsing /Users/lee/Documents/soft/android-sdk-macosx/system-images/android-23/google_apis/x86/package.xml
Parsing /Users/lee/Documents/soft/android-sdk-macosx/tools/package.xml
Creating configuration prodDebugCompile
Creating configuration prodDebugApk
Creating configuration prodDebugProvided
Creating configuration prodDebugWearApp
Creating configuration testProdDebugCompile
Creating configuration testProdDebugApk
Creating configuration testProdDebugProvided
Creating configuration testProdDebugWearApp
Creating configuration prodReleaseCompile
Creating configuration prodReleaseApk
Creating configuration prodReleaseProvided
Creating configuration prodReleaseWearApp
Creating configuration testProdReleaseCompile
Creating configuration testProdReleaseApk
Creating configuration testProdReleaseProvided
Creating configuration testProdReleaseWearApp
Creating configuration mockDebugCompile
Creating configuration mockDebugApk
Creating configuration mockDebugProvided
Creating configuration mockDebugWearApp
Creating configuration testMockDebugCompile
Creating configuration testMockDebugApk
Creating configuration testMockDebugProvided
Creating configuration testMockDebugWearApp
Incremental Java compilation disabled in variant prodDebug as you are using 2 source folders : /Users/lee/Documents/soft/jenkins/workspace/todo-mvp-unit-test/app/src/main/java,/Users/lee/Documents/soft/jenkins/workspace/todo-mvp-unit-test/app/src/prod/java
Not using incremental javac compilation.
Incremental java compilation is an incubating feature.
Removed 'com.google.guava:guava:jar:19.0' from packaging of prodDebugUnitTest: Already in tested package.
Using incremental javac compilation.
Incremental Java compilation disabled in variant prodRelease as you are using 2 source folders : /Users/lee/Documents/soft/jenkins/workspace/todo-mvp-unit-test/app/src/main/java,/Users/lee/Documents/soft/jenkins/workspace/todo-mvp-unit-test/app/src/prod/java
Not using incremental javac compilation.
Removed 'com.google.guava:guava:jar:19.0' from packaging of prodReleaseUnitTest: Already in tested package.
Using incremental javac compilation.
Removed 'com.android.support:support-annotations:jar:23.0.1' from packaging of prodDebugAndroidTest: Already in tested package.
Removed 'com.android.support.test.espresso:espresso-idling-resource:aar:2.2.1' from packaging of prodDebugAndroidTest: Already in tested package.
Removed 'com.android.support:support-v4:aar:23.0.1' from packaging of prodDebugAndroidTest: Already in tested package.
Removed 'com.android.support:recyclerview-v7:aar:23.0.1' from packaging of prodDebugAndroidTest: Already in tested package.
Using incremental javac compilation.
Incremental Java compilation disabled in variant mockDebug as you are using 2 source folders : /Users/lee/Documents/soft/jenkins/workspace/todo-mvp-unit-test/app/src/main/java,/Users/lee/Documents/soft/jenkins/workspace/todo-mvp-unit-test/app/src/mock/java
Not using incremental javac compilation.
Removed 'com.google.guava:guava:jar:19.0' from packaging of mockDebugUnitTest: Already in tested package.
Using incremental javac compilation.
Removed 'com.android.support:support-annotations:jar:23.0.1' from packaging of mockDebugAndroidTest: Already in tested package.
Removed 'com.android.support.test.espresso:espresso-idling-resource:aar:2.2.1' from packaging of mockDebugAndroidTest: Already in tested package.
Removed 'com.android.support:support-v4:aar:23.0.1' from packaging of mockDebugAndroidTest: Already in tested package.
Removed 'com.android.support:recyclerview-v7:aar:23.0.1' from packaging of mockDebugAndroidTest: Already in tested package.
Incremental Java compilation disabled in variant mockDebugAndroidTest as you are using 2 source folders : /Users/lee/Documents/soft/jenkins/workspace/todo-mvp-unit-test/app/src/androidTest/java,/Users/lee/Documents/soft/jenkins/workspace/todo-mvp-unit-test/app/src/androidTestMock/java
Not using incremental javac compilation.
All projects evaluated.
Selected primary task 'build' from project :app
Found locally available resource with matching checksum: [http://repo1.maven.org/maven2/org/jacoco/org.jacoco.agent/0.7.4.201502262128/org.jacoco.agent-0.7.4.201502262128.pom, /Users/lee/Documents/soft/jenkins/workspace/todo-mvp-unit-test/caches/modules-2/files-2.1/org.jacoco/org.jacoco.agent/0.7.4.201502262128/aade4f0e56efabc117db2eae41127c0a6fe637b2/org.jacoco.agent-0.7.4.201502262128.pom]

FAILURE: Build failed with an exception.

* What went wrong:
Could not resolve all dependencies for configuration ':app:androidJacocoAgent'.
> Could not resolve org.jacoco:org.jacoco.agent:0.7.4.201502262128.
  Required by:
      todo-mvp-unit-test:app:unspecified
   > Could not resolve org.jacoco:org.jacoco.agent:0.7.4.201502262128.
      > Could not parse POM http://repo1.maven.org/maven2/org/jacoco/org.jacoco.agent/0.7.4.201502262128/org.jacoco.agent-0.7.4.201502262128.pom
         > Could not resolve org.jacoco:org.jacoco.build:0.7.4.201502262128.
            > Could not resolve org.jacoco:org.jacoco.build:0.7.4.201502262128.
               > Could not get resource 'http://repo1.maven.org/maven2/org/jacoco/org.jacoco.build/0.7.4.201502262128/org.jacoco.build-0.7.4.201502262128.pom'.
                  > Could not HEAD 'http://repo1.maven.org/maven2/org/jacoco/org.jacoco.build/0.7.4.201502262128/org.jacoco.build-0.7.4.201502262128.pom'.
                     > Connection reset

* Try:
Run with --debug option to get more log output.

* Exception is:
org.gradle.api.artifacts.ResolveException: Could not resolve all dependencies for configuration ':app:androidJacocoAgent'.
	at org.gradle.api.internal.artifacts.ivyservice.DefaultLenientConfiguration.rethrowFailure(DefaultLenientConfiguration.java:62)
	at org.gradle.api.internal.artifacts.ivyservice.DefaultResolvedConfiguration.rethrowFailure(DefaultResolvedConfiguration.java:36)
	at org.gradle.api.internal.artifacts.ivyservice.SelfResolvingDependencyConfigurationResolver$FilesAggregatingResolvedConfiguration.rethrowFailure(SelfResolvingDependencyConfigurationResolver.java:112)
	at org.gradle.api.internal.artifacts.ivyservice.ErrorHandlingConfigurationResolver$ErrorHandlingResolvedConfiguration.rethrowFailure(ErrorHandlingConfigurationResolver.java:189)
	at org.gradle.api.internal.artifacts.configurations.DefaultConfiguration$ConfigurationFileCollection.getFiles(DefaultConfiguration.java:663)
	at org.gradle.api.internal.artifacts.configurations.DefaultConfiguration.getFiles(DefaultConfiguration.java:288)
	at org.gradle.api.internal.artifacts.configurations.DefaultConfiguration_Decorated.getFiles(Unknown Source)
	at com.android.build.gradle.internal.transforms.JacocoTransform$1.get(JacocoTransform.java:68)
	at com.android.build.gradle.internal.transforms.JacocoTransform$1.get(JacocoTransform.java:65)
	at com.google.common.base.Suppliers$MemoizingSupplier.get(Suppliers.java:125)
	at com.android.build.gradle.internal.transforms.JacocoTransform.getSecondaryFileInputs(JacocoTransform.java:95)
	at com.android.build.gradle.internal.pipeline.TransformTask.getOtherFileInputs(TransformTask.java:85)
	at com.android.build.gradle.internal.pipeline.TransformTask_Decorated.getOtherFileInputs(Unknown Source)
	at org.gradle.internal.reflect.JavaMethod.invoke(JavaMethod.java:75)
	at org.gradle.api.internal.project.taskfactory.AnnotationProcessingTaskFactory$PropertyInfo$4.create(AnnotationProcessingTaskFactory.java:458)
	at org.gradle.util.SingleMessageLogger.whileDisabled(SingleMessageLogger.java:166)
	at org.gradle.api.internal.project.taskfactory.AnnotationProcessingTaskFactory$PropertyInfo.getValue(AnnotationProcessingTaskFactory.java:456)
	at org.gradle.api.internal.project.taskfactory.AnnotationProcessingTaskFactory$Validator$1.call(AnnotationProcessingTaskFactory.java:263)
	at org.gradle.api.internal.file.collections.BuildDependenciesOnlyFileCollectionResolveContext.add(BuildDependenciesOnlyFileCollectionResolveContext.java:73)
	at org.gradle.api.internal.file.collections.BuildDependenciesOnlyFileCollectionResolveContext.add(BuildDependenciesOnlyFileCollectionResolveContext.java:83)
	at org.gradle.api.internal.file.collections.DefaultConfigurableFileCollection.visitContents(DefaultConfigurableFileCollection.java:91)
	at org.gradle.api.internal.file.CompositeFileCollection.visitDependencies(CompositeFileCollection.java:156)
	at org.gradle.api.internal.file.collections.DefaultConfigurableFileCollection.visitDependencies(DefaultConfigurableFileCollection.java:97)
	at org.gradle.api.internal.tasks.CachingTaskDependencyResolveContext$TaskGraphImpl.getNodeValues(CachingTaskDependencyResolveContext.java:88)
	at org.gradle.internal.graph.CachingDirectedGraphWalker$GraphWithEmpyEdges.getNodeValues(CachingDirectedGraphWalker.java:202)
	at org.gradle.internal.graph.CachingDirectedGraphWalker.doSearch(CachingDirectedGraphWalker.java:112)
	at org.gradle.internal.graph.CachingDirectedGraphWalker.findValues(CachingDirectedGraphWalker.java:64)
	at org.gradle.api.internal.tasks.CachingTaskDependencyResolveContext.doResolve(CachingTaskDependencyResolveContext.java:76)
	at org.gradle.api.internal.tasks.CachingTaskDependencyResolveContext.resolve(CachingTaskDependencyResolveContext.java:65)
	at org.gradle.api.internal.tasks.CachingTaskDependencyResolveContext.getDependencies(CachingTaskDependencyResolveContext.java:55)
	at org.gradle.execution.taskgraph.DefaultTaskExecutionPlan.addToTaskGraph(DefaultTaskExecutionPlan.java:139)
	at org.gradle.execution.taskgraph.DefaultTaskGraphExecuter.addTasks(DefaultTaskGraphExecuter.java:98)
	at org.gradle.execution.TaskNameResolvingBuildConfigurationAction.configure(TaskNameResolvingBuildConfigurationAction.java:47)
	at org.gradle.execution.DefaultBuildConfigurationActionExecuter.configure(DefaultBuildConfigurationActionExecuter.java:48)
	at org.gradle.execution.DefaultBuildConfigurationActionExecuter.access$000(DefaultBuildConfigurationActionExecuter.java:25)
	at org.gradle.execution.DefaultBuildConfigurationActionExecuter$1.proceed(DefaultBuildConfigurationActionExecuter.java:54)
	at org.gradle.execution.DefaultTasksBuildExecutionAction.configure(DefaultTasksBuildExecutionAction.java:44)
	at org.gradle.execution.DefaultBuildConfigurationActionExecuter.configure(DefaultBuildConfigurationActionExecuter.java:48)
	at org.gradle.execution.DefaultBuildConfigurationActionExecuter.access$000(DefaultBuildConfigurationActionExecuter.java:25)
	at org.gradle.execution.DefaultBuildConfigurationActionExecuter$1.proceed(DefaultBuildConfigurationActionExecuter.java:54)
	at org.gradle.execution.ExcludedTaskFilteringBuildConfigurationAction.configure(ExcludedTaskFilteringBuildConfigurationAction.java:47)
	at org.gradle.execution.DefaultBuildConfigurationActionExecuter.configure(DefaultBuildConfigurationActionExecuter.java:48)
	at org.gradle.execution.DefaultBuildConfigurationActionExecuter.select(DefaultBuildConfigurationActionExecuter.java:36)
	at org.gradle.initialization.DefaultGradleLauncher$3.run(DefaultGradleLauncher.java:143)
	at org.gradle.internal.Factories$1.create(Factories.java:22)
	at org.gradle.internal.progress.DefaultBuildOperationExecutor.run(DefaultBuildOperationExecutor.java:90)
	at org.gradle.internal.progress.DefaultBuildOperationExecutor.run(DefaultBuildOperationExecutor.java:52)
	at org.gradle.initialization.DefaultGradleLauncher.doBuildStages(DefaultGradleLauncher.java:140)
	at org.gradle.initialization.DefaultGradleLauncher.access$200(DefaultGradleLauncher.java:32)
	at org.gradle.initialization.DefaultGradleLauncher$1.create(DefaultGradleLauncher.java:99)
	at org.gradle.initialization.DefaultGradleLauncher$1.create(DefaultGradleLauncher.java:93)
	at org.gradle.internal.progress.DefaultBuildOperationExecutor.run(DefaultBuildOperationExecutor.java:90)
	at org.gradle.internal.progress.DefaultBuildOperationExecutor.run(DefaultBuildOperationExecutor.java:62)
	at org.gradle.initialization.DefaultGradleLauncher.doBuild(DefaultGradleLauncher.java:93)
	at org.gradle.initialization.DefaultGradleLauncher.run(DefaultGradleLauncher.java:82)
	at org.gradle.launcher.exec.InProcessBuildActionExecuter$DefaultBuildController.run(InProcessBuildActionExecuter.java:94)
	at org.gradle.tooling.internal.provider.ExecuteBuildActionRunner.run(ExecuteBuildActionRunner.java:28)
	at org.gradle.launcher.exec.ChainingBuildActionRunner.run(ChainingBuildActionRunner.java:35)
	at org.gradle.launcher.exec.InProcessBuildActionExecuter.execute(InProcessBuildActionExecuter.java:43)
	at org.gradle.launcher.exec.InProcessBuildActionExecuter.execute(InProcessBuildActionExecuter.java:28)
	at org.gradle.launcher.exec.ContinuousBuildActionExecuter.execute(ContinuousBuildActionExecuter.java:75)
	at org.gradle.launcher.exec.ContinuousBuildActionExecuter.execute(ContinuousBuildActionExecuter.java:45)
	at org.gradle.launcher.daemon.server.exec.ExecuteBuild.doBuild(ExecuteBuild.java:52)
	at org.gradle.launcher.daemon.server.exec.BuildCommandOnly.execute(BuildCommandOnly.java:36)
	at org.gradle.launcher.daemon.server.api.DaemonCommandExecution.proceed(DaemonCommandExecution.java:120)
	at org.gradle.launcher.daemon.server.exec.WatchForDisconnection.execute(WatchForDisconnection.java:37)
	at org.gradle.launcher.daemon.server.api.DaemonCommandExecution.proceed(DaemonCommandExecution.java:120)
	at org.gradle.launcher.daemon.server.exec.ResetDeprecationLogger.execute(ResetDeprecationLogger.java:26)
	at org.gradle.launcher.daemon.server.api.DaemonCommandExecution.proceed(DaemonCommandExecution.java:120)
	at org.gradle.launcher.daemon.server.exec.RequestStopIfSingleUsedDaemon.execute(RequestStopIfSingleUsedDaemon.java:34)
	at org.gradle.launcher.daemon.server.api.DaemonCommandExecution.proceed(DaemonCommandExecution.java:120)
	at org.gradle.launcher.daemon.server.exec.ForwardClientInput$2.call(ForwardClientInput.java:74)
	at org.gradle.launcher.daemon.server.exec.ForwardClientInput$2.call(ForwardClientInput.java:72)
	at org.gradle.util.Swapper.swap(Swapper.java:38)
	at org.gradle.launcher.daemon.server.exec.ForwardClientInput.execute(ForwardClientInput.java:72)
	at org.gradle.launcher.daemon.server.api.DaemonCommandExecution.proceed(DaemonCommandExecution.java:120)
	at org.gradle.launcher.daemon.server.health.DaemonHealthTracker.execute(DaemonHealthTracker.java:40)
	at org.gradle.launcher.daemon.server.api.DaemonCommandExecution.proceed(DaemonCommandExecution.java:120)
	at org.gradle.launcher.daemon.server.exec.LogToClient.doBuild(LogToClient.java:66)
	at org.gradle.launcher.daemon.server.exec.BuildCommandOnly.execute(BuildCommandOnly.java:36)
	at org.gradle.launcher.daemon.server.api.DaemonCommandExecution.proceed(DaemonCommandExecution.java:120)
	at org.gradle.launcher.daemon.server.exec.EstablishBuildEnvironment.doBuild(EstablishBuildEnvironment.java:72)
	at org.gradle.launcher.daemon.server.exec.BuildCommandOnly.execute(BuildCommandOnly.java:36)
	at org.gradle.launcher.daemon.server.api.DaemonCommandExecution.proceed(DaemonCommandExecution.java:120)
	at org.gradle.launcher.daemon.server.health.HintGCAfterBuild.execute(HintGCAfterBuild.java:41)
	at org.gradle.launcher.daemon.server.api.DaemonCommandExecution.proceed(DaemonCommandExecution.java:120)
	at org.gradle.launcher.daemon.server.exec.StartBuildOrRespondWithBusy$1.run(StartBuildOrRespondWithBusy.java:50)
	at org.gradle.launcher.daemon.server.DaemonStateCoordinator$1.run(DaemonStateCoordinator.java:246)
	at org.gradle.internal.concurrent.ExecutorPolicy$CatchAndRecordFailures.onExecute(ExecutorPolicy.java:54)
	at org.gradle.internal.concurrent.StoppableExecutorImpl$1.run(StoppableExecutorImpl.java:40)
Caused by: org.gradle.internal.resolve.ModuleVersionResolveException: Could not resolve org.jacoco:org.jacoco.agent:0.7.4.201502262128.
Required by:
    todo-mvp-unit-test:app:unspecified
	at org.gradle.api.internal.artifacts.ivyservice.ivyresolve.RepositoryChainComponentMetaDataResolver.resolveModule(RepositoryChainComponentMetaDataResolver.java:83)
	at org.gradle.api.internal.artifacts.ivyservice.ivyresolve.RepositoryChainComponentMetaDataResolver.resolve(RepositoryChainComponentMetaDataResolver.java:59)
	at org.gradle.api.internal.artifacts.ivyservice.resolveengine.ComponentResolversChain$ComponentMetaDataResolverChain.resolve(ComponentResolversChain.java:80)
	at org.gradle.api.internal.artifacts.ivyservice.clientmodule.ClientModuleResolver.resolve(ClientModuleResolver.java:44)
	at org.gradle.api.internal.artifacts.ivyservice.resolveengine.graph.DependencyGraphBuilder$ModuleVersionResolveState.resolve(DependencyGraphBuilder.java:560)
	at org.gradle.api.internal.artifacts.ivyservice.resolveengine.graph.DependencyGraphBuilder$ModuleVersionResolveState.getMetaData(DependencyGraphBuilder.java:570)
	at org.gradle.api.internal.artifacts.ivyservice.resolveengine.graph.DependencyGraphBuilder$DependencyEdge.calculateTargetConfigurations(DependencyGraphBuilder.java:256)
	at org.gradle.api.internal.artifacts.ivyservice.resolveengine.graph.DependencyGraphBuilder$DependencyEdge.attachToTargetConfigurations(DependencyGraphBuilder.java:230)
	at org.gradle.api.internal.artifacts.ivyservice.resolveengine.graph.DependencyGraphBuilder.traverseGraph(DependencyGraphBuilder.java:137)
	at org.gradle.api.internal.artifacts.ivyservice.resolveengine.graph.DependencyGraphBuilder.resolve(DependencyGraphBuilder.java:75)
	at org.gradle.api.internal.artifacts.ivyservice.resolveengine.DefaultArtifactDependencyResolver$1.execute(DefaultArtifactDependencyResolver.java:88)
	at org.gradle.api.internal.artifacts.ivyservice.resolveengine.DefaultArtifactDependencyResolver$1.execute(DefaultArtifactDependencyResolver.java:78)
	at org.gradle.internal.Transformers$4.transform(Transformers.java:137)
	at org.gradle.api.internal.artifacts.ivyservice.DefaultIvyContextManager.withIvy(DefaultIvyContextManager.java:61)
	at org.gradle.api.internal.artifacts.ivyservice.DefaultIvyContextManager.withIvy(DefaultIvyContextManager.java:39)
	at org.gradle.api.internal.artifacts.ivyservice.resolveengine.DefaultArtifactDependencyResolver.resolve(DefaultArtifactDependencyResolver.java:78)
	at org.gradle.api.internal.artifacts.ivyservice.CacheLockingArtifactDependencyResolver$1.run(CacheLockingArtifactDependencyResolver.java:41)
	at org.gradle.internal.Factories$1.create(Factories.java:22)
	at org.gradle.cache.internal.DefaultCacheAccess.useCache(DefaultCacheAccess.java:192)
	at org.gradle.cache.internal.DefaultCacheAccess.useCache(DefaultCacheAccess.java:175)
	at org.gradle.cache.internal.DefaultPersistentDirectoryStore.useCache(DefaultPersistentDirectoryStore.java:106)
	at org.gradle.cache.internal.DefaultCacheFactory$ReferenceTrackingCache.useCache(DefaultCacheFactory.java:187)
	at org.gradle.api.internal.artifacts.ivyservice.DefaultCacheLockingManager.useCache(DefaultCacheLockingManager.java:64)
	at org.gradle.api.internal.artifacts.ivyservice.CacheLockingArtifactDependencyResolver.resolve(CacheLockingArtifactDependencyResolver.java:39)
	at org.gradle.api.internal.artifacts.ivyservice.DefaultConfigurationResolver.resolve(DefaultConfigurationResolver.java:91)
	at org.gradle.api.internal.artifacts.ivyservice.SelfResolvingDependencyConfigurationResolver.resolve(SelfResolvingDependencyConfigurationResolver.java:40)
	at org.gradle.api.internal.artifacts.ivyservice.ShortCircuitEmptyConfigurationResolver.resolve(ShortCircuitEmptyConfigurationResolver.java:52)
	at org.gradle.api.internal.artifacts.ivyservice.ErrorHandlingConfigurationResolver.resolve(ErrorHandlingConfigurationResolver.java:43)
	at org.gradle.api.internal.artifacts.configurations.DefaultConfiguration.resolveGraphIfRequired(DefaultConfiguration.java:367)
	at org.gradle.api.internal.artifacts.configurations.DefaultConfiguration.resolveNow(DefaultConfiguration.java:342)
	at org.gradle.api.internal.artifacts.configurations.DefaultConfiguration.getResolvedConfiguration(DefaultConfiguration.java:335)
	at org.gradle.api.internal.artifacts.configurations.DefaultConfiguration_Decorated.getResolvedConfiguration(Unknown Source)
	at org.gradle.api.internal.artifacts.configurations.DefaultConfiguration$ConfigurationFileCollection.getFiles(DefaultConfiguration.java:661)
	... 85 more
Caused by: org.gradle.internal.resolve.ModuleVersionResolveException: Could not resolve org.jacoco:org.jacoco.agent:0.7.4.201502262128.
	at org.gradle.api.internal.artifacts.ivyservice.ivyresolve.ErrorHandlingModuleComponentRepository$ErrorHandlingModuleComponentRepositoryAccess.resolveComponentMetaData(ErrorHandlingModuleComponentRepository.java:91)
	at org.gradle.api.internal.artifacts.ivyservice.ivyresolve.ComponentMetaDataResolveState.process(ComponentMetaDataResolveState.java:66)
	at org.gradle.api.internal.artifacts.ivyservice.ivyresolve.ComponentMetaDataResolveState.resolve(ComponentMetaDataResolveState.java:58)
	at org.gradle.api.internal.artifacts.ivyservice.ivyresolve.RepositoryChainComponentMetaDataResolver.findBestMatch(RepositoryChainComponentMetaDataResolver.java:116)
	at org.gradle.api.internal.artifacts.ivyservice.ivyresolve.RepositoryChainComponentMetaDataResolver.findBestMatch(RepositoryChainComponentMetaDataResolver.java:99)
	at org.gradle.api.internal.artifacts.ivyservice.ivyresolve.RepositoryChainComponentMetaDataResolver.resolveModule(RepositoryChainComponentMetaDataResolver.java:72)
	... 117 more
Caused by: org.gradle.api.internal.artifacts.ivyservice.ivyresolve.parser.MetaDataParseException: Could not parse POM http://repo1.maven.org/maven2/org/jacoco/org.jacoco.agent/0.7.4.201502262128/org.jacoco.agent-0.7.4.201502262128.pom
	at org.gradle.api.internal.artifacts.ivyservice.ivyresolve.parser.AbstractModuleDescriptorParser.parseDescriptor(AbstractModuleDescriptorParser.java:48)
	at org.gradle.api.internal.artifacts.ivyservice.ivyresolve.parser.AbstractModuleDescriptorParser.parseMetaData(AbstractModuleDescriptorParser.java:39)
	at org.gradle.api.internal.artifacts.repositories.resolver.MavenResolver.parseMetaDataFromResource(MavenResolver.java:199)
	at org.gradle.api.internal.artifacts.repositories.resolver.ExternalResourceResolver.parseMetaDataFromArtifact(ExternalResourceResolver.java:170)
	at org.gradle.api.internal.artifacts.repositories.resolver.ExternalResourceResolver.resolveStaticDependency(ExternalResourceResolver.java:143)
	at org.gradle.api.internal.artifacts.repositories.resolver.MavenResolver.doResolveComponentMetaData(MavenResolver.java:93)
	at org.gradle.api.internal.artifacts.repositories.resolver.ExternalResourceResolver$RemoteRepositoryAccess.resolveComponentMetaData(ExternalResourceResolver.java:409)
	at org.gradle.api.internal.artifacts.ivyservice.ivyresolve.CacheLockReleasingModuleComponentsRepository$LockReleasingRepositoryAccess$2.run(CacheLockReleasingModuleComponentsRepository.java:71)
	at org.gradle.internal.Factories$1.create(Factories.java:22)
	at org.gradle.cache.internal.DefaultCacheAccess.longRunningOperation(DefaultCacheAccess.java:242)
	at org.gradle.cache.internal.DefaultCacheAccess.longRunningOperation(DefaultCacheAccess.java:313)
	at org.gradle.cache.internal.DefaultPersistentDirectoryStore.longRunningOperation(DefaultPersistentDirectoryStore.java:114)
	at org.gradle.cache.internal.DefaultCacheFactory$ReferenceTrackingCache.longRunningOperation(DefaultCacheFactory.java:179)
	at org.gradle.api.internal.artifacts.ivyservice.DefaultCacheLockingManager.longRunningOperation(DefaultCacheLockingManager.java:56)
	at org.gradle.api.internal.artifacts.ivyservice.ivyresolve.CacheLockReleasingModuleComponentsRepository$LockReleasingRepositoryAccess.resolveComponentMetaData(CacheLockReleasingModuleComponentsRepository.java:69)
	at org.gradle.api.internal.artifacts.ivyservice.ivyresolve.CachingModuleComponentRepository$ResolveAndCacheRepositoryAccess.resolveComponentMetaData(CachingModuleComponentRepository.java:297)
	at org.gradle.api.internal.artifacts.ivyservice.ivyresolve.BaseModuleComponentRepositoryAccess.resolveComponentMetaData(BaseModuleComponentRepositoryAccess.java:42)
	at org.gradle.api.internal.artifacts.ivyservice.ivyresolve.memcache.InMemoryCachedModuleComponentRepository$CachedAccess.resolveComponentMetaData(InMemoryCachedModuleComponentRepository.java:75)
	at org.gradle.api.internal.artifacts.ivyservice.ivyresolve.ErrorHandlingModuleComponentRepository$ErrorHandlingModuleComponentRepositoryAccess.resolveComponentMetaData(ErrorHandlingModuleComponentRepository.java:89)
	... 122 more
Caused by: org.gradle.internal.resolve.ModuleVersionResolveException: Could not resolve org.jacoco:org.jacoco.build:0.7.4.201502262128.
	at org.gradle.api.internal.artifacts.ivyservice.ivyresolve.RepositoryChainComponentMetaDataResolver.resolveModule(RepositoryChainComponentMetaDataResolver.java:83)
	at org.gradle.api.internal.artifacts.ivyservice.ivyresolve.RepositoryChainComponentMetaDataResolver.resolve(RepositoryChainComponentMetaDataResolver.java:59)
	at org.gradle.api.internal.artifacts.ivyservice.ivyresolve.ResolveIvyFactory$ParentModuleLookupResolver$2.run(ResolveIvyFactory.java:161)
	at org.gradle.internal.Factories$1.create(Factories.java:22)
	at org.gradle.cache.internal.DefaultCacheAccess.useCache(DefaultCacheAccess.java:192)
	at org.gradle.cache.internal.DefaultCacheAccess.useCache(DefaultCacheAccess.java:175)
	at org.gradle.cache.internal.DefaultPersistentDirectoryStore.useCache(DefaultPersistentDirectoryStore.java:106)
	at org.gradle.cache.internal.DefaultCacheFactory$ReferenceTrackingCache.useCache(DefaultCacheFactory.java:187)
	at org.gradle.api.internal.artifacts.ivyservice.DefaultCacheLockingManager.useCache(DefaultCacheLockingManager.java:64)
	at org.gradle.api.internal.artifacts.ivyservice.ivyresolve.ResolveIvyFactory$ParentModuleLookupResolver.resolve(ResolveIvyFactory.java:159)
	at org.gradle.api.internal.artifacts.repositories.resolver.ExternalResourceResolverDescriptorParseContext.resolveMetaDataArtifactFile(ExternalResourceResolverDescriptorParseContext.java:55)
	at org.gradle.api.internal.artifacts.repositories.resolver.ExternalResourceResolverDescriptorParseContext.getMetaDataArtifact(ExternalResourceResolverDescriptorParseContext.java:47)
	at org.gradle.api.internal.artifacts.ivyservice.ivyresolve.parser.GradlePomModuleDescriptorParser.parseOtherPom(GradlePomModuleDescriptorParser.java:211)
	at org.gradle.api.internal.artifacts.ivyservice.ivyresolve.parser.GradlePomModuleDescriptorParser.doParsePom(GradlePomModuleDescriptorParser.java:87)
	at org.gradle.api.internal.artifacts.ivyservice.ivyresolve.parser.GradlePomModuleDescriptorParser.doParseDescriptor(GradlePomModuleDescriptorParser.java:70)
	at org.gradle.api.internal.artifacts.ivyservice.ivyresolve.parser.GradlePomModuleDescriptorParser.doParseDescriptor(GradlePomModuleDescriptorParser.java:46)
	at org.gradle.api.internal.artifacts.ivyservice.ivyresolve.parser.AbstractModuleDescriptorParser.parseDescriptor(AbstractModuleDescriptorParser.java:44)
	... 140 more
Caused by: org.gradle.internal.resolve.ModuleVersionResolveException: Could not resolve org.jacoco:org.jacoco.build:0.7.4.201502262128.
	at org.gradle.api.internal.artifacts.ivyservice.ivyresolve.ErrorHandlingModuleComponentRepository$ErrorHandlingModuleComponentRepositoryAccess.resolveComponentMetaData(ErrorHandlingModuleComponentRepository.java:91)
	at org.gradle.api.internal.artifacts.ivyservice.ivyresolve.ComponentMetaDataResolveState.process(ComponentMetaDataResolveState.java:66)
	at org.gradle.api.internal.artifacts.ivyservice.ivyresolve.ComponentMetaDataResolveState.resolve(ComponentMetaDataResolveState.java:58)
	at org.gradle.api.internal.artifacts.ivyservice.ivyresolve.RepositoryChainComponentMetaDataResolver.findBestMatch(RepositoryChainComponentMetaDataResolver.java:116)
	at org.gradle.api.internal.artifacts.ivyservice.ivyresolve.RepositoryChainComponentMetaDataResolver.findBestMatch(RepositoryChainComponentMetaDataResolver.java:99)
	at org.gradle.api.internal.artifacts.ivyservice.ivyresolve.RepositoryChainComponentMetaDataResolver.resolveModule(RepositoryChainComponentMetaDataResolver.java:72)
	... 156 more
Caused by: org.gradle.internal.resource.ResourceException: Could not get resource 'http://repo1.maven.org/maven2/org/jacoco/org.jacoco.build/0.7.4.201502262128/org.jacoco.build-0.7.4.201502262128.pom'.
	at org.gradle.internal.resource.ResourceException.failure(ResourceException.java:61)
	at org.gradle.api.internal.artifacts.repositories.resolver.DefaultExternalResourceArtifactResolver.downloadStaticResource(DefaultExternalResourceArtifactResolver.java:99)
	at org.gradle.api.internal.artifacts.repositories.resolver.DefaultExternalResourceArtifactResolver.resolveArtifact(DefaultExternalResourceArtifactResolver.java:58)
	at org.gradle.api.internal.artifacts.repositories.resolver.ExternalResourceResolver.parseMetaDataFromArtifact(ExternalResourceResolver.java:164)
	at org.gradle.api.internal.artifacts.repositories.resolver.ExternalResourceResolver.resolveStaticDependency(ExternalResourceResolver.java:143)
	at org.gradle.api.internal.artifacts.repositories.resolver.MavenResolver.doResolveComponentMetaData(MavenResolver.java:93)
	at org.gradle.api.internal.artifacts.repositories.resolver.ExternalResourceResolver$RemoteRepositoryAccess.resolveComponentMetaData(ExternalResourceResolver.java:409)
	at org.gradle.api.internal.artifacts.ivyservice.ivyresolve.CacheLockReleasingModuleComponentsRepository$LockReleasingRepositoryAccess$2.run(CacheLockReleasingModuleComponentsRepository.java:71)
	at org.gradle.internal.Factories$1.create(Factories.java:22)
	at org.gradle.cache.internal.DefaultCacheAccess.longRunningOperation(DefaultCacheAccess.java:242)
	at org.gradle.cache.internal.DefaultCacheAccess.longRunningOperation(DefaultCacheAccess.java:313)
	at org.gradle.cache.internal.DefaultPersistentDirectoryStore.longRunningOperation(DefaultPersistentDirectoryStore.java:114)
	at org.gradle.cache.internal.DefaultCacheFactory$ReferenceTrackingCache.longRunningOperation(DefaultCacheFactory.java:179)
	at org.gradle.api.internal.artifacts.ivyservice.DefaultCacheLockingManager.longRunningOperation(DefaultCacheLockingManager.java:56)
	at org.gradle.api.internal.artifacts.ivyservice.ivyresolve.CacheLockReleasingModuleComponentsRepository$LockReleasingRepositoryAccess.resolveComponentMetaData(CacheLockReleasingModuleComponentsRepository.java:69)
	at org.gradle.api.internal.artifacts.ivyservice.ivyresolve.CachingModuleComponentRepository$ResolveAndCacheRepositoryAccess.resolveComponentMetaData(CachingModuleComponentRepository.java:297)
	at org.gradle.api.internal.artifacts.ivyservice.ivyresolve.BaseModuleComponentRepositoryAccess.resolveComponentMetaData(BaseModuleComponentRepositoryAccess.java:42)
	at org.gradle.api.internal.artifacts.ivyservice.ivyresolve.memcache.InMemoryCachedModuleComponentRepository$CachedAccess.resolveComponentMetaData(InMemoryCachedModuleComponentRepository.java:75)
	at org.gradle.api.internal.artifacts.ivyservice.ivyresolve.ErrorHandlingModuleComponentRepository$ErrorHandlingModuleComponentRepositoryAccess.resolveComponentMetaData(ErrorHandlingModuleComponentRepository.java:89)
	... 161 more
Caused by: org.gradle.internal.resource.transport.http.HttpRequestException: Could not HEAD 'http://repo1.maven.org/maven2/org/jacoco/org.jacoco.build/0.7.4.201502262128/org.jacoco.build-0.7.4.201502262128.pom'.
	at org.gradle.internal.resource.transport.http.HttpClientHelper.performRequest(HttpClientHelper.java:72)
	at org.gradle.internal.resource.transport.http.HttpClientHelper.performRawHead(HttpClientHelper.java:50)
	at org.gradle.internal.resource.transport.http.HttpClientHelper.performHead(HttpClientHelper.java:54)
	at org.gradle.internal.resource.transport.http.HttpResourceAccessor.getMetaData(HttpResourceAccessor.java:85)
	at org.gradle.internal.resource.transfer.DefaultExternalResourceConnector.getMetaData(DefaultExternalResourceConnector.java:47)
	at org.gradle.internal.resource.transport.DefaultExternalResourceRepository.getResourceMetaData(DefaultExternalResourceRepository.java:68)
	at org.gradle.internal.resource.transfer.DefaultCacheAwareExternalResourceAccessor.getResource(DefaultCacheAwareExternalResourceAccessor.java:84)
	at org.gradle.api.internal.artifacts.repositories.resolver.DefaultExternalResourceArtifactResolver.downloadStaticResource(DefaultExternalResourceArtifactResolver.java:90)
	... 178 more
Caused by: java.net.SocketException: Connection reset
	at org.apache.http.impl.io.SessionInputBufferImpl.streamRead(SessionInputBufferImpl.java:139)
	at org.apache.http.impl.io.SessionInputBufferImpl.fillBuffer(SessionInputBufferImpl.java:155)
	at org.apache.http.impl.io.SessionInputBufferImpl.readLine(SessionInputBufferImpl.java:284)
	at org.apache.http.impl.conn.DefaultHttpResponseParser.parseHead(DefaultHttpResponseParser.java:140)
	at org.apache.http.impl.conn.DefaultHttpResponseParser.parseHead(DefaultHttpResponseParser.java:57)
	at org.apache.http.impl.io.AbstractMessageParser.parse(AbstractMessageParser.java:261)
	at org.apache.http.impl.DefaultBHttpClientConnection.receiveResponseHeader(DefaultBHttpClientConnection.java:165)
	at org.apache.http.impl.conn.CPoolProxy.receiveResponseHeader(CPoolProxy.java:167)
	at org.apache.http.protocol.HttpRequestExecutor.doReceiveResponse(HttpRequestExecutor.java:272)
	at org.apache.http.protocol.HttpRequestExecutor.execute(HttpRequestExecutor.java:124)
	at org.apache.http.impl.execchain.MainClientExec.execute(MainClientExec.java:271)
	at org.apache.http.impl.execchain.ProtocolExec.execute(ProtocolExec.java:184)
	at org.apache.http.impl.execchain.RetryExec.execute(RetryExec.java:88)
	at org.apache.http.impl.execchain.RedirectExec.execute(RedirectExec.java:110)
	at org.apache.http.impl.client.InternalHttpClient.doExecute(InternalHttpClient.java:184)
	at org.apache.http.impl.client.CloseableHttpClient.execute(CloseableHttpClient.java:82)
	at org.gradle.internal.resource.transport.http.HttpClientHelper.performHttpRequest(HttpClientHelper.java:102)
	at org.gradle.internal.resource.transport.http.HttpClientHelper.executeGetOrHead(HttpClientHelper.java:79)
	at org.gradle.internal.resource.transport.http.HttpClientHelper.performRequest(HttpClientHelper.java:70)
	... 185 more


BUILD FAILED

Total time: 8.234 secs
20:10:15.927 [DEBUG] [org.gradle.cache.internal.DefaultFileLockManager] Releasing lock on cp_settings class cache for settings file '/Users/lee/Documents/soft/jenkins/workspace/todo-mvp-unit-test/settings.gradle' (/Users/lee/Documents/soft/jenkins/workspace/todo-mvp-unit-test/caches/2.11/scripts/settings_bb79ubhtg05ptjgo3rcadxpze/cp_settings).
20:10:15.927 [DEBUG] [org.gradle.cache.internal.DefaultFileLockManager] Releasing lock on settings class cache for settings file '/Users/lee/Documents/soft/jenkins/workspace/todo-mvp-unit-test/settings.gradle' (/Users/lee/Documents/soft/jenkins/workspace/todo-mvp-unit-test/caches/2.11/scripts/settings_bb79ubhtg05ptjgo3rcadxpze/settings).
20:10:15.927 [DEBUG] [org.gradle.cache.internal.DefaultFileLockManager] Releasing lock on cp_proj class cache for build file '/Users/lee/Documents/soft/jenkins/workspace/todo-mvp-unit-test/build.gradle' (/Users/lee/Documents/soft/jenkins/workspace/todo-mvp-unit-test/caches/2.11/scripts/build_aucj1haju137emwpfkjo1h74q/cp_proj).
20:10:15.928 [DEBUG] [org.gradle.cache.internal.DefaultFileLockManager] Releasing lock on proj class cache for build file '/Users/lee/Documents/soft/jenkins/workspace/todo-mvp-unit-test/build.gradle' (/Users/lee/Documents/soft/jenkins/workspace/todo-mvp-unit-test/caches/2.11/scripts/build_aucj1haju137emwpfkjo1h74q/proj).
20:10:15.928 [DEBUG] [org.gradle.cache.internal.DefaultFileLockManager] Releasing lock on cp_proj class cache for build file '/Users/lee/Documents/soft/jenkins/workspace/todo-mvp-unit-test/app/build.gradle' (/Users/lee/Documents/soft/jenkins/workspace/todo-mvp-unit-test/caches/2.11/scripts/build_1iz9tm755llg2kb6u36oyecni/cp_proj).
20:10:15.928 [DEBUG] [org.gradle.cache.internal.DefaultFileLockManager] Releasing lock on proj class cache for build file '/Users/lee/Documents/soft/jenkins/workspace/todo-mvp-unit-test/app/build.gradle' (/Users/lee/Documents/soft/jenkins/workspace/todo-mvp-unit-test/caches/2.11/scripts/build_1iz9tm755llg2kb6u36oyecni/proj).
20:10:15.928 [DEBUG] [org.gradle.cache.internal.DefaultFileLockManager] Releasing lock on cp_dsl class cache for script '/Users/lee/Documents/soft/jenkins/workspace/todo-mvp-unit-test/jacoco.gradle' (/Users/lee/Documents/soft/jenkins/workspace/todo-mvp-unit-test/caches/2.11/scripts/jacoco_1iueoqxoyhwdn557zrghd604a/cp_dsl).
20:10:15.928 [DEBUG] [org.gradle.cache.internal.DefaultFileLockManager] Releasing lock on dsl class cache for script '/Users/lee/Documents/soft/jenkins/workspace/todo-mvp-unit-test/jacoco.gradle' (/Users/lee/Documents/soft/jenkins/workspace/todo-mvp-unit-test/caches/2.11/scripts/jacoco_1iueoqxoyhwdn557zrghd604a/dsl).
20:10:15.932 [DEBUG] [org.gradle.api.internal.artifacts.ivyservice.ivyresolve.memcache.InMemoryCachedRepositoryFactory] In-memory dependency metadata cache closed. Repos cached: 54, cache instances: 6, modules served from cache: 451, artifacts: 147
20:10:15.933 [DEBUG] [org.gradle.cache.internal.btree.BTreePersistentIndexedCache] Closing cache module-metadata.bin (/Users/lee/Documents/soft/jenkins/workspace/todo-mvp-unit-test/caches/modules-2/metadata-2.16/module-metadata.bin)
20:10:15.933 [DEBUG] [org.gradle.cache.internal.btree.BTreePersistentIndexedCache] Closing cache artifact-at-repository.bin (/Users/lee/Documents/soft/jenkins/workspace/todo-mvp-unit-test/caches/modules-2/metadata-2.16/artifact-at-repository.bin)
20:10:15.933 [DEBUG] [org.gradle.cache.internal.btree.BTreePersistentIndexedCache] Closing cache artifact-at-url.bin (/Users/lee/Documents/soft/jenkins/workspace/todo-mvp-unit-test/caches/modules-2/metadata-2.16/artifact-at-url.bin)
20:10:15.933 [DEBUG] [org.gradle.cache.internal.btree.BTreePersistentIndexedCache] Closing cache module-versions.bin (/Users/lee/Documents/soft/jenkins/workspace/todo-mvp-unit-test/caches/modules-2/metadata-2.16/module-versions.bin)
20:10:15.933 [DEBUG] [org.gradle.cache.internal.DefaultFileLockManager] Releasing lock on artifact cache (/Users/lee/Documents/soft/jenkins/workspace/todo-mvp-unit-test/caches/modules-2).
20:10:15.934 [DEBUG] [org.gradle.api.internal.artifacts.ivyservice.resolveengine.store.CachedStoreFactory] Resolution result cache closed. Cache reads: 0, disk reads: 0 (avg: 0.0 secs, total: 0.0 secs)
20:10:15.934 [DEBUG] [org.gradle.api.internal.artifacts.ivyservice.resolveengine.store.CachedStoreFactory] Resolution result cache closed. Cache reads: 0, disk reads: 16 (avg: 0.002 secs, total: 0.042 secs)
20:10:15.934 [DEBUG] [org.gradle.api.internal.artifacts.ivyservice.resolveengine.store.ResolutionResultsStoreFactory] Deleted 2 resolution results binary files in 0.0 secs
20:10:15.935 [DEBUG] [org.gradle.cache.internal.DefaultCacheAccess] Cache Plugin Resolution Cache (/Users/lee/Documents/soft/jenkins/workspace/todo-mvp-unit-test/caches/2.11/plugin-resolution) was closed 0 times.
20:10:15.935 [DEBUG] [org.gradle.api.internal.tasks.compile.daemon.CompilerDaemonManager] Stopping 0 compiler daemon(s).
20:10:15.935 [INFO] [org.gradle.api.internal.tasks.compile.daemon.CompilerDaemonManager] Stopped 0 compiler daemon(s).
20:10:15.935 [DEBUG] [org.gradle.launcher.daemon.server.exec.ExecuteBuild] The daemon has finished executing the build.
20:10:16.115 [DEBUG] [org.gradle.launcher.daemon.server.DaemonStateCoordinator] Idle timeout: daemon stop has been requested. Sleeping until state changes.
20:10:16.115 [DEBUG] [org.gradle.launcher.daemon.server.DaemonStateCoordinator] Command execution: finished waiting for DaemonCommandExecution[command = BuildAndStop{id=b54f8e6a-40dd-4dcc-82b7-8c7e23241a6e.1, currentDir=/Users/lee/Documents/soft/jenkins/workspace/todo-mvp-unit-test/app}, connection = org.gradle.launcher.daemon.server.DefaultDaemonConnection@576ff500]. Result org.gradle.launcher.daemon.server.DaemonStateCoordinator@3fac32c7 with state StopRequested
20:10:16.116 [DEBUG] [org.gradle.launcher.daemon.server.DaemonStateCoordinator] Command execution: completed DaemonCommandExecution[command = BuildAndStop{id=b54f8e6a-40dd-4dcc-82b7-8c7e23241a6e.1, currentDir=/Users/lee/Documents/soft/jenkins/workspace/todo-mvp-unit-test/app}, connection = org.gradle.launcher.daemon.server.DefaultDaemonConnection@576ff500]
20:10:16.117 [DEBUG] [org.apache.http.impl.conn.PoolingHttpClientConnectionManager] Connection manager is shutting down
20:10:16.117 [DEBUG] [org.gradle.launcher.daemon.server.DaemonStateCoordinator] updating lastActivityAt to 1472386216117
20:10:16.117 [DEBUG] [org.apache.http.impl.conn.PoolingHttpClientConnectionManager] Connection manager shut down
20:10:16.117 [DEBUG] [org.gradle.launcher.daemon.server.DaemonStateCoordinator] Marking daemon stopped due to command completed and stop requested. The daemon is running a build: false
20:10:16.118 [DEBUG] [org.gradle.launcher.daemon.server.DaemonStateCoordinator] Idle timeout: daemon has stopped.
20:10:16.118 [DEBUG] [org.gradle.launcher.daemon.server.Daemon] stop() called on daemon
20:10:16.118 [DEBUG] [org.gradle.launcher.daemon.server.exec.ReturnResult] Daemon is dispatching the build result: Failure[value=org.gradle.initialization.ReportedException: org.gradle.internal.exceptions.LocationAwareException: Could not resolve all dependencies for configuration ':app:androidJacocoAgent'.]
20:10:16.118 [INFO] [org.gradle.launcher.daemon.server.Daemon] Stop requested. Daemon is removing its presence from the registry...
20:10:16.119 [DEBUG] [org.gradle.launcher.daemon.server.SynchronizedDispatchConnection] thread 14: dispatching class org.gradle.launcher.daemon.protocol.Failure
20:10:16.119 [DEBUG] [org.gradle.launcher.daemon.server.DomainRegistryUpdater] Removing our presence to clients, eg. removing this address from the registry: [8d9d339c-3e81-48af-b975-4bb727fd2abc port:63427, addresses:[/0:0:0:0:0:0:0:1, /127.0.0.1]]
20:10:16.120 [DEBUG] [org.gradle.launcher.daemon.registry.PersistentDaemonRegistry] Removing daemon address: [8d9d339c-3e81-48af-b975-4bb727fd2abc port:63427, addresses:[/0:0:0:0:0:0:0:1, /127.0.0.1]]
20:10:16.120 [DEBUG] [org.gradle.cache.internal.DefaultFileLockManager] Waiting to acquire exclusive lock on daemon addresses registry.
20:10:16.121 [DEBUG] [org.gradle.cache.internal.DefaultFileLockManager] Lock acquired.
20:10:16.125 [DEBUG] [org.gradle.cache.internal.DefaultFileLockManager] Releasing lock on daemon addresses registry.
20:10:16.126 [DEBUG] [org.gradle.launcher.daemon.server.DomainRegistryUpdater] Address removed from registry.
20:10:16.184 [DEBUG] [org.gradle.launcher.daemon.server.DefaultIncomingConnectionHandler] Finishing executing command: BuildAndStop{id=b54f8e6a-40dd-4dcc-82b7-8c7e23241a6e.1, currentDir=/Users/lee/Documents/soft/jenkins/workspace/todo-mvp-unit-test/app}
20:10:16.242 [DEBUG] [org.gradle.launcher.daemon.server.SynchronizedDispatchConnection] thread 15: received class org.gradle.launcher.daemon.protocol.Finished
20:10:16.243 [DEBUG] [org.gradle.launcher.daemon.server.DefaultDaemonConnection] Received non-IO message from client: org.gradle.launcher.daemon.protocol.Finished@d5fdfbf
20:10:16.243 [DEBUG] [org.gradle.launcher.daemon.server.DefaultIncomingConnectionHandler] Received finished message: org.gradle.launcher.daemon.protocol.Finished@d5fdfbf
20:10:16.243 [DEBUG] [org.gradle.launcher.daemon.server.SynchronizedDispatchConnection] thread 14: stopping connection
20:10:16.244 [DEBUG] [org.gradle.messaging.remote.internal.inet.SocketConnection] Discarding EOFException: java.io.EOFException
20:10:16.245 [DEBUG] [org.gradle.launcher.daemon.server.SynchronizedDispatchConnection] thread 15: received null
20:10:16.245 [DEBUG] [org.gradle.launcher.daemon.server.DefaultDaemonConnection] Received end-of-input from client.
20:10:16.246 [DEBUG] [org.gradle.launcher.daemon.server.SynchronizedDispatchConnection] thread 14: stopping connection
20:10:16.247 [DEBUG] [org.gradle.launcher.daemon.registry.PersistentDaemonRegistry] Removing daemon address: [8d9d339c-3e81-48af-b975-4bb727fd2abc port:63427, addresses:[/0:0:0:0:0:0:0:1, /127.0.0.1]]
20:10:16.247 [DEBUG] [org.gradle.cache.internal.DefaultFileLockManager] Waiting to acquire exclusive lock on daemon addresses registry.
20:10:16.247 [DEBUG] [org.gradle.cache.internal.DefaultFileLockManager] Lock acquired.
Daemon vm is shutting down... The daemon has exited normally or was terminated in response to a user interrupt.
20:10:16.248 [DEBUG] [org.gradle.cache.internal.DefaultFileLockManager] Releasing lock on daemon addresses registry.
