12:49:35.602 [INFO] [org.gradle.launcher.daemon.server.Daemon] start() called on daemon - DefaultDaemonContext[uid=a4cbd747-0257-4b22-98c9-abafc73eb974,javaHome=/Library/Java/JavaVirtualMachines/jdk1.8.0_71.jdk/Contents/Home,daemonRegistryDir=/Users/lee/Documents/soft/jenkins/workspace/todo-mvp-test/daemon,pid=2475,idleTimeout=120000,daemonOpts=-Xmx5120M,-Dfile.encoding=UTF-8,-Duser.country=CN,-Duser.language=zh,-Duser.variant]
12:49:35.605 [DEBUG] [org.gradle.launcher.daemon.server.DaemonStateCoordinator] updating lastActivityAt to 1469162975605
12:49:35.616 [DEBUG] [org.gradle.messaging.remote.internal.inet.InetAddressFactory] Adding IP addresses for network interface awdl0
12:49:35.616 [DEBUG] [org.gradle.messaging.remote.internal.inet.InetAddressFactory] Is this a loopback interface? false
12:49:35.617 [DEBUG] [org.gradle.messaging.remote.internal.inet.InetAddressFactory] Is this a multicast interface? true
12:49:35.617 [DEBUG] [org.gradle.messaging.remote.internal.inet.InetAddressFactory] Adding remote address /fe80:0:0:0:f47b:48ff:fe6d:b0b5%awdl0
12:49:35.617 [DEBUG] [org.gradle.messaging.remote.internal.inet.InetAddressFactory] Adding remote multicast interface awdl0
12:49:35.618 [DEBUG] [org.gradle.messaging.remote.internal.inet.InetAddressFactory] Adding IP addresses for network interface vboxnet0
12:49:35.618 [DEBUG] [org.gradle.messaging.remote.internal.inet.InetAddressFactory] Is this a loopback interface? false
12:49:35.619 [DEBUG] [org.gradle.messaging.remote.internal.inet.InetAddressFactory] Is this a multicast interface? true
12:49:35.619 [DEBUG] [org.gradle.messaging.remote.internal.inet.InetAddressFactory] Adding remote address /192.168.56.1
12:49:35.619 [DEBUG] [org.gradle.messaging.remote.internal.inet.InetAddressFactory] Adding remote multicast interface vboxnet0
12:49:35.619 [DEBUG] [org.gradle.messaging.remote.internal.inet.InetAddressFactory] Adding IP addresses for network interface en0
12:49:35.620 [DEBUG] [org.gradle.messaging.remote.internal.inet.InetAddressFactory] Is this a loopback interface? false
12:49:35.620 [DEBUG] [org.gradle.messaging.remote.internal.inet.InetAddressFactory] Is this a multicast interface? true
12:49:35.620 [DEBUG] [org.gradle.messaging.remote.internal.inet.InetAddressFactory] Adding remote address /fe80:0:0:0:a65e:60ff:feed:4cad%en0
12:49:35.620 [DEBUG] [org.gradle.messaging.remote.internal.inet.InetAddressFactory] Adding remote address /10.249.213.135
12:49:35.621 [DEBUG] [org.gradle.messaging.remote.internal.inet.InetAddressFactory] Adding remote multicast interface en0
12:49:35.621 [DEBUG] [org.gradle.messaging.remote.internal.inet.InetAddressFactory] Adding IP addresses for network interface lo0
12:49:35.621 [DEBUG] [org.gradle.messaging.remote.internal.inet.InetAddressFactory] Is this a loopback interface? true
12:49:35.621 [DEBUG] [org.gradle.messaging.remote.internal.inet.InetAddressFactory] Is this a multicast interface? true
12:49:35.622 [DEBUG] [org.gradle.messaging.remote.internal.inet.InetAddressFactory] Ignoring remote address on loopback interface /fe80:0:0:0:0:0:0:1%lo0
12:49:35.622 [DEBUG] [org.gradle.messaging.remote.internal.inet.InetAddressFactory] Adding loopback address /0:0:0:0:0:0:0:1
12:49:35.622 [DEBUG] [org.gradle.messaging.remote.internal.inet.InetAddressFactory] Adding loopback address /127.0.0.1
12:49:35.622 [DEBUG] [org.gradle.messaging.remote.internal.inet.InetAddressFactory] Adding loopback multicast interface lo0
12:49:35.633 [DEBUG] [org.gradle.messaging.remote.internal.inet.TcpIncomingConnector] Listening on [1d8c6d61-4f3f-4b07-851d-2096e55ddcc9 port:50535, addresses:[/0:0:0:0:0:0:0:1, /127.0.0.1]].
12:49:35.635 [DEBUG] [org.gradle.launcher.daemon.server.Daemon] Daemon starting at: Fri Jul 22 12:49:35 CST 2016, with address: [1d8c6d61-4f3f-4b07-851d-2096e55ddcc9 port:50535, addresses:[/0:0:0:0:0:0:0:1, /127.0.0.1]]
12:49:35.636 [INFO] [org.gradle.launcher.daemon.server.DomainRegistryUpdater] Advertising the daemon address to the clients: [1d8c6d61-4f3f-4b07-851d-2096e55ddcc9 port:50535, addresses:[/0:0:0:0:0:0:0:1, /127.0.0.1]]
12:49:35.636 [DEBUG] [org.gradle.launcher.daemon.server.DomainRegistryUpdater] Advertised daemon context: DefaultDaemonContext[uid=a4cbd747-0257-4b22-98c9-abafc73eb974,javaHome=/Library/Java/JavaVirtualMachines/jdk1.8.0_71.jdk/Contents/Home,daemonRegistryDir=/Users/lee/Documents/soft/jenkins/workspace/todo-mvp-test/daemon,pid=2475,idleTimeout=120000,daemonOpts=-Xmx5120M,-Dfile.encoding=UTF-8,-Duser.country=CN,-Duser.language=zh,-Duser.variant]
12:49:35.636 [DEBUG] [org.gradle.launcher.daemon.registry.PersistentDaemonRegistry] Storing daemon address: [1d8c6d61-4f3f-4b07-851d-2096e55ddcc9 port:50535, addresses:[/0:0:0:0:0:0:0:1, /127.0.0.1]], context: DefaultDaemonContext[uid=a4cbd747-0257-4b22-98c9-abafc73eb974,javaHome=/Library/Java/JavaVirtualMachines/jdk1.8.0_71.jdk/Contents/Home,daemonRegistryDir=/Users/lee/Documents/soft/jenkins/workspace/todo-mvp-test/daemon,pid=2475,idleTimeout=120000,daemonOpts=-Xmx5120M,-Dfile.encoding=UTF-8,-Duser.country=CN,-Duser.language=zh,-Duser.variant]
12:49:35.644 [DEBUG] [org.gradle.cache.internal.DefaultFileLockManager] Waiting to acquire exclusive lock on daemon addresses registry.
12:49:35.645 [DEBUG] [org.gradle.cache.internal.DefaultFileLockManager] Lock acquired.
12:49:35.663 [DEBUG] [org.gradle.cache.internal.DefaultFileLockManager] Releasing lock on daemon addresses registry.
12:49:35.663 [LIFECYCLE] [org.gradle.launcher.daemon.server.Daemon] Daemon server started.
12:49:35.664 [DEBUG] [org.gradle.launcher.daemon.bootstrap.DaemonStartupCommunication] Completed writing the daemon greeting. Closing streams...
12:49:35.665 [DEBUG] [org.gradle.launcher.daemon.server.Daemon] requestStopOnIdleTimeout(120000 MILLISECONDS) called on daemon
12:49:35.665 [DEBUG] [org.gradle.launcher.daemon.server.DaemonStateCoordinator] Idle timeout: waiting for daemon to stop or be idle for 120000ms
12:49:35.665 [DEBUG] [org.gradle.launcher.daemon.server.DaemonStateCoordinator] Daemon is idle, sleeping until state change or idle timeout at Fri Jul 22 12:51:35 CST 2016
12:49:35.708 [DEBUG] [org.gradle.messaging.remote.internal.inet.TcpIncomingConnector] Accepted connection from /0:0:0:0:0:0:0:1:50536 to /0:0:0:0:0:0:0:1:50535.
12:49:35.751 [DEBUG] [org.gradle.launcher.daemon.server.SynchronizedDispatchConnection] thread 15: received class org.gradle.launcher.daemon.protocol.BuildAndStop
12:49:35.751 [DEBUG] [org.gradle.launcher.daemon.server.DefaultDaemonConnection] Received non-IO message from client: BuildAndStop{id=bd9956a3-2b16-446e-9e12-f6f52a4a519e.1, currentDir=/Users/lee/Documents/soft/jenkins/workspace/todo-mvp-test/app}
12:49:35.752 [INFO] [org.gradle.launcher.daemon.server.DefaultIncomingConnectionHandler] Received command: BuildAndStop{id=bd9956a3-2b16-446e-9e12-f6f52a4a519e.1, currentDir=/Users/lee/Documents/soft/jenkins/workspace/todo-mvp-test/app}.
12:49:35.753 [DEBUG] [org.gradle.launcher.daemon.server.DefaultIncomingConnectionHandler] Starting executing command: BuildAndStop{id=bd9956a3-2b16-446e-9e12-f6f52a4a519e.1, currentDir=/Users/lee/Documents/soft/jenkins/workspace/todo-mvp-test/app} with connection: socket connection from /0:0:0:0:0:0:0:1:50535 to /0:0:0:0:0:0:0:1:50536.
12:49:35.759 [DEBUG] [org.gradle.launcher.daemon.server.DaemonStateCoordinator] Command execution: started DaemonCommandExecution[command = BuildAndStop{id=bd9956a3-2b16-446e-9e12-f6f52a4a519e.1, currentDir=/Users/lee/Documents/soft/jenkins/workspace/todo-mvp-test/app}, connection = org.gradle.launcher.daemon.server.DefaultDaemonConnection@69520f1b] after 0.0 minutes of idle
12:49:35.760 [INFO] [org.gradle.launcher.daemon.server.DomainRegistryUpdater] Marking the daemon as busy, address: [1d8c6d61-4f3f-4b07-851d-2096e55ddcc9 port:50535, addresses:[/0:0:0:0:0:0:0:1, /127.0.0.1]]
12:49:35.762 [DEBUG] [org.gradle.launcher.daemon.registry.PersistentDaemonRegistry] Marking busy by address: [1d8c6d61-4f3f-4b07-851d-2096e55ddcc9 port:50535, addresses:[/0:0:0:0:0:0:0:1, /127.0.0.1]]
12:49:35.762 [DEBUG] [org.gradle.cache.internal.DefaultFileLockManager] Waiting to acquire exclusive lock on daemon addresses registry.
12:49:35.762 [DEBUG] [org.gradle.cache.internal.DefaultFileLockManager] Lock acquired.
12:49:35.764 [DEBUG] [org.gradle.cache.internal.DefaultFileLockManager] Releasing lock on daemon addresses registry.
12:49:35.765 [DEBUG] [org.gradle.launcher.daemon.server.DaemonStateCoordinator] updating lastActivityAt to 1469162975765
12:49:35.765 [DEBUG] [org.gradle.launcher.daemon.server.DaemonStateCoordinator] Daemon is busy, sleeping until state changes.
12:49:35.765 [INFO] [org.gradle.launcher.daemon.server.exec.StartBuildOrRespondWithBusy] Daemon is about to start building BuildAndStop{id=bd9956a3-2b16-446e-9e12-f6f52a4a519e.1, currentDir=/Users/lee/Documents/soft/jenkins/workspace/todo-mvp-test/app}. Dispatching build started information...
12:49:35.766 [DEBUG] [org.gradle.launcher.daemon.server.SynchronizedDispatchConnection] thread 17: dispatching class org.gradle.launcher.daemon.protocol.BuildStarted
12:49:35.769 [DEBUG] [org.gradle.launcher.daemon.server.exec.EstablishBuildEnvironment] Configuring env variables: {PATH=/Library/Java/JavaVirtualMachines/jdk1.8.0_71.jdk/Contents/Home/bin:/Library/Java/JavaVirtualMachines/jdk1.8.0_71.jdk/Contents/Home/bin:/usr/local/bin:/usr/bin:/bin:/usr/sbin:/sbin:/Library/Java/JavaVirtualMachines/jdk1.8.0_71.jdk/Contents/Home/bin:/Users/lee/Documents/soft/android-sdk-macosx/build-tools:/Users/lee/Documents/soft/android-sdk-macosx/tools:/Users/lee/Documents/soft/android-sdk-macosx/platform-tools:/usr/local/mysql/bin:/Users/lee/Documents/soft/gradle-2.11/bin:/Users/lee/Documents/soft/apache-maven-3.3.9/bin:/Users/lee/.rvm/bin, HUDSON_HOME=/Users/lee/Documents/soft/jenkins, JOB_URL=http://localhost:8080/job/todo-mvp-test/, HUDSON_COOKIE=c276a2ec-71b2-48c7-bddb-85a558409cbe, ANDROID_HOME=/Users/lee/Documents/soft/android-sdk-macosx, rvm_loaded_flag=1, MAVEN_HOME=/Users/lee/Documents/soft/apache-maven-3.3.9, JENKINS_SERVER_COOKIE=b0cca8869dd4cd49, LOGNAME=lee, rvm_version=1.26.11 (latest), PWD=/Users/lee/Documents/soft/jenkins/workspace/todo-mvp-test/app, TERM_PROGRAM_VERSION=343.7, JENKINS_URL=http://localhost:8080/, APP_ICON_2469=/Users/lee/Documents/soft/gradle-2.11/media/gradle.icns, rvm_user_install_flag=1, BUILD_TAG=jenkins-todo-mvp-test-72, SHELL=/bin/bash, SECURITYSESSIONID=186a6, OLDPWD=/Users/lee/Documents/soft/gradle-2.11, APP_NAME_2469=Gradle, JENKINS_HOME=/Users/lee/Documents/soft/jenkins, rvm_path=/Users/lee/.rvm, TMPDIR=/var/folders/pg/4jbnwcrn5k7_6dth03nswwp00000gn/T/, NODE_NAME=master, XPC_FLAGS=0x0, BUILD_DISPLAY_NAME=#72, TERM_SESSION_ID=2D19857D-96C6-4FE4-97D6-1CB1274AF5C1, _system_name=OSX, M2_HOME=/Users/lee/Documents/soft/apache-maven-3.3.9, __CF_USER_TEXT_ENCODING=0x1F5:0x19:0x34, Apple_PubSub_Socket_Render=/private/tmp/com.apple.launchd.2crlCk3UBR/Render, SHLVL=2, _system_arch=x86_64, rvm_bin_path=/Users/lee/.rvm/bin, JAVA_HOME=/Library/Java/JavaVirtualMachines/jdk1.8.0_71.jdk/Contents/Home, TERM=xterm-256color, BUILD_ID=72, rvm_prefix=/Users/lee, LANG=zh_CN.UTF-8, JOB_NAME=todo-mvp-test, GRADLE_HOME=/Users/lee/Documents/soft/gradle-2.11, GRADLE_USER_HOME=/Users/lee/Documents/soft/jenkins/workspace/todo-mvp-test, NODE_LABELS=master, HUDSON_URL=http://localhost:8080/, JAVA_MAIN_CLASS_894=org.apache.catalina.startup.Bootstrap, WORKSPACE=/Users/lee/Documents/soft/jenkins/workspace/todo-mvp-test, XPC_SERVICE_NAME=0, ANDROID_SDK_HOME=/Users/lee/Documents/soft/android-sdk-macosx, TERM_PROGRAM=Apple_Terminal, EXECUTOR_NUMBER=0, _system_type=Darwin, HUDSON_SERVER_COOKIE=b0cca8869dd4cd49, JOB_BASE_NAME=todo-mvp-test, _system_version=10.10, USER=lee, rvm_stored_umask=0022, SSH_AUTH_SOCK=/private/tmp/com.apple.launchd.iXVrqwnfAm/Listeners, BUILD_NUMBER=72, BUILD_URL=http://localhost:8080/job/todo-mvp-test/72/, JAVA_MAIN_CLASS_2469=org.gradle.launcher.GradleMain, HOME=/Users/lee, ANDROID_AVD_HOME=/Users/lee/.android/avd}
12:49:35.774 [DEBUG] [org.gradle.launcher.daemon.server.SynchronizedDispatchConnection] thread 15: received class org.gradle.launcher.daemon.protocol.CloseInput
12:49:35.774 [DEBUG] [org.gradle.launcher.daemon.server.DefaultDaemonConnection] Received IO message from client: org.gradle.launcher.daemon.protocol.CloseInput@30b055ef
12:49:35.777 [DEBUG] [org.gradle.launcher.daemon.server.exec.LogToClient] About to start relaying all logs to the client via the connection.
12:49:35.778 [INFO] [org.gradle.launcher.daemon.server.exec.LogToClient] The client will now receive all logging from the daemon (pid: 2475). The daemon log file: /Users/lee/Documents/soft/jenkins/workspace/todo-mvp-test/daemon/2.11/daemon-2475.out.log
12:49:35.779 [INFO] [org.gradle.launcher.daemon.server.exec.ForwardClientInput] Closing daemon's stdin at end of input.
12:49:35.780 [INFO] [org.gradle.launcher.daemon.server.exec.ForwardClientInput] The daemon will no longer process any standard input.
12:49:35.780 [DEBUG] [org.gradle.launcher.daemon.server.exec.RequestStopIfSingleUsedDaemon] Requesting daemon stop after processing BuildAndStop{id=bd9956a3-2b16-446e-9e12-f6f52a4a519e.1, currentDir=/Users/lee/Documents/soft/jenkins/workspace/todo-mvp-test/app}
12:49:35.781 [DEBUG] [org.gradle.launcher.daemon.server.DaemonStateCoordinator] Stop as soon as idle requested. The daemon is busy: true
12:49:35.781 [DEBUG] [org.gradle.launcher.daemon.server.DaemonStateCoordinator] Idle timeout: daemon stop has been requested. Sleeping until state changes.
12:49:35.783 [DEBUG] [org.gradle.launcher.daemon.server.exec.ExecuteBuild] The daemon has started executing the build.
12:49:35.783 [INFO] [org.gradle.launcher.daemon.server.exec.ExecuteBuild] Executing build with daemon context: DefaultDaemonContext[uid=a4cbd747-0257-4b22-98c9-abafc73eb974,javaHome=/Library/Java/JavaVirtualMachines/jdk1.8.0_71.jdk/Contents/Home,daemonRegistryDir=/Users/lee/Documents/soft/jenkins/workspace/todo-mvp-test/daemon,pid=2475,idleTimeout=120000,daemonOpts=-Xmx5120M,-Dfile.encoding=UTF-8,-Duser.country=CN,-Duser.language=zh,-Duser.variant]
Starting Build
Settings evaluated using settings file '/Users/lee/Documents/soft/jenkins/workspace/todo-mvp-test/settings.gradle'.
Projects loaded. Root project using build file '/Users/lee/Documents/soft/jenkins/workspace/todo-mvp-test/build.gradle'.
Included projects: [root project 'todo-mvp-test', project ':app']
Evaluating root project 'todo-mvp-test' using build file '/Users/lee/Documents/soft/jenkins/workspace/todo-mvp-test/build.gradle'.
Evaluating project ':app' using build file '/Users/lee/Documents/soft/jenkins/workspace/todo-mvp-test/app/build.gradle'.
Compiling build file '/Users/lee/Documents/soft/jenkins/workspace/todo-mvp-test/app/build.gradle' using SubsetScriptTransformer.
Compiling build file '/Users/lee/Documents/soft/jenkins/workspace/todo-mvp-test/app/build.gradle' using BuildScriptTransformer.
Creating configuration compile
Creating configuration apk
Creating configuration provided
Creating configuration wearApp
Creating configuration androidTestCompile
Creating configuration androidTestApk
Creating configuration androidTestProvided
Creating configuration androidTestWearApp
Creating configuration testCompile
Creating configuration testApk
Creating configuration testProvided
Creating configuration testWearApp
Creating configuration debugCompile
Creating configuration debugApk
Creating configuration debugProvided
Creating configuration debugWearApp
Creating configuration testDebugCompile
Creating configuration testDebugApk
Creating configuration testDebugProvided
Creating configuration testDebugWearApp
Creating configuration releaseCompile
Creating configuration releaseApk
Creating configuration releaseProvided
Creating configuration releaseWearApp
Creating configuration testReleaseCompile
Creating configuration testReleaseApk
Creating configuration testReleaseProvided
Creating configuration testReleaseWearApp
Creating configuration mockCompile
Creating configuration mockApk
Creating configuration mockProvided
Creating configuration mockWearApp
Creating configuration androidTestMockCompile
Creating configuration androidTestMockApk
Creating configuration androidTestMockProvided
Creating configuration androidTestMockWearApp
Creating configuration testMockCompile
Creating configuration testMockApk
Creating configuration testMockProvided
Creating configuration testMockWearApp
Creating configuration prodCompile
Creating configuration prodApk
Creating configuration prodProvided
Creating configuration prodWearApp
Creating configuration androidTestProdCompile
Creating configuration androidTestProdApk
Creating configuration androidTestProdProvided
Creating configuration androidTestProdWearApp
Creating configuration testProdCompile
Creating configuration testProdApk
Creating configuration testProdProvided
Creating configuration testProdWearApp
The 'sonar-runner' plugin has been deprecated and is scheduled to be removed in Gradle 3.0. please use the official plugin from SonarQube (http://docs.sonarqube.org/display/SONAR/Analyzing+with+Gradle).
Parsing the SDK, no caching allowed
Parsing /Users/lee/Documents/soft/android-sdk-macosx/add-ons/addon-google_apis-google-19/package.xml
Parsing /Users/lee/Documents/soft/android-sdk-macosx/add-ons/addon-google_apis-google-22/package.xml
Parsing /Users/lee/Documents/soft/android-sdk-macosx/add-ons/addon-google_apis-google-23/package.xml
Parsing /Users/lee/Documents/soft/android-sdk-macosx/build-tools/19.1.0/package.xml
Parsing /Users/lee/Documents/soft/android-sdk-macosx/build-tools/20.0.0/package.xml
Parsing /Users/lee/Documents/soft/android-sdk-macosx/build-tools/21.1.2/package.xml
Parsing /Users/lee/Documents/soft/android-sdk-macosx/build-tools/22.0.1/package.xml
Parsing /Users/lee/Documents/soft/android-sdk-macosx/build-tools/23.0.1/package.xml
Parsing /Users/lee/Documents/soft/android-sdk-macosx/build-tools/23.0.2/package.xml
Parsing /Users/lee/Documents/soft/android-sdk-macosx/docs/package.xml
Parsing /Users/lee/Documents/soft/android-sdk-macosx/extras/android/m2repository/package.xml
Parsing /Users/lee/Documents/soft/android-sdk-macosx/extras/google/auto/package.xml
Parsing /Users/lee/Documents/soft/android-sdk-macosx/extras/google/m2repository/package.xml
Parsing /Users/lee/Documents/soft/android-sdk-macosx/extras/google/simulators/package.xml
Parsing /Users/lee/Documents/soft/android-sdk-macosx/extras/intel/Hardware_Accelerated_Execution_Manager/package.xml
Parsing /Users/lee/Documents/soft/android-sdk-macosx/platform-tools/package.xml
Parsing /Users/lee/Documents/soft/android-sdk-macosx/platforms/android-15/package.xml
Parsing /Users/lee/Documents/soft/android-sdk-macosx/platforms/android-16/package.xml
Parsing /Users/lee/Documents/soft/android-sdk-macosx/platforms/android-17/package.xml
Parsing /Users/lee/Documents/soft/android-sdk-macosx/platforms/android-18/package.xml
Parsing /Users/lee/Documents/soft/android-sdk-macosx/platforms/android-19/package.xml
Parsing /Users/lee/Documents/soft/android-sdk-macosx/platforms/android-20/package.xml
Parsing /Users/lee/Documents/soft/android-sdk-macosx/platforms/android-21/package.xml
Parsing /Users/lee/Documents/soft/android-sdk-macosx/platforms/android-22/package.xml
Parsing /Users/lee/Documents/soft/android-sdk-macosx/platforms/android-23/package.xml
Parsing /Users/lee/Documents/soft/android-sdk-macosx/samples/android-15/package.xml
Parsing /Users/lee/Documents/soft/android-sdk-macosx/samples/android-16/package.xml
Parsing /Users/lee/Documents/soft/android-sdk-macosx/samples/android-17/package.xml
Parsing /Users/lee/Documents/soft/android-sdk-macosx/samples/android-18/package.xml
Parsing /Users/lee/Documents/soft/android-sdk-macosx/samples/android-19/package.xml
Parsing /Users/lee/Documents/soft/android-sdk-macosx/samples/android-21/package.xml
Parsing /Users/lee/Documents/soft/android-sdk-macosx/samples/android-22/package.xml
Parsing /Users/lee/Documents/soft/android-sdk-macosx/samples/android-23/package.xml
Parsing /Users/lee/Documents/soft/android-sdk-macosx/sources/android-15/package.xml
Parsing /Users/lee/Documents/soft/android-sdk-macosx/sources/android-16/package.xml
Parsing /Users/lee/Documents/soft/android-sdk-macosx/sources/android-17/package.xml
Parsing /Users/lee/Documents/soft/android-sdk-macosx/sources/android-18/package.xml
Parsing /Users/lee/Documents/soft/android-sdk-macosx/sources/android-19/package.xml
Parsing /Users/lee/Documents/soft/android-sdk-macosx/sources/android-21/package.xml
Parsing /Users/lee/Documents/soft/android-sdk-macosx/sources/android-22/package.xml
Parsing /Users/lee/Documents/soft/android-sdk-macosx/sources/android-23/package.xml
Parsing /Users/lee/Documents/soft/android-sdk-macosx/system-images/android-18/default/armeabi-v7a/package.xml
Parsing /Users/lee/Documents/soft/android-sdk-macosx/system-images/android-18/default/x86/package.xml
Parsing /Users/lee/Documents/soft/android-sdk-macosx/system-images/android-19/default/x86/package.xml
Parsing /Users/lee/Documents/soft/android-sdk-macosx/system-images/android-22/default/x86/package.xml
Parsing /Users/lee/Documents/soft/android-sdk-macosx/system-images/android-23/android-tv/armeabi-v7a/package.xml
Parsing /Users/lee/Documents/soft/android-sdk-macosx/system-images/android-23/google_apis/x86/package.xml
Parsing /Users/lee/Documents/soft/android-sdk-macosx/tools/package.xml
Creating configuration prodDebugCompile
Creating configuration prodDebugApk
Creating configuration prodDebugProvided
Creating configuration prodDebugWearApp
Creating configuration testProdDebugCompile
Creating configuration testProdDebugApk
Creating configuration testProdDebugProvided
Creating configuration testProdDebugWearApp
Creating configuration prodReleaseCompile
Creating configuration prodReleaseApk
Creating configuration prodReleaseProvided
Creating configuration prodReleaseWearApp
Creating configuration testProdReleaseCompile
Creating configuration testProdReleaseApk
Creating configuration testProdReleaseProvided
Creating configuration testProdReleaseWearApp
Creating configuration mockDebugCompile
Creating configuration mockDebugApk
Creating configuration mockDebugProvided
Creating configuration mockDebugWearApp
Creating configuration testMockDebugCompile
Creating configuration testMockDebugApk
Creating configuration testMockDebugProvided
Creating configuration testMockDebugWearApp
Incremental Java compilation disabled in variant prodDebug as you are using 2 source folders : /Users/lee/Documents/soft/jenkins/workspace/todo-mvp-test/app/src/main/java,/Users/lee/Documents/soft/jenkins/workspace/todo-mvp-test/app/src/prod/java
Not using incremental javac compilation.
Incremental java compilation is an incubating feature.
Using incremental javac compilation.
Incremental Java compilation disabled in variant prodRelease as you are using 2 source folders : /Users/lee/Documents/soft/jenkins/workspace/todo-mvp-test/app/src/main/java,/Users/lee/Documents/soft/jenkins/workspace/todo-mvp-test/app/src/prod/java
Not using incremental javac compilation.
Using incremental javac compilation.
Removed 'com.android.support:support-annotations:jar:23.0.1' from packaging of prodDebugAndroidTest: Already in tested package.
Removed 'com.android.support.test.espresso:espresso-idling-resource:aar:2.2.1' from packaging of prodDebugAndroidTest: Already in tested package.
Removed 'com.android.support:support-v4:aar:23.0.1' from packaging of prodDebugAndroidTest: Already in tested package.
Removed 'com.android.support:recyclerview-v7:aar:23.0.1' from packaging of prodDebugAndroidTest: Already in tested package.
Using incremental javac compilation.
Incremental Java compilation disabled in variant mockDebug as you are using 2 source folders : /Users/lee/Documents/soft/jenkins/workspace/todo-mvp-test/app/src/main/java,/Users/lee/Documents/soft/jenkins/workspace/todo-mvp-test/app/src/mock/java
Not using incremental javac compilation.
Using incremental javac compilation.
Removed 'com.android.support:support-annotations:jar:23.0.1' from packaging of mockDebugAndroidTest: Already in tested package.
Removed 'com.android.support.test.espresso:espresso-idling-resource:aar:2.2.1' from packaging of mockDebugAndroidTest: Already in tested package.
Removed 'com.android.support:support-v4:aar:23.0.1' from packaging of mockDebugAndroidTest: Already in tested package.
Removed 'com.android.support:recyclerview-v7:aar:23.0.1' from packaging of mockDebugAndroidTest: Already in tested package.
Incremental Java compilation disabled in variant mockDebugAndroidTest as you are using 2 source folders : /Users/lee/Documents/soft/jenkins/workspace/todo-mvp-test/app/src/androidTest/java,/Users/lee/Documents/soft/jenkins/workspace/todo-mvp-test/app/src/androidTestMock/java
Not using incremental javac compilation.
All projects evaluated.

FAILURE: Build failed with an exception.

* What went wrong:
Task 'jacocoTestReport' not found in project ':app'.

* Try:
Run gradle tasks to get a list of available tasks. Run with --debug option to get more log output.

* Exception is:
org.gradle.execution.TaskSelectionException: Task 'jacocoTestReport' not found in project ':app'.
	at org.gradle.execution.TaskSelector.getSelection(TaskSelector.java:100)
	at org.gradle.execution.TaskSelector.getSelection(TaskSelector.java:75)
	at org.gradle.execution.commandline.CommandLineTaskParser.parseTasks(CommandLineTaskParser.java:42)
	at org.gradle.execution.TaskNameResolvingBuildConfigurationAction.configure(TaskNameResolvingBuildConfigurationAction.java:44)
	at org.gradle.execution.DefaultBuildConfigurationActionExecuter.configure(DefaultBuildConfigurationActionExecuter.java:48)
	at org.gradle.execution.DefaultBuildConfigurationActionExecuter.access$000(DefaultBuildConfigurationActionExecuter.java:25)
	at org.gradle.execution.DefaultBuildConfigurationActionExecuter$1.proceed(DefaultBuildConfigurationActionExecuter.java:54)
	at org.gradle.execution.DefaultTasksBuildExecutionAction.configure(DefaultTasksBuildExecutionAction.java:44)
	at org.gradle.execution.DefaultBuildConfigurationActionExecuter.configure(DefaultBuildConfigurationActionExecuter.java:48)
	at org.gradle.execution.DefaultBuildConfigurationActionExecuter.access$000(DefaultBuildConfigurationActionExecuter.java:25)
	at org.gradle.execution.DefaultBuildConfigurationActionExecuter$1.proceed(DefaultBuildConfigurationActionExecuter.java:54)
	at org.gradle.execution.ExcludedTaskFilteringBuildConfigurationAction.configure(ExcludedTaskFilteringBuildConfigurationAction.java:47)
	at org.gradle.execution.DefaultBuildConfigurationActionExecuter.configure(DefaultBuildConfigurationActionExecuter.java:48)
	at org.gradle.execution.DefaultBuildConfigurationActionExecuter.select(DefaultBuildConfigurationActionExecuter.java:36)
	at org.gradle.initialization.DefaultGradleLauncher$3.run(DefaultGradleLauncher.java:143)
	at org.gradle.internal.Factories$1.create(Factories.java:22)
	at org.gradle.internal.progress.DefaultBuildOperationExecutor.run(DefaultBuildOperationExecutor.java:90)
	at org.gradle.internal.progress.DefaultBuildOperationExecutor.run(DefaultBuildOperationExecutor.java:52)
	at org.gradle.initialization.DefaultGradleLauncher.doBuildStages(DefaultGradleLauncher.java:140)
	at org.gradle.initialization.DefaultGradleLauncher.access$200(DefaultGradleLauncher.java:32)
	at org.gradle.initialization.DefaultGradleLauncher$1.create(DefaultGradleLauncher.java:99)
	at org.gradle.initialization.DefaultGradleLauncher$1.create(DefaultGradleLauncher.java:93)
	at org.gradle.internal.progress.DefaultBuildOperationExecutor.run(DefaultBuildOperationExecutor.java:90)
	at org.gradle.internal.progress.DefaultBuildOperationExecutor.run(DefaultBuildOperationExecutor.java:62)
	at org.gradle.initialization.DefaultGradleLauncher.doBuild(DefaultGradleLauncher.java:93)
	at org.gradle.initialization.DefaultGradleLauncher.run(DefaultGradleLauncher.java:82)
	at org.gradle.launcher.exec.InProcessBuildActionExecuter$DefaultBuildController.run(InProcessBuildActionExecuter.java:94)
	at org.gradle.tooling.internal.provider.ExecuteBuildActionRunner.run(ExecuteBuildActionRunner.java:28)
	at org.gradle.launcher.exec.ChainingBuildActionRunner.run(ChainingBuildActionRunner.java:35)
	at org.gradle.launcher.exec.InProcessBuildActionExecuter.execute(InProcessBuildActionExecuter.java:43)
	at org.gradle.launcher.exec.InProcessBuildActionExecuter.execute(InProcessBuildActionExecuter.java:28)
	at org.gradle.launcher.exec.ContinuousBuildActionExecuter.execute(ContinuousBuildActionExecuter.java:75)
	at org.gradle.launcher.exec.ContinuousBuildActionExecuter.execute(ContinuousBuildActionExecuter.java:45)
	at org.gradle.launcher.daemon.server.exec.ExecuteBuild.doBuild(ExecuteBuild.java:52)
	at org.gradle.launcher.daemon.server.exec.BuildCommandOnly.execute(BuildCommandOnly.java:36)
	at org.gradle.launcher.daemon.server.api.DaemonCommandExecution.proceed(DaemonCommandExecution.java:120)
	at org.gradle.launcher.daemon.server.exec.WatchForDisconnection.execute(WatchForDisconnection.java:37)
	at org.gradle.launcher.daemon.server.api.DaemonCommandExecution.proceed(DaemonCommandExecution.java:120)
	at org.gradle.launcher.daemon.server.exec.ResetDeprecationLogger.execute(ResetDeprecationLogger.java:26)
	at org.gradle.launcher.daemon.server.api.DaemonCommandExecution.proceed(DaemonCommandExecution.java:120)
	at org.gradle.launcher.daemon.server.exec.RequestStopIfSingleUsedDaemon.execute(RequestStopIfSingleUsedDaemon.java:34)
	at org.gradle.launcher.daemon.server.api.DaemonCommandExecution.proceed(DaemonCommandExecution.java:120)
	at org.gradle.launcher.daemon.server.exec.ForwardClientInput$2.call(ForwardClientInput.java:74)
	at org.gradle.launcher.daemon.server.exec.ForwardClientInput$2.call(ForwardClientInput.java:72)
	at org.gradle.util.Swapper.swap(Swapper.java:38)
	at org.gradle.launcher.daemon.server.exec.ForwardClientInput.execute(ForwardClientInput.java:72)
	at org.gradle.launcher.daemon.server.api.DaemonCommandExecution.proceed(DaemonCommandExecution.java:120)
	at org.gradle.launcher.daemon.server.health.DaemonHealthTracker.execute(DaemonHealthTracker.java:40)
	at org.gradle.launcher.daemon.server.api.DaemonCommandExecution.proceed(DaemonCommandExecution.java:120)
	at org.gradle.launcher.daemon.server.exec.LogToClient.doBuild(LogToClient.java:66)
	at org.gradle.launcher.daemon.server.exec.BuildCommandOnly.execute(BuildCommandOnly.java:36)
	at org.gradle.launcher.daemon.server.api.DaemonCommandExecution.proceed(DaemonCommandExecution.java:120)
	at org.gradle.launcher.daemon.server.exec.EstablishBuildEnvironment.doBuild(EstablishBuildEnvironment.java:72)
	at org.gradle.launcher.daemon.server.exec.BuildCommandOnly.execute(BuildCommandOnly.java:36)
	at org.gradle.launcher.daemon.server.api.DaemonCommandExecution.proceed(DaemonCommandExecution.java:120)
	at org.gradle.launcher.daemon.server.health.HintGCAfterBuild.execute(HintGCAfterBuild.java:41)
	at org.gradle.launcher.daemon.server.api.DaemonCommandExecution.proceed(DaemonCommandExecution.java:120)
	at org.gradle.launcher.daemon.server.exec.StartBuildOrRespondWithBusy$1.run(StartBuildOrRespondWithBusy.java:50)
	at org.gradle.launcher.daemon.server.DaemonStateCoordinator$1.run(DaemonStateCoordinator.java:246)
	at org.gradle.internal.concurrent.ExecutorPolicy$CatchAndRecordFailures.onExecute(ExecutorPolicy.java:54)
	at org.gradle.internal.concurrent.StoppableExecutorImpl$1.run(StoppableExecutorImpl.java:40)


BUILD FAILED

Total time: 9.405 secs
12:49:43.891 [DEBUG] [org.gradle.cache.internal.DefaultFileLockManager] Releasing lock on cp_settings class cache for settings file '/Users/lee/Documents/soft/jenkins/workspace/todo-mvp-test/settings.gradle' (/Users/lee/Documents/soft/jenkins/workspace/todo-mvp-test/caches/2.11/scripts/settings_8hb58z0smpcfsg9ifhe4ki6x7/cp_settings).
12:49:43.891 [DEBUG] [org.gradle.cache.internal.DefaultFileLockManager] Releasing lock on settings class cache for settings file '/Users/lee/Documents/soft/jenkins/workspace/todo-mvp-test/settings.gradle' (/Users/lee/Documents/soft/jenkins/workspace/todo-mvp-test/caches/2.11/scripts/settings_8hb58z0smpcfsg9ifhe4ki6x7/settings).
12:49:43.891 [DEBUG] [org.gradle.cache.internal.DefaultFileLockManager] Releasing lock on cp_proj class cache for build file '/Users/lee/Documents/soft/jenkins/workspace/todo-mvp-test/build.gradle' (/Users/lee/Documents/soft/jenkins/workspace/todo-mvp-test/caches/2.11/scripts/build_55k0ad62caz4zx0twu99ft6ng/cp_proj).
12:49:43.892 [DEBUG] [org.gradle.cache.internal.DefaultFileLockManager] Releasing lock on proj class cache for build file '/Users/lee/Documents/soft/jenkins/workspace/todo-mvp-test/build.gradle' (/Users/lee/Documents/soft/jenkins/workspace/todo-mvp-test/caches/2.11/scripts/build_55k0ad62caz4zx0twu99ft6ng/proj).
12:49:43.892 [DEBUG] [org.gradle.cache.internal.DefaultFileLockManager] Releasing lock on cp_proj class cache for build file '/Users/lee/Documents/soft/jenkins/workspace/todo-mvp-test/app/build.gradle' (/Users/lee/Documents/soft/jenkins/workspace/todo-mvp-test/caches/2.11/scripts/build_1ug1ak8rea6pcfko1xyvixwbq/cp_proj).
12:49:43.892 [DEBUG] [org.gradle.cache.internal.DefaultFileLockManager] Releasing lock on proj class cache for build file '/Users/lee/Documents/soft/jenkins/workspace/todo-mvp-test/app/build.gradle' (/Users/lee/Documents/soft/jenkins/workspace/todo-mvp-test/caches/2.11/scripts/build_1ug1ak8rea6pcfko1xyvixwbq/proj).
12:49:43.900 [DEBUG] [org.gradle.api.internal.artifacts.ivyservice.ivyresolve.memcache.InMemoryCachedRepositoryFactory] In-memory dependency metadata cache closed. Repos cached: 51, cache instances: 5, modules served from cache: 214, artifacts: 55
12:49:43.901 [DEBUG] [org.gradle.cache.internal.btree.BTreePersistentIndexedCache] Closing cache module-metadata.bin (/Users/lee/Documents/soft/jenkins/workspace/todo-mvp-test/caches/modules-2/metadata-2.16/module-metadata.bin)
12:49:43.901 [DEBUG] [org.gradle.cache.internal.btree.BTreePersistentIndexedCache] Closing cache artifact-at-repository.bin (/Users/lee/Documents/soft/jenkins/workspace/todo-mvp-test/caches/modules-2/metadata-2.16/artifact-at-repository.bin)
12:49:43.901 [DEBUG] [org.gradle.cache.internal.btree.BTreePersistentIndexedCache] Closing cache module-versions.bin (/Users/lee/Documents/soft/jenkins/workspace/todo-mvp-test/caches/modules-2/metadata-2.16/module-versions.bin)
12:49:43.901 [DEBUG] [org.gradle.cache.internal.DefaultFileLockManager] Releasing lock on artifact cache (/Users/lee/Documents/soft/jenkins/workspace/todo-mvp-test/caches/modules-2).
12:49:43.902 [DEBUG] [org.gradle.api.internal.artifacts.ivyservice.resolveengine.store.CachedStoreFactory] Resolution result cache closed. Cache reads: 0, disk reads: 0 (avg: 0.0 secs, total: 0.0 secs)
12:49:43.902 [DEBUG] [org.gradle.api.internal.artifacts.ivyservice.resolveengine.store.CachedStoreFactory] Resolution result cache closed. Cache reads: 0, disk reads: 16 (avg: 0.0 secs, total: 0.008 secs)
12:49:43.903 [DEBUG] [org.gradle.api.internal.artifacts.ivyservice.resolveengine.store.ResolutionResultsStoreFactory] Deleted 2 resolution results binary files in 0.0 secs
12:49:43.903 [DEBUG] [org.gradle.cache.internal.DefaultCacheAccess] Cache Plugin Resolution Cache (/Users/lee/Documents/soft/jenkins/workspace/todo-mvp-test/caches/2.11/plugin-resolution) was closed 0 times.
12:49:43.903 [DEBUG] [org.gradle.api.internal.tasks.compile.daemon.CompilerDaemonManager] Stopping 0 compiler daemon(s).
12:49:43.903 [INFO] [org.gradle.api.internal.tasks.compile.daemon.CompilerDaemonManager] Stopped 0 compiler daemon(s).
12:49:43.904 [DEBUG] [org.gradle.launcher.daemon.server.exec.ExecuteBuild] The daemon has finished executing the build.
12:49:44.059 [DEBUG] [org.gradle.launcher.daemon.server.DaemonStateCoordinator] Idle timeout: daemon stop has been requested. Sleeping until state changes.
12:49:44.059 [DEBUG] [org.gradle.launcher.daemon.server.DaemonStateCoordinator] Command execution: finished waiting for DaemonCommandExecution[command = BuildAndStop{id=bd9956a3-2b16-446e-9e12-f6f52a4a519e.1, currentDir=/Users/lee/Documents/soft/jenkins/workspace/todo-mvp-test/app}, connection = org.gradle.launcher.daemon.server.DefaultDaemonConnection@69520f1b]. Result org.gradle.launcher.daemon.server.DaemonStateCoordinator@2eb7aad7 with state StopRequested
12:49:44.059 [DEBUG] [org.gradle.launcher.daemon.server.DaemonStateCoordinator] Command execution: completed DaemonCommandExecution[command = BuildAndStop{id=bd9956a3-2b16-446e-9e12-f6f52a4a519e.1, currentDir=/Users/lee/Documents/soft/jenkins/workspace/todo-mvp-test/app}, connection = org.gradle.launcher.daemon.server.DefaultDaemonConnection@69520f1b]
12:49:44.060 [DEBUG] [org.gradle.launcher.daemon.server.DaemonStateCoordinator] updating lastActivityAt to 1469162984060
12:49:44.060 [DEBUG] [org.gradle.launcher.daemon.server.DaemonStateCoordinator] Marking daemon stopped due to command completed and stop requested. The daemon is running a build: false
12:49:44.060 [DEBUG] [org.gradle.launcher.daemon.server.DaemonStateCoordinator] Idle timeout: daemon has stopped.
12:49:44.060 [DEBUG] [org.gradle.launcher.daemon.server.exec.ReturnResult] Daemon is dispatching the build result: Failure[value=org.gradle.initialization.ReportedException: org.gradle.internal.exceptions.LocationAwareException: Task 'jacocoTestReport' not found in project ':app'.]
12:49:44.060 [DEBUG] [org.gradle.launcher.daemon.server.Daemon] stop() called on daemon
12:49:44.060 [INFO] [org.gradle.launcher.daemon.server.Daemon] Stop requested. Daemon is removing its presence from the registry...
12:49:44.060 [DEBUG] [org.gradle.launcher.daemon.server.DomainRegistryUpdater] Removing our presence to clients, eg. removing this address from the registry: [1d8c6d61-4f3f-4b07-851d-2096e55ddcc9 port:50535, addresses:[/0:0:0:0:0:0:0:1, /127.0.0.1]]
12:49:44.060 [DEBUG] [org.gradle.launcher.daemon.server.SynchronizedDispatchConnection] thread 14: dispatching class org.gradle.launcher.daemon.protocol.Failure
12:49:44.060 [DEBUG] [org.gradle.launcher.daemon.registry.PersistentDaemonRegistry] Removing daemon address: [1d8c6d61-4f3f-4b07-851d-2096e55ddcc9 port:50535, addresses:[/0:0:0:0:0:0:0:1, /127.0.0.1]]
12:49:44.061 [DEBUG] [org.gradle.cache.internal.DefaultFileLockManager] Waiting to acquire exclusive lock on daemon addresses registry.
12:49:44.061 [DEBUG] [org.gradle.cache.internal.DefaultFileLockManager] Lock acquired.
12:49:44.063 [DEBUG] [org.gradle.cache.internal.DefaultFileLockManager] Releasing lock on daemon addresses registry.
12:49:44.063 [DEBUG] [org.gradle.launcher.daemon.server.DomainRegistryUpdater] Address removed from registry.
12:49:44.080 [DEBUG] [org.gradle.launcher.daemon.server.DefaultIncomingConnectionHandler] Finishing executing command: BuildAndStop{id=bd9956a3-2b16-446e-9e12-f6f52a4a519e.1, currentDir=/Users/lee/Documents/soft/jenkins/workspace/todo-mvp-test/app}
12:49:44.103 [DEBUG] [org.gradle.launcher.daemon.server.SynchronizedDispatchConnection] thread 15: received class org.gradle.launcher.daemon.protocol.Finished
12:49:44.103 [DEBUG] [org.gradle.launcher.daemon.server.DefaultDaemonConnection] Received non-IO message from client: org.gradle.launcher.daemon.protocol.Finished@57c46f19
12:49:44.103 [DEBUG] [org.gradle.launcher.daemon.server.DefaultIncomingConnectionHandler] Received finished message: org.gradle.launcher.daemon.protocol.Finished@57c46f19
12:49:44.104 [DEBUG] [org.gradle.launcher.daemon.server.SynchronizedDispatchConnection] thread 14: stopping connection
12:49:44.105 [DEBUG] [org.gradle.messaging.remote.internal.inet.SocketConnection] Discarding EOFException: java.io.EOFException
12:49:44.105 [DEBUG] [org.gradle.launcher.daemon.server.SynchronizedDispatchConnection] thread 15: received null
12:49:44.105 [DEBUG] [org.gradle.launcher.daemon.server.DefaultDaemonConnection] Received end-of-input from client.
12:49:44.105 [DEBUG] [org.gradle.launcher.daemon.server.SynchronizedDispatchConnection] thread 14: stopping connection
Daemon vm is shutting down... The daemon has exited normally or was terminated in response to a user interrupt.
12:49:44.106 [DEBUG] [org.gradle.launcher.daemon.registry.PersistentDaemonRegistry] Removing daemon address: [1d8c6d61-4f3f-4b07-851d-2096e55ddcc9 port:50535, addresses:[/0:0:0:0:0:0:0:1, /127.0.0.1]]
12:49:44.106 [DEBUG] [org.gradle.cache.internal.DefaultFileLockManager] Waiting to acquire exclusive lock on daemon addresses registry.
12:49:44.107 [DEBUG] [org.gradle.cache.internal.DefaultFileLockManager] Lock acquired.
12:49:44.107 [DEBUG] [org.gradle.cache.internal.DefaultFileLockManager] Releasing lock on daemon addresses registry.
