19:29:58.738 [INFO] [org.gradle.launcher.daemon.server.Daemon] start() called on daemon - DefaultDaemonContext[uid=abb3dbb3-d228-47ae-9cd0-1750a03879a4,javaHome=/Library/Java/JavaVirtualMachines/jdk1.8.0_71.jdk/Contents/Home,daemonRegistryDir=/Users/lee/Documents/soft/jenkins/workspace/todo-mvp-unit-test/daemon,pid=912,idleTimeout=120000,daemonOpts=-Xmx5120M,-Dfile.encoding=UTF-8,-Duser.country=CN,-Duser.language=zh,-Duser.variant]
19:29:58.741 [DEBUG] [org.gradle.launcher.daemon.server.DaemonStateCoordinator] updating lastActivityAt to 1472383798741
19:29:58.752 [DEBUG] [org.gradle.messaging.remote.internal.inet.InetAddressFactory] Adding IP addresses for network interface awdl0
19:29:58.753 [DEBUG] [org.gradle.messaging.remote.internal.inet.InetAddressFactory] Is this a loopback interface? false
19:29:58.753 [DEBUG] [org.gradle.messaging.remote.internal.inet.InetAddressFactory] Is this a multicast interface? true
19:29:58.753 [DEBUG] [org.gradle.messaging.remote.internal.inet.InetAddressFactory] Adding remote address /fe80:0:0:0:5880:69ff:fe82:7883%awdl0
19:29:58.754 [DEBUG] [org.gradle.messaging.remote.internal.inet.InetAddressFactory] Adding remote multicast interface awdl0
19:29:58.754 [DEBUG] [org.gradle.messaging.remote.internal.inet.InetAddressFactory] Adding IP addresses for network interface en0
19:29:58.754 [DEBUG] [org.gradle.messaging.remote.internal.inet.InetAddressFactory] Is this a loopback interface? false
19:29:58.755 [DEBUG] [org.gradle.messaging.remote.internal.inet.InetAddressFactory] Is this a multicast interface? true
19:29:58.755 [DEBUG] [org.gradle.messaging.remote.internal.inet.InetAddressFactory] Adding remote address /fe80:0:0:0:a65e:60ff:feed:4cad%en0
19:29:58.755 [DEBUG] [org.gradle.messaging.remote.internal.inet.InetAddressFactory] Adding remote address /192.168.0.7
19:29:58.755 [DEBUG] [org.gradle.messaging.remote.internal.inet.InetAddressFactory] Adding remote multicast interface en0
19:29:58.756 [DEBUG] [org.gradle.messaging.remote.internal.inet.InetAddressFactory] Adding IP addresses for network interface lo0
19:29:58.756 [DEBUG] [org.gradle.messaging.remote.internal.inet.InetAddressFactory] Is this a loopback interface? true
19:29:58.756 [DEBUG] [org.gradle.messaging.remote.internal.inet.InetAddressFactory] Is this a multicast interface? true
19:29:58.756 [DEBUG] [org.gradle.messaging.remote.internal.inet.InetAddressFactory] Ignoring remote address on loopback interface /fe80:0:0:0:0:0:0:1%lo0
19:29:58.757 [DEBUG] [org.gradle.messaging.remote.internal.inet.InetAddressFactory] Adding loopback address /0:0:0:0:0:0:0:1
19:29:58.757 [DEBUG] [org.gradle.messaging.remote.internal.inet.InetAddressFactory] Adding loopback address /127.0.0.1
19:29:58.757 [DEBUG] [org.gradle.messaging.remote.internal.inet.InetAddressFactory] Adding loopback multicast interface lo0
19:29:58.767 [DEBUG] [org.gradle.messaging.remote.internal.inet.TcpIncomingConnector] Listening on [d9ed60d1-0732-437e-8418-d8855da8f899 port:50169, addresses:[/0:0:0:0:0:0:0:1, /127.0.0.1]].
19:29:58.770 [DEBUG] [org.gradle.launcher.daemon.server.Daemon] Daemon starting at: Sun Aug 28 19:29:58 CST 2016, with address: [d9ed60d1-0732-437e-8418-d8855da8f899 port:50169, addresses:[/0:0:0:0:0:0:0:1, /127.0.0.1]]
19:29:58.770 [INFO] [org.gradle.launcher.daemon.server.DomainRegistryUpdater] Advertising the daemon address to the clients: [d9ed60d1-0732-437e-8418-d8855da8f899 port:50169, addresses:[/0:0:0:0:0:0:0:1, /127.0.0.1]]
19:29:58.770 [DEBUG] [org.gradle.launcher.daemon.server.DomainRegistryUpdater] Advertised daemon context: DefaultDaemonContext[uid=abb3dbb3-d228-47ae-9cd0-1750a03879a4,javaHome=/Library/Java/JavaVirtualMachines/jdk1.8.0_71.jdk/Contents/Home,daemonRegistryDir=/Users/lee/Documents/soft/jenkins/workspace/todo-mvp-unit-test/daemon,pid=912,idleTimeout=120000,daemonOpts=-Xmx5120M,-Dfile.encoding=UTF-8,-Duser.country=CN,-Duser.language=zh,-Duser.variant]
19:29:58.771 [DEBUG] [org.gradle.launcher.daemon.registry.PersistentDaemonRegistry] Storing daemon address: [d9ed60d1-0732-437e-8418-d8855da8f899 port:50169, addresses:[/0:0:0:0:0:0:0:1, /127.0.0.1]], context: DefaultDaemonContext[uid=abb3dbb3-d228-47ae-9cd0-1750a03879a4,javaHome=/Library/Java/JavaVirtualMachines/jdk1.8.0_71.jdk/Contents/Home,daemonRegistryDir=/Users/lee/Documents/soft/jenkins/workspace/todo-mvp-unit-test/daemon,pid=912,idleTimeout=120000,daemonOpts=-Xmx5120M,-Dfile.encoding=UTF-8,-Duser.country=CN,-Duser.language=zh,-Duser.variant]
19:29:58.778 [DEBUG] [org.gradle.cache.internal.DefaultFileLockManager] Waiting to acquire exclusive lock on daemon addresses registry.
19:29:58.779 [DEBUG] [org.gradle.cache.internal.DefaultFileLockManager] Lock acquired.
19:29:58.796 [DEBUG] [org.gradle.cache.internal.DefaultFileLockManager] Releasing lock on daemon addresses registry.
19:29:58.797 [LIFECYCLE] [org.gradle.launcher.daemon.server.Daemon] Daemon server started.
19:29:58.798 [DEBUG] [org.gradle.launcher.daemon.bootstrap.DaemonStartupCommunication] Completed writing the daemon greeting. Closing streams...
19:29:58.798 [DEBUG] [org.gradle.launcher.daemon.server.Daemon] requestStopOnIdleTimeout(120000 MILLISECONDS) called on daemon
19:29:58.799 [DEBUG] [org.gradle.launcher.daemon.server.DaemonStateCoordinator] Idle timeout: waiting for daemon to stop or be idle for 120000ms
19:29:58.799 [DEBUG] [org.gradle.launcher.daemon.server.DaemonStateCoordinator] Daemon is idle, sleeping until state change or idle timeout at Sun Aug 28 19:31:58 CST 2016
19:29:58.842 [DEBUG] [org.gradle.messaging.remote.internal.inet.TcpIncomingConnector] Accepted connection from /0:0:0:0:0:0:0:1:50170 to /0:0:0:0:0:0:0:1:50169.
19:29:58.885 [DEBUG] [org.gradle.launcher.daemon.server.SynchronizedDispatchConnection] thread 15: received class org.gradle.launcher.daemon.protocol.BuildAndStop
19:29:58.885 [DEBUG] [org.gradle.launcher.daemon.server.DefaultDaemonConnection] Received non-IO message from client: BuildAndStop{id=b2aedc4f-4b43-4fd7-814a-be405192e96a.1, currentDir=/Users/lee/Documents/soft/jenkins/workspace/todo-mvp-unit-test/app}
19:29:58.885 [INFO] [org.gradle.launcher.daemon.server.DefaultIncomingConnectionHandler] Received command: BuildAndStop{id=b2aedc4f-4b43-4fd7-814a-be405192e96a.1, currentDir=/Users/lee/Documents/soft/jenkins/workspace/todo-mvp-unit-test/app}.
19:29:58.886 [DEBUG] [org.gradle.launcher.daemon.server.DefaultIncomingConnectionHandler] Starting executing command: BuildAndStop{id=b2aedc4f-4b43-4fd7-814a-be405192e96a.1, currentDir=/Users/lee/Documents/soft/jenkins/workspace/todo-mvp-unit-test/app} with connection: socket connection from /0:0:0:0:0:0:0:1:50169 to /0:0:0:0:0:0:0:1:50170.
19:29:58.893 [DEBUG] [org.gradle.launcher.daemon.server.DaemonStateCoordinator] Command execution: started DaemonCommandExecution[command = BuildAndStop{id=b2aedc4f-4b43-4fd7-814a-be405192e96a.1, currentDir=/Users/lee/Documents/soft/jenkins/workspace/todo-mvp-unit-test/app}, connection = org.gradle.launcher.daemon.server.DefaultDaemonConnection@576ff500] after 0.0 minutes of idle
19:29:58.893 [INFO] [org.gradle.launcher.daemon.server.DomainRegistryUpdater] Marking the daemon as busy, address: [d9ed60d1-0732-437e-8418-d8855da8f899 port:50169, addresses:[/0:0:0:0:0:0:0:1, /127.0.0.1]]
19:29:58.893 [DEBUG] [org.gradle.launcher.daemon.registry.PersistentDaemonRegistry] Marking busy by address: [d9ed60d1-0732-437e-8418-d8855da8f899 port:50169, addresses:[/0:0:0:0:0:0:0:1, /127.0.0.1]]
19:29:58.894 [DEBUG] [org.gradle.cache.internal.DefaultFileLockManager] Waiting to acquire exclusive lock on daemon addresses registry.
19:29:58.894 [DEBUG] [org.gradle.cache.internal.DefaultFileLockManager] Lock acquired.
19:29:58.896 [DEBUG] [org.gradle.cache.internal.DefaultFileLockManager] Releasing lock on daemon addresses registry.
19:29:58.898 [DEBUG] [org.gradle.launcher.daemon.server.DaemonStateCoordinator] updating lastActivityAt to 1472383798898
19:29:58.898 [DEBUG] [org.gradle.launcher.daemon.server.DaemonStateCoordinator] Daemon is busy, sleeping until state changes.
19:29:58.899 [INFO] [org.gradle.launcher.daemon.server.exec.StartBuildOrRespondWithBusy] Daemon is about to start building BuildAndStop{id=b2aedc4f-4b43-4fd7-814a-be405192e96a.1, currentDir=/Users/lee/Documents/soft/jenkins/workspace/todo-mvp-unit-test/app}. Dispatching build started information...
19:29:58.899 [DEBUG] [org.gradle.launcher.daemon.server.SynchronizedDispatchConnection] thread 17: dispatching class org.gradle.launcher.daemon.protocol.BuildStarted
19:29:58.902 [DEBUG] [org.gradle.launcher.daemon.server.exec.EstablishBuildEnvironment] Configuring env variables: {PATH=/Library/Java/JavaVirtualMachines/jdk1.8.0_71.jdk/Contents/Home/bin:/Library/Java/JavaVirtualMachines/jdk1.8.0_71.jdk/Contents/Home/bin:/usr/local/bin:/usr/bin:/bin:/usr/sbin:/sbin:/Library/Java/JavaVirtualMachines/jdk1.8.0_71.jdk/Contents/Home/bin:/Users/lee/Documents/soft/android-sdk-macosx/build-tools:/Users/lee/Documents/soft/android-sdk-macosx/tools:/Users/lee/Documents/soft/android-sdk-macosx/platform-tools:/usr/local/mysql:/bin:/Users/lee/Documents/soft/gradle-2.11/bin:/Users/lee/Documents/soft/apache-maven-3.3.9/bin:/Users/lee/Documents/soft/oclint-0.10.3/bin:/Users/lee/.rvm/bin, HUDSON_HOME=/Users/lee/Documents/soft/jenkins, JOB_URL=http://localhost:8080/job/todo-mvp-unit-test/, HUDSON_COOKIE=64ee00dd-c2fa-4183-9f60-c7a98ab8f097, ANDROID_HOME=/Users/lee/Documents/soft/android-sdk-macosx, APP_NAME_906=Gradle, rvm_loaded_flag=1, MAVEN_HOME=/Users/lee/Documents/soft/apache-maven-3.3.9, JENKINS_SERVER_COOKIE=b0cca8869dd4cd49, LOGNAME=lee, rvm_version=1.26.11 (latest), PWD=/Users/lee/Documents/soft/jenkins/workspace/todo-mvp-unit-test/app, TERM_PROGRAM_VERSION=343.7, JENKINS_URL=http://localhost:8080/, APP_ICON_906=/Users/lee/Documents/soft/gradle-2.11/media/gradle.icns, rvm_user_install_flag=1, BUILD_TAG=jenkins-todo-mvp-unit-test-5, SHELL=/bin/bash, SECURITYSESSIONID=186a7, OLDPWD=/Users/lee/Documents/soft/gradle-2.11, JENKINS_HOME=/Users/lee/Documents/soft/jenkins, rvm_path=/Users/lee/.rvm, TMPDIR=/var/folders/pg/4jbnwcrn5k7_6dth03nswwp00000gn/T/, NODE_NAME=master, XPC_FLAGS=0x0, BUILD_DISPLAY_NAME=#5, TERM_SESSION_ID=3C6966EA-E928-4094-8F26-6B283C666161, JAVA_MAIN_CLASS_906=org.gradle.launcher.GradleMain, _system_name=OSX, M2_HOME=/Users/lee/Documents/soft/apache-maven-3.3.9, __CF_USER_TEXT_ENCODING=0x1F5:0x19:0x34, Apple_PubSub_Socket_Render=/private/tmp/com.apple.launchd.0OQpxSPpFG/Render, SHLVL=2, _system_arch=x86_64, rvm_bin_path=/Users/lee/.rvm/bin, JAVA_HOME=/Library/Java/JavaVirtualMachines/jdk1.8.0_71.jdk/Contents/Home, JAVA_MAIN_CLASS_819=org.apache.catalina.startup.Bootstrap, TERM=xterm-256color, BUILD_ID=5, rvm_prefix=/Users/lee, LANG=zh_CN.UTF-8, JOB_NAME=todo-mvp-unit-test, GRADLE_HOME=/Users/lee/Documents/soft/gradle-2.11, GRADLE_USER_HOME=/Users/lee/Documents/soft/jenkins/workspace/todo-mvp-unit-test, NODE_LABELS=master, HUDSON_URL=http://localhost:8080/, WORKSPACE=/Users/lee/Documents/soft/jenkins/workspace/todo-mvp-unit-test, XPC_SERVICE_NAME=0, ANDROID_SDK_HOME=/Users/lee/Documents/soft/android-sdk-macosx, TERM_PROGRAM=Apple_Terminal, EXECUTOR_NUMBER=0, _system_type=Darwin, HUDSON_SERVER_COOKIE=b0cca8869dd4cd49, JOB_BASE_NAME=todo-mvp-unit-test, _system_version=10.10, OCLINT_HOME=/Users/lee/Documents/soft/oclint-0.10.3, USER=lee, rvm_stored_umask=0022, SSH_AUTH_SOCK=/private/tmp/com.apple.launchd.BsO0QkSdG8/Listeners, BUILD_NUMBER=5, BUILD_URL=http://localhost:8080/job/todo-mvp-unit-test/5/, HOME=/Users/lee, ANDROID_AVD_HOME=/Users/lee/.android/avd}
19:29:58.906 [DEBUG] [org.gradle.launcher.daemon.server.SynchronizedDispatchConnection] thread 15: received class org.gradle.launcher.daemon.protocol.CloseInput
19:29:58.907 [DEBUG] [org.gradle.launcher.daemon.server.DefaultDaemonConnection] Received IO message from client: org.gradle.launcher.daemon.protocol.CloseInput@7c0c1228
19:29:58.911 [DEBUG] [org.gradle.launcher.daemon.server.exec.LogToClient] About to start relaying all logs to the client via the connection.
19:29:58.911 [INFO] [org.gradle.launcher.daemon.server.exec.LogToClient] The client will now receive all logging from the daemon (pid: 912). The daemon log file: /Users/lee/Documents/soft/jenkins/workspace/todo-mvp-unit-test/daemon/2.11/daemon-912.out.log
19:29:58.913 [INFO] [org.gradle.launcher.daemon.server.exec.ForwardClientInput] Closing daemon's stdin at end of input.
19:29:58.913 [INFO] [org.gradle.launcher.daemon.server.exec.ForwardClientInput] The daemon will no longer process any standard input.
19:29:58.914 [DEBUG] [org.gradle.launcher.daemon.server.exec.RequestStopIfSingleUsedDaemon] Requesting daemon stop after processing BuildAndStop{id=b2aedc4f-4b43-4fd7-814a-be405192e96a.1, currentDir=/Users/lee/Documents/soft/jenkins/workspace/todo-mvp-unit-test/app}
19:29:58.914 [DEBUG] [org.gradle.launcher.daemon.server.DaemonStateCoordinator] Stop as soon as idle requested. The daemon is busy: true
19:29:58.915 [DEBUG] [org.gradle.launcher.daemon.server.DaemonStateCoordinator] Idle timeout: daemon stop has been requested. Sleeping until state changes.
19:29:58.917 [DEBUG] [org.gradle.launcher.daemon.server.exec.ExecuteBuild] The daemon has started executing the build.
19:29:58.917 [INFO] [org.gradle.launcher.daemon.server.exec.ExecuteBuild] Executing build with daemon context: DefaultDaemonContext[uid=abb3dbb3-d228-47ae-9cd0-1750a03879a4,javaHome=/Library/Java/JavaVirtualMachines/jdk1.8.0_71.jdk/Contents/Home,daemonRegistryDir=/Users/lee/Documents/soft/jenkins/workspace/todo-mvp-unit-test/daemon,pid=912,idleTimeout=120000,daemonOpts=-Xmx5120M,-Dfile.encoding=UTF-8,-Duser.country=CN,-Duser.language=zh,-Duser.variant]
Starting Build
Settings evaluated using settings file '/Users/lee/Documents/soft/jenkins/workspace/todo-mvp-unit-test/settings.gradle'.
Projects loaded. Root project using build file '/Users/lee/Documents/soft/jenkins/workspace/todo-mvp-unit-test/build.gradle'.
Included projects: [root project 'todo-mvp-unit-test', project ':app']
Evaluating root project 'todo-mvp-unit-test' using build file '/Users/lee/Documents/soft/jenkins/workspace/todo-mvp-unit-test/build.gradle'.
Compiling build file '/Users/lee/Documents/soft/jenkins/workspace/todo-mvp-unit-test/build.gradle' using SubsetScriptTransformer.
Compiling build file '/Users/lee/Documents/soft/jenkins/workspace/todo-mvp-unit-test/build.gradle' using BuildScriptTransformer.
Evaluating project ':app' using build file '/Users/lee/Documents/soft/jenkins/workspace/todo-mvp-unit-test/app/build.gradle'.
Compiling build file '/Users/lee/Documents/soft/jenkins/workspace/todo-mvp-unit-test/app/build.gradle' using SubsetScriptTransformer.
Compiling build file '/Users/lee/Documents/soft/jenkins/workspace/todo-mvp-unit-test/app/build.gradle' using BuildScriptTransformer.
Creating configuration compile
Creating configuration apk
Creating configuration provided
Creating configuration wearApp
Creating configuration androidTestCompile
Creating configuration androidTestApk
Creating configuration androidTestProvided
Creating configuration androidTestWearApp
Creating configuration testCompile
Creating configuration testApk
Creating configuration testProvided
Creating configuration testWearApp
Creating configuration debugCompile
Creating configuration debugApk
Creating configuration debugProvided
Creating configuration debugWearApp
Creating configuration testDebugCompile
Creating configuration testDebugApk
Creating configuration testDebugProvided
Creating configuration testDebugWearApp
Creating configuration releaseCompile
Creating configuration releaseApk
Creating configuration releaseProvided
Creating configuration releaseWearApp
Creating configuration testReleaseCompile
Creating configuration testReleaseApk
Creating configuration testReleaseProvided
Creating configuration testReleaseWearApp
Creating configuration mockCompile
Creating configuration mockApk
Creating configuration mockProvided
Creating configuration mockWearApp
Creating configuration androidTestMockCompile
Creating configuration androidTestMockApk
Creating configuration androidTestMockProvided
Creating configuration androidTestMockWearApp
Creating configuration testMockCompile
Creating configuration testMockApk
Creating configuration testMockProvided
Creating configuration testMockWearApp
Creating configuration prodCompile
Creating configuration prodApk
Creating configuration prodProvided
Creating configuration prodWearApp
Creating configuration androidTestProdCompile
Creating configuration androidTestProdApk
Creating configuration androidTestProdProvided
Creating configuration androidTestProdWearApp
Creating configuration testProdCompile
Creating configuration testProdApk
Creating configuration testProdProvided
Creating configuration testProdWearApp
The 'sonar-runner' plugin has been deprecated and is scheduled to be removed in Gradle 3.0. please use the official plugin from SonarQube (http://docs.sonarqube.org/display/SONAR/Analyzing+with+Gradle).
Compiling script '/Users/lee/Documents/soft/jenkins/workspace/todo-mvp-unit-test/jacoco_robolectric.gradle' using SubsetScriptTransformer.
Compiling script '/Users/lee/Documents/soft/jenkins/workspace/todo-mvp-unit-test/jacoco_robolectric.gradle' using BuildScriptTransformer.
Parsing the SDK, no caching allowed
Parsing /Users/lee/Documents/soft/android-sdk-macosx/add-ons/addon-google_apis-google-19/package.xml
Parsing /Users/lee/Documents/soft/android-sdk-macosx/add-ons/addon-google_apis-google-22/package.xml
Parsing /Users/lee/Documents/soft/android-sdk-macosx/add-ons/addon-google_apis-google-23/package.xml
Parsing /Users/lee/Documents/soft/android-sdk-macosx/build-tools/17.0.0/package.xml
Parsing /Users/lee/Documents/soft/android-sdk-macosx/build-tools/19.1.0/package.xml
Parsing /Users/lee/Documents/soft/android-sdk-macosx/build-tools/20.0.0/package.xml
Parsing /Users/lee/Documents/soft/android-sdk-macosx/build-tools/21.1.2/package.xml
Parsing /Users/lee/Documents/soft/android-sdk-macosx/build-tools/22.0.1/package.xml
Parsing /Users/lee/Documents/soft/android-sdk-macosx/build-tools/23.0.1/package.xml
Parsing /Users/lee/Documents/soft/android-sdk-macosx/build-tools/23.0.2/package.xml
Parsing /Users/lee/Documents/soft/android-sdk-macosx/build-tools/23.0.3/package.xml
Parsing /Users/lee/Documents/soft/android-sdk-macosx/docs/package.xml
Parsing /Users/lee/Documents/soft/android-sdk-macosx/extras/android/m2repository/package.xml
Parsing /Users/lee/Documents/soft/android-sdk-macosx/extras/google/auto/package.xml
Parsing /Users/lee/Documents/soft/android-sdk-macosx/extras/google/m2repository/package.xml
Parsing /Users/lee/Documents/soft/android-sdk-macosx/extras/google/simulators/package.xml
Parsing /Users/lee/Documents/soft/android-sdk-macosx/extras/intel/Hardware_Accelerated_Execution_Manager/package.xml
Parsing /Users/lee/Documents/soft/android-sdk-macosx/platform-tools/package.xml
Parsing /Users/lee/Documents/soft/android-sdk-macosx/platforms/android-15/package.xml
Parsing /Users/lee/Documents/soft/android-sdk-macosx/platforms/android-16/package.xml
Parsing /Users/lee/Documents/soft/android-sdk-macosx/platforms/android-17/package.xml
Parsing /Users/lee/Documents/soft/android-sdk-macosx/platforms/android-18/package.xml
Parsing /Users/lee/Documents/soft/android-sdk-macosx/platforms/android-19/package.xml
Parsing /Users/lee/Documents/soft/android-sdk-macosx/platforms/android-20/package.xml
Parsing /Users/lee/Documents/soft/android-sdk-macosx/platforms/android-21/package.xml
Parsing /Users/lee/Documents/soft/android-sdk-macosx/platforms/android-22/package.xml
Parsing /Users/lee/Documents/soft/android-sdk-macosx/platforms/android-23/package.xml
Parsing /Users/lee/Documents/soft/android-sdk-macosx/samples/android-15/package.xml
Parsing /Users/lee/Documents/soft/android-sdk-macosx/samples/android-16/package.xml
Parsing /Users/lee/Documents/soft/android-sdk-macosx/samples/android-17/package.xml
Parsing /Users/lee/Documents/soft/android-sdk-macosx/samples/android-18/package.xml
Parsing /Users/lee/Documents/soft/android-sdk-macosx/samples/android-19/package.xml
Parsing /Users/lee/Documents/soft/android-sdk-macosx/samples/android-21/package.xml
Parsing /Users/lee/Documents/soft/android-sdk-macosx/samples/android-22/package.xml
Parsing /Users/lee/Documents/soft/android-sdk-macosx/samples/android-23/package.xml
Parsing /Users/lee/Documents/soft/android-sdk-macosx/sources/android-15/package.xml
Parsing /Users/lee/Documents/soft/android-sdk-macosx/sources/android-16/package.xml
Parsing /Users/lee/Documents/soft/android-sdk-macosx/sources/android-17/package.xml
Parsing /Users/lee/Documents/soft/android-sdk-macosx/sources/android-18/package.xml
Parsing /Users/lee/Documents/soft/android-sdk-macosx/sources/android-19/package.xml
Parsing /Users/lee/Documents/soft/android-sdk-macosx/sources/android-21/package.xml
Parsing /Users/lee/Documents/soft/android-sdk-macosx/sources/android-22/package.xml
Parsing /Users/lee/Documents/soft/android-sdk-macosx/sources/android-23/package.xml
Parsing /Users/lee/Documents/soft/android-sdk-macosx/system-images/android-18/default/armeabi-v7a/package.xml
Parsing /Users/lee/Documents/soft/android-sdk-macosx/system-images/android-18/default/x86/package.xml
Parsing /Users/lee/Documents/soft/android-sdk-macosx/system-images/android-19/default/x86/package.xml
Parsing /Users/lee/Documents/soft/android-sdk-macosx/system-images/android-22/default/x86/package.xml
Parsing /Users/lee/Documents/soft/android-sdk-macosx/system-images/android-23/android-tv/armeabi-v7a/package.xml
Parsing /Users/lee/Documents/soft/android-sdk-macosx/system-images/android-23/google_apis/x86/package.xml
Parsing /Users/lee/Documents/soft/android-sdk-macosx/tools/package.xml
Creating configuration prodDebugCompile
Creating configuration prodDebugApk
Creating configuration prodDebugProvided
Creating configuration prodDebugWearApp
Resource missing. [HTTP GET: http://repo1.maven.org/maven2/com/android/support/appcompat-v7/23.0.1/appcompat-v7-23.0.1.pom]
Resource missing. [HTTP GET: http://repo1.maven.org/maven2/com/android/support/cardview-v7/23.0.1/cardview-v7-23.0.1.pom]
Resource missing. [HTTP GET: http://repo1.maven.org/maven2/com/android/support/design/23.0.1/design-23.0.1.pom]
Resource missing. [HTTP HEAD: http://repo1.maven.org/maven2/com/android/support/design/23.0.1/design-23.0.1.jar]
Resource missing. [HTTP GET: http://repo1.maven.org/maven2/com/android/support/recyclerview-v7/23.0.1/recyclerview-v7-23.0.1.pom]
Resource missing. [HTTP HEAD: http://repo1.maven.org/maven2/com/android/support/recyclerview-v7/23.0.1/recyclerview-v7-23.0.1.jar]
Resource missing. [HTTP GET: http://repo1.maven.org/maven2/com/android/support/support-v4/23.0.1/support-v4-23.0.1.pom]
Resource missing. [HTTP HEAD: http://repo1.maven.org/maven2/com/android/support/support-v4/23.0.1/support-v4-23.0.1.jar]
Resource missing. [HTTP GET: http://repo1.maven.org/maven2/com/android/support/test/espresso/espresso-idling-resource/2.2.1/espresso-idling-resource-2.2.1.pom]
Resource missing. [HTTP HEAD: http://repo1.maven.org/maven2/com/android/support/test/espresso/espresso-idling-resource/2.2.1/espresso-idling-resource-2.2.1.jar]
Found locally available resource with matching checksum: [http://repo1.maven.org/maven2/com/google/guava/guava/19.0/guava-19.0.pom, /Users/lee/.m2/repository/com/google/guava/guava/19.0/guava-19.0.pom]
Found locally available resource with matching checksum: [http://repo1.maven.org/maven2/com/google/guava/guava-parent/19.0/guava-parent-19.0.pom, /Users/lee/.m2/repository/com/google/guava/guava-parent/19.0/guava-parent-19.0.pom]
Found locally available resource with matching checksum: [http://repo1.maven.org/maven2/org/sonatype/oss/oss-parent/7/oss-parent-7.pom, /Users/lee/Documents/soft/jenkins/workspace/todo-mvp-unit-test/caches/modules-2/files-2.1/org.sonatype.oss/oss-parent/7/46b8a785b60a2767095b8611613b58577e96d4c9/oss-parent-7.pom]
Resource missing. [HTTP GET: http://repo1.maven.org/maven2/com/android/support/multidex/1.0.0/multidex-1.0.0.pom]
Resource missing. [HTTP HEAD: http://repo1.maven.org/maven2/com/android/support/multidex/1.0.0/multidex-1.0.0.jar]
Resource missing. [HTTP GET: http://repo1.maven.org/maven2/com/android/support/support-annotations/23.0.1/support-annotations-23.0.1.pom]
Resource missing. [HTTP HEAD: http://repo1.maven.org/maven2/com/android/support/support-annotations/23.0.1/support-annotations-23.0.1.jar]
Resource missing. [HTTP GET: http://repo1.maven.org/maven2/com/android/support/appcompat-v7/23.0.1/appcompat-v7-23.0.1.pom]
Resource missing. [HTTP HEAD: http://repo1.maven.org/maven2/com/android/support/appcompat-v7/23.0.1/appcompat-v7-23.0.1.jar]
Resource missing. [HTTP GET: http://repo1.maven.org/maven2/com/android/support/cardview-v7/23.0.1/cardview-v7-23.0.1.pom]
Resource missing. [HTTP HEAD: http://repo1.maven.org/maven2/com/android/support/cardview-v7/23.0.1/cardview-v7-23.0.1.jar]
Found locally available resource with matching checksum: [http://repo1.maven.org/maven2/com/google/guava/guava/19.0/guava-19.0.jar, /Users/lee/.m2/repository/com/google/guava/guava/19.0/guava-19.0.jar]
Creating configuration testProdDebugCompile
Creating configuration testProdDebugApk
Creating configuration testProdDebugProvided
Creating configuration testProdDebugWearApp
Creating configuration prodReleaseCompile
Creating configuration prodReleaseApk
Creating configuration prodReleaseProvided
Creating configuration prodReleaseWearApp
Creating configuration testProdReleaseCompile
Creating configuration testProdReleaseApk
Creating configuration testProdReleaseProvided
Creating configuration testProdReleaseWearApp
Creating configuration mockDebugCompile
Creating configuration mockDebugApk
Creating configuration mockDebugProvided
Creating configuration mockDebugWearApp
Creating configuration testMockDebugCompile
Creating configuration testMockDebugApk
Creating configuration testMockDebugProvided
Creating configuration testMockDebugWearApp
Incremental Java compilation disabled in variant prodDebug as you are using 2 source folders : /Users/lee/Documents/soft/jenkins/workspace/todo-mvp-unit-test/app/src/main/java,/Users/lee/Documents/soft/jenkins/workspace/todo-mvp-unit-test/app/src/prod/java
Not using incremental javac compilation.
Incremental java compilation is an incubating feature.
Found locally available resource with matching checksum: [http://repo1.maven.org/maven2/junit/junit/4.12/junit-4.12.pom, /Users/lee/Documents/soft/jenkins/workspace/todo-mvp-unit-test/caches/modules-2/files-2.1/junit/junit/4.12/35fb238baee3f3af739074d723279ebea2028398/junit-4.12.pom]
Found locally available resource with matching checksum: [http://repo1.maven.org/maven2/org/mockito/mockito-all/1.10.19/mockito-all-1.10.19.pom, /Users/lee/Documents/soft/jenkins/workspace/todo-mvp-unit-test/caches/modules-2/files-2.1/org.mockito/mockito-all/1.10.19/d85c81a54a028838b02452f74a5aeefe33e21563/mockito-all-1.10.19.pom]
Found locally available resource with matching checksum: [http://repo1.maven.org/maven2/org/hamcrest/hamcrest-all/1.3/hamcrest-all-1.3.pom, /Users/lee/Documents/soft/jenkins/workspace/todo-mvp-unit-test/caches/modules-2/files-2.1/org.hamcrest/hamcrest-all/1.3/35582613c3a0f67a12c01ce4973a14610a5f3815/hamcrest-all-1.3.pom]
Found locally available resource with matching checksum: [http://repo1.maven.org/maven2/org/hamcrest/hamcrest-parent/1.3/hamcrest-parent-1.3.pom, /Users/lee/Documents/soft/jenkins/workspace/todo-mvp-unit-test/caches/modules-2/files-2.1/org.hamcrest/hamcrest-parent/1.3/80391bd32bfa4837a15215d5e9f07c60555c379a/hamcrest-parent-1.3.pom]
Download http://repo1.maven.org/maven2/org/robolectric/robolectric/3.1.2/robolectric-3.1.2.pom
Found locally available resource with matching checksum: [http://repo1.maven.org/maven2/org/robolectric/shadows-core-v22/3.1.2/shadows-core-v22-3.1.2.pom, /Users/lee/.m2/repository/org/robolectric/shadows-core-v22/3.1.2/shadows-core-v22-3.1.2.pom]
Found locally available resource with matching checksum: [http://repo1.maven.org/maven2/org/robolectric/robolectric-utils/3.1.2/robolectric-utils-3.1.2.pom, /Users/lee/.m2/repository/org/robolectric/robolectric-utils/3.1.2/robolectric-utils-3.1.2.pom]
Download http://repo1.maven.org/maven2/org/ow2/asm/asm-commons/5.1/asm-commons-5.1.pom
Download http://repo1.maven.org/maven2/org/ow2/asm/asm-parent/5.1/asm-parent-5.1.pom
Found locally available resource with matching checksum: [http://repo1.maven.org/maven2/org/ow2/ow2/1.3/ow2-1.3.pom, /Users/lee/Documents/soft/jenkins/workspace/todo-mvp-unit-test/caches/modules-2/files-2.1/org.ow2/ow2/1.3/f679d6639bfb209b0836a5e7cf09bfbcc1a41f06/ow2-1.3.pom]
Found locally available resource with matching checksum: [http://repo1.maven.org/maven2/org/hamcrest/hamcrest-core/1.3/hamcrest-core-1.3.pom, /Users/lee/Documents/soft/jenkins/workspace/todo-mvp-unit-test/caches/modules-2/files-2.1/org.hamcrest/hamcrest-core/1.3/872e413497b906e7c9fa85ccc96046c5d1ef7ece/hamcrest-core-1.3.pom]
Found locally available resource with matching checksum: [http://repo1.maven.org/maven2/org/robolectric/robolectric-annotations/3.1.2/robolectric-annotations-3.1.2.pom, /Users/lee/.m2/repository/org/robolectric/robolectric-annotations/3.1.2/robolectric-annotations-3.1.2.pom]
Found locally available resource with matching checksum: [http://repo1.maven.org/maven2/org/robolectric/robolectric-resources/3.1.2/robolectric-resources-3.1.2.pom, /Users/lee/.m2/repository/org/robolectric/robolectric-resources/3.1.2/robolectric-resources-3.1.2.pom]
Found locally available resource with matching checksum: [http://repo1.maven.org/maven2/org/ow2/asm/asm/5.0.1/asm-5.0.1.pom, /Users/lee/.m2/repository/org/ow2/asm/asm/5.0.1/asm-5.0.1.pom]
Found locally available resource with matching checksum: [http://repo1.maven.org/maven2/org/ow2/asm/asm-parent/5.0.1/asm-parent-5.0.1.pom, /Users/lee/Documents/soft/jenkins/workspace/todo-mvp-unit-test/caches/modules-2/files-2.1/org.ow2.asm/asm-parent/5.0.1/fbd79905ab811db2c82640f58ddbd22807cfb29d/asm-parent-5.0.1.pom]
Download http://repo1.maven.org/maven2/org/ow2/asm/asm-util/5.0.1/asm-util-5.0.1.pom
Download http://repo1.maven.org/maven2/org/ow2/asm/asm-analysis/5.0.1/asm-analysis-5.0.1.pom
Download http://repo1.maven.org/maven2/org/bouncycastle/bcprov-jdk16/1.46/bcprov-jdk16-1.46.pom
Found locally available resource with matching checksum: [http://repo1.maven.org/maven2/com/ximpleware/vtd-xml/2.11/vtd-xml-2.11.pom, /Users/lee/.m2/repository/com/ximpleware/vtd-xml/2.11/vtd-xml-2.11.pom]
Download http://repo1.maven.org/maven2/com/thoughtworks/xstream/xstream/1.4.8/xstream-1.4.8.pom
Download http://repo1.maven.org/maven2/com/thoughtworks/xstream/xstream-parent/1.4.8/xstream-parent-1.4.8.pom
Download http://repo1.maven.org/maven2/org/codehaus/codehaus-parent/3/codehaus-parent-3.pom
Download http://repo1.maven.org/maven2/org/apache/ant/ant/1.8.0/ant-1.8.0.pom
Download http://repo1.maven.org/maven2/org/apache/ant/ant-parent/1.8.0/ant-parent-1.8.0.pom
Download http://repo1.maven.org/maven2/org/apache/maven/maven-ant-tasks/2.1.3/maven-ant-tasks-2.1.3.pom
Found locally available resource with matching checksum: [http://repo1.maven.org/maven2/org/apache/maven/maven-parent/19/maven-parent-19.pom, /Users/lee/.m2/repository/org/apache/maven/maven-parent/19/maven-parent-19.pom]
Found locally available resource with matching checksum: [http://repo1.maven.org/maven2/org/apache/apache/9/apache-9.pom, /Users/lee/Documents/soft/jenkins/workspace/todo-mvp-unit-test/caches/modules-2/files-2.1/org.apache/apache/9/de55d73a30c7521f3d55e8141d360ffbdfd88caa/apache-9.pom]
Found locally available resource with matching checksum: [http://repo1.maven.org/maven2/org/robolectric/shadows-core-v23/3.1.2/shadows-core-v23-3.1.2.pom, /Users/lee/.m2/repository/org/robolectric/shadows-core-v23/3.1.2/shadows-core-v23-3.1.2.pom]
Found locally available resource with matching checksum: [http://repo1.maven.org/maven2/com/almworks/sqlite4java/sqlite4java/0.282/sqlite4java-0.282.pom, /Users/lee/.m2/repository/com/almworks/sqlite4java/sqlite4java/0.282/sqlite4java-0.282.pom]
Found locally available resource with matching checksum: [http://repo1.maven.org/maven2/org/sonatype/oss/oss-parent/4/oss-parent-4.pom, /Users/lee/.m2/repository/org/sonatype/oss/oss-parent/4/oss-parent-4.pom]
Found locally available resource with matching checksum: [http://repo1.maven.org/maven2/com/ibm/icu/icu4j/53.1/icu4j-53.1.pom, /Users/lee/.m2/repository/com/ibm/icu/icu4j/53.1/icu4j-53.1.pom]
Found locally available resource with matching checksum: [http://repo1.maven.org/maven2/com/google/android/apps/common/testing/accessibility/framework/accessibility-test-framework/2.1/accessibility-test-framework-2.1.pom, /Users/lee/.m2/repository/com/google/android/apps/common/testing/accessibility/framework/accessibility-test-framework/2.1/accessibility-test-framework-2.1.pom]
Found locally available resource with matching checksum: [http://repo1.maven.org/maven2/org/ow2/asm/asm-tree/5.0.1/asm-tree-5.0.1.pom, /Users/lee/.m2/repository/org/ow2/asm/asm-tree/5.0.1/asm-tree-5.0.1.pom]
Download http://repo1.maven.org/maven2/xmlpull/xmlpull/1.1.3.1/xmlpull-1.1.3.1.pom
Found locally available resource with matching checksum: [http://repo1.maven.org/maven2/xpp3/xpp3_min/1.1.4c/xpp3_min-1.1.4c.pom, /Users/lee/.m2/repository/xpp3/xpp3_min/1.1.4c/xpp3_min-1.1.4c.pom]
Download http://repo1.maven.org/maven2/org/apache/ant/ant-launcher/1.8.0/ant-launcher-1.8.0.pom
Found locally available resource with matching checksum: [http://repo1.maven.org/maven2/classworlds/classworlds/1.1-alpha-2/classworlds-1.1-alpha-2.pom, /Users/lee/.m2/repository/classworlds/classworlds/1.1-alpha-2/classworlds-1.1-alpha-2.pom]
Found locally available resource with matching checksum: [http://repo1.maven.org/maven2/org/codehaus/plexus/plexus-container-default/1.0-alpha-9-stable-1/plexus-container-default-1.0-alpha-9-stable-1.pom, /Users/lee/.m2/repository/org/codehaus/plexus/plexus-container-default/1.0-alpha-9-stable-1/plexus-container-default-1.0-alpha-9-stable-1.pom]
Found locally available resource with matching checksum: [http://repo1.maven.org/maven2/org/codehaus/plexus/plexus-containers/1.0.3/plexus-containers-1.0.3.pom, /Users/lee/.m2/repository/org/codehaus/plexus/plexus-containers/1.0.3/plexus-containers-1.0.3.pom]
Found locally available resource with matching checksum: [http://repo1.maven.org/maven2/org/codehaus/plexus/plexus/1.0.4/plexus-1.0.4.pom, /Users/lee/.m2/repository/org/codehaus/plexus/plexus/1.0.4/plexus-1.0.4.pom]
Found locally available resource with matching checksum: [http://repo1.maven.org/maven2/org/codehaus/plexus/plexus-utils/1.5.15/plexus-utils-1.5.15.pom, /Users/lee/.m2/repository/org/codehaus/plexus/plexus-utils/1.5.15/plexus-utils-1.5.15.pom]
Found locally available resource with matching checksum: [http://repo1.maven.org/maven2/org/codehaus/plexus/plexus/2.0.2/plexus-2.0.2.pom, /Users/lee/.m2/repository/org/codehaus/plexus/plexus/2.0.2/plexus-2.0.2.pom]
Found locally available resource with matching checksum: [http://repo1.maven.org/maven2/org/codehaus/plexus/plexus-interpolation/1.11/plexus-interpolation-1.11.pom, /Users/lee/.m2/repository/org/codehaus/plexus/plexus-interpolation/1.11/plexus-interpolation-1.11.pom]
Found locally available resource with matching checksum: [http://repo1.maven.org/maven2/org/codehaus/plexus/plexus-components/1.1.14/plexus-components-1.1.14.pom, /Users/lee/.m2/repository/org/codehaus/plexus/plexus-components/1.1.14/plexus-components-1.1.14.pom]
Found locally available resource with matching checksum: [http://repo1.maven.org/maven2/org/apache/maven/maven-artifact/2.2.1/maven-artifact-2.2.1.pom, /Users/lee/.m2/repository/org/apache/maven/maven-artifact/2.2.1/maven-artifact-2.2.1.pom]
Found locally available resource with matching checksum: [http://repo1.maven.org/maven2/org/apache/maven/maven/2.2.1/maven-2.2.1.pom, /Users/lee/.m2/repository/org/apache/maven/maven/2.2.1/maven-2.2.1.pom]
Found locally available resource with matching checksum: [http://repo1.maven.org/maven2/org/apache/maven/maven-parent/11/maven-parent-11.pom, /Users/lee/.m2/repository/org/apache/maven/maven-parent/11/maven-parent-11.pom]
Found locally available resource with matching checksum: [http://repo1.maven.org/maven2/org/apache/apache/5/apache-5.pom, /Users/lee/.m2/repository/org/apache/apache/5/apache-5.pom]
Found locally available resource with matching checksum: [http://repo1.maven.org/maven2/org/apache/maven/maven-artifact-manager/2.2.1/maven-artifact-manager-2.2.1.pom, /Users/lee/.m2/repository/org/apache/maven/maven-artifact-manager/2.2.1/maven-artifact-manager-2.2.1.pom]
Found locally available resource with matching checksum: [http://repo1.maven.org/maven2/org/apache/maven/maven-model/2.2.1/maven-model-2.2.1.pom, /Users/lee/.m2/repository/org/apache/maven/maven-model/2.2.1/maven-model-2.2.1.pom]
Found locally available resource with matching checksum: [http://repo1.maven.org/maven2/org/apache/maven/maven-project/2.2.1/maven-project-2.2.1.pom, /Users/lee/.m2/repository/org/apache/maven/maven-project/2.2.1/maven-project-2.2.1.pom]
Found locally available resource with matching checksum: [http://repo1.maven.org/maven2/org/apache/maven/maven-error-diagnostics/2.2.1/maven-error-diagnostics-2.2.1.pom, /Users/lee/.m2/repository/org/apache/maven/maven-error-diagnostics/2.2.1/maven-error-diagnostics-2.2.1.pom]
Found locally available resource with matching checksum: [http://repo1.maven.org/maven2/org/apache/maven/maven-settings/2.2.1/maven-settings-2.2.1.pom, /Users/lee/.m2/repository/org/apache/maven/maven-settings/2.2.1/maven-settings-2.2.1.pom]
Download http://repo1.maven.org/maven2/org/apache/maven/wagon/wagon-file/1.0-beta-6/wagon-file-1.0-beta-6.pom
Download http://repo1.maven.org/maven2/org/apache/maven/wagon/wagon-providers/1.0-beta-6/wagon-providers-1.0-beta-6.pom
Download http://repo1.maven.org/maven2/org/apache/maven/wagon/wagon/1.0-beta-6/wagon-1.0-beta-6.pom
Download http://repo1.maven.org/maven2/org/apache/maven/wagon/wagon-http-lightweight/1.0-beta-6/wagon-http-lightweight-1.0-beta-6.pom
Download http://repo1.maven.org/maven2/org/apache/maven/wagon/wagon-provider-api/1.0-beta-6/wagon-provider-api-1.0-beta-6.pom
Found locally available resource with matching checksum: [http://repo1.maven.org/maven2/org/hamcrest/hamcrest-library/1.3/hamcrest-library-1.3.pom, /Users/lee/Documents/soft/jenkins/workspace/todo-mvp-unit-test/caches/modules-2/files-2.1/org.hamcrest/hamcrest-library/1.3/8e2a1dd4d5ba590c7a904209f1f40f66d9349ee9/hamcrest-library-1.3.pom]
Found locally available resource with matching checksum: [http://repo1.maven.org/maven2/com/google/protobuf/protobuf-java/2.6.1/protobuf-java-2.6.1.pom, /Users/lee/.m2/repository/com/google/protobuf/protobuf-java/2.6.1/protobuf-java-2.6.1.pom]
Found locally available resource with matching checksum: [http://repo1.maven.org/maven2/com/google/google/1/google-1.pom, /Users/lee/.m2/repository/com/google/google/1/google-1.pom]
Found locally available resource with matching checksum: [http://repo1.maven.org/maven2/org/apache/maven/maven-repository-metadata/2.2.1/maven-repository-metadata-2.2.1.pom, /Users/lee/.m2/repository/org/apache/maven/maven-repository-metadata/2.2.1/maven-repository-metadata-2.2.1.pom]
Found locally available resource with matching checksum: [http://repo1.maven.org/maven2/backport-util-concurrent/backport-util-concurrent/3.1/backport-util-concurrent-3.1.pom, /Users/lee/.m2/repository/backport-util-concurrent/backport-util-concurrent/3.1/backport-util-concurrent-3.1.pom]
Found locally available resource with matching checksum: [http://repo1.maven.org/maven2/org/apache/maven/maven-profile/2.2.1/maven-profile-2.2.1.pom, /Users/lee/.m2/repository/org/apache/maven/maven-profile/2.2.1/maven-profile-2.2.1.pom]
Found locally available resource with matching checksum: [http://repo1.maven.org/maven2/org/apache/maven/maven-plugin-registry/2.2.1/maven-plugin-registry-2.2.1.pom, /Users/lee/.m2/repository/org/apache/maven/maven-plugin-registry/2.2.1/maven-plugin-registry-2.2.1.pom]
Download http://repo1.maven.org/maven2/org/apache/maven/wagon/wagon-http-shared/1.0-beta-6/wagon-http-shared-1.0-beta-6.pom
Download http://repo1.maven.org/maven2/nekohtml/xercesMinimal/1.9.6.2/xercesMinimal-1.9.6.2.pom
Download http://repo1.maven.org/maven2/nekohtml/nekohtml/1.9.6.2/nekohtml-1.9.6.2.pom
Download http://repo1.maven.org/maven2/org/ow2/asm/asm-tree/5.1/asm-tree-5.1.pom
Download http://repo1.maven.org/maven2/org/ow2/asm/asm/5.1/asm-5.1.pom
Found locally available resource with matching checksum: [http://repo1.maven.org/maven2/org/hamcrest/hamcrest-core/1.3/hamcrest-core-1.3.jar, /Users/lee/Documents/soft/jenkins/workspace/todo-mvp-unit-test/caches/modules-2/files-2.1/org.hamcrest/hamcrest-core/1.3/42a25dc3219429f0e5d060061f71acb49bf010a0/hamcrest-core-1.3.jar]
Found locally available resource with matching checksum: [http://repo1.maven.org/maven2/junit/junit/4.12/junit-4.12.jar, /Users/lee/Documents/soft/jenkins/workspace/todo-mvp-unit-test/caches/modules-2/files-2.1/junit/junit/4.12/2973d150c0dc1fefe998f834810d68f278ea58ec/junit-4.12.jar]
Found locally available resource with matching checksum: [http://repo1.maven.org/maven2/org/mockito/mockito-all/1.10.19/mockito-all-1.10.19.jar, /Users/lee/Documents/soft/jenkins/workspace/todo-mvp-unit-test/caches/modules-2/files-2.1/org.mockito/mockito-all/1.10.19/539df70269cc254a58cccc5d8e43286b4a73bf30/mockito-all-1.10.19.jar]
Found locally available resource with matching checksum: [http://repo1.maven.org/maven2/org/hamcrest/hamcrest-all/1.3/hamcrest-all-1.3.jar, /Users/lee/Documents/soft/jenkins/workspace/todo-mvp-unit-test/caches/modules-2/files-2.1/org.hamcrest/hamcrest-all/1.3/63a21ebc981131004ad02e0434e799fd7f3a8d5a/hamcrest-all-1.3.jar]
Found locally available resource with matching checksum: [http://repo1.maven.org/maven2/org/robolectric/robolectric-annotations/3.1.2/robolectric-annotations-3.1.2.jar, /Users/lee/.m2/repository/org/robolectric/robolectric-annotations/3.1.2/robolectric-annotations-3.1.2.jar]
Download http://repo1.maven.org/maven2/org/ow2/asm/asm/5.1/asm-5.1.jar
Download http://repo1.maven.org/maven2/org/ow2/asm/asm-tree/5.1/asm-tree-5.1.jar
Download http://repo1.maven.org/maven2/org/ow2/asm/asm-commons/5.1/asm-commons-5.1.jar
Found locally available resource with matching checksum: [http://repo1.maven.org/maven2/org/hamcrest/hamcrest-library/1.3/hamcrest-library-1.3.jar, /Users/lee/Documents/soft/jenkins/workspace/todo-mvp-unit-test/caches/modules-2/files-2.1/org.hamcrest/hamcrest-library/1.3/4785a3c21320980282f9f33d0d1264a69040538f/hamcrest-library-1.3.jar]
Found locally available resource with matching checksum: [http://repo1.maven.org/maven2/com/google/protobuf/protobuf-java/2.6.1/protobuf-java-2.6.1.jar, /Users/lee/.m2/repository/com/google/protobuf/protobuf-java/2.6.1/protobuf-java-2.6.1.jar]
Found locally available resource with matching checksum: [http://repo1.maven.org/maven2/com/google/android/apps/common/testing/accessibility/framework/accessibility-test-framework/2.1/accessibility-test-framework-2.1.jar, /Users/lee/.m2/repository/com/google/android/apps/common/testing/accessibility/framework/accessibility-test-framework/2.1/accessibility-test-framework-2.1.jar]
Found locally available resource with matching checksum: [http://repo1.maven.org/maven2/org/robolectric/robolectric-utils/3.1.2/robolectric-utils-3.1.2.jar, /Users/lee/.m2/repository/org/robolectric/robolectric-utils/3.1.2/robolectric-utils-3.1.2.jar]
Found locally available resource with matching checksum: [http://repo1.maven.org/maven2/com/ximpleware/vtd-xml/2.11/vtd-xml-2.11.jar, /Users/lee/.m2/repository/com/ximpleware/vtd-xml/2.11/vtd-xml-2.11.jar]
Found locally available resource with matching checksum: [http://repo1.maven.org/maven2/org/robolectric/robolectric-resources/3.1.2/robolectric-resources-3.1.2.jar, /Users/lee/.m2/repository/org/robolectric/robolectric-resources/3.1.2/robolectric-resources-3.1.2.jar]
Download http://repo1.maven.org/maven2/org/ow2/asm/asm-util/5.0.1/asm-util-5.0.1.jar
Download http://repo1.maven.org/maven2/org/ow2/asm/asm-analysis/5.0.1/asm-analysis-5.0.1.jar
Download http://repo1.maven.org/maven2/org/bouncycastle/bcprov-jdk16/1.46/bcprov-jdk16-1.46.jar
Download http://repo1.maven.org/maven2/xmlpull/xmlpull/1.1.3.1/xmlpull-1.1.3.1.jar
Found locally available resource with matching checksum: [http://repo1.maven.org/maven2/xpp3/xpp3_min/1.1.4c/xpp3_min-1.1.4c.jar, /Users/lee/.m2/repository/xpp3/xpp3_min/1.1.4c/xpp3_min-1.1.4c.jar]
Download http://repo1.maven.org/maven2/com/thoughtworks/xstream/xstream/1.4.8/xstream-1.4.8.jar
Download http://repo1.maven.org/maven2/org/apache/ant/ant-launcher/1.8.0/ant-launcher-1.8.0.jar
Download http://repo1.maven.org/maven2/org/apache/ant/ant/1.8.0/ant-1.8.0.jar
Found locally available resource with matching checksum: [http://repo1.maven.org/maven2/classworlds/classworlds/1.1-alpha-2/classworlds-1.1-alpha-2.jar, /Users/lee/.m2/repository/classworlds/classworlds/1.1-alpha-2/classworlds-1.1-alpha-2.jar]
Download http://repo1.maven.org/maven2/org/codehaus/plexus/plexus-utils/1.5.15/plexus-utils-1.5.15.jar
Found locally available resource with matching checksum: [http://repo1.maven.org/maven2/org/codehaus/plexus/plexus-container-default/1.0-alpha-9-stable-1/plexus-container-default-1.0-alpha-9-stable-1.jar, /Users/lee/.m2/repository/org/codehaus/plexus/plexus-container-default/1.0-alpha-9-stable-1/plexus-container-default-1.0-alpha-9-stable-1.jar]
Found locally available resource with matching checksum: [http://repo1.maven.org/maven2/org/codehaus/plexus/plexus-interpolation/1.11/plexus-interpolation-1.11.jar, /Users/lee/.m2/repository/org/codehaus/plexus/plexus-interpolation/1.11/plexus-interpolation-1.11.jar]
Download http://repo1.maven.org/maven2/org/apache/maven/maven-artifact/2.2.1/maven-artifact-2.2.1.jar
Download http://repo1.maven.org/maven2/org/apache/maven/maven-repository-metadata/2.2.1/maven-repository-metadata-2.2.1.jar
Download http://repo1.maven.org/maven2/org/apache/maven/wagon/wagon-provider-api/1.0-beta-6/wagon-provider-api-1.0-beta-6.jar
Found locally available resource with matching checksum: [http://repo1.maven.org/maven2/backport-util-concurrent/backport-util-concurrent/3.1/backport-util-concurrent-3.1.jar, /Users/lee/.m2/repository/backport-util-concurrent/backport-util-concurrent/3.1/backport-util-concurrent-3.1.jar]
Download http://repo1.maven.org/maven2/org/apache/maven/maven-artifact-manager/2.2.1/maven-artifact-manager-2.2.1.jar
Download http://repo1.maven.org/maven2/org/apache/maven/maven-model/2.2.1/maven-model-2.2.1.jar
Download http://repo1.maven.org/maven2/org/apache/maven/maven-settings/2.2.1/maven-settings-2.2.1.jar
Download http://repo1.maven.org/maven2/org/apache/maven/maven-profile/2.2.1/maven-profile-2.2.1.jar
Download http://repo1.maven.org/maven2/org/apache/maven/maven-plugin-registry/2.2.1/maven-plugin-registry-2.2.1.jar
Download http://repo1.maven.org/maven2/org/apache/maven/maven-project/2.2.1/maven-project-2.2.1.jar
Download http://repo1.maven.org/maven2/org/apache/maven/maven-error-diagnostics/2.2.1/maven-error-diagnostics-2.2.1.jar
Download http://repo1.maven.org/maven2/org/apache/maven/wagon/wagon-file/1.0-beta-6/wagon-file-1.0-beta-6.jar
Download http://repo1.maven.org/maven2/nekohtml/xercesMinimal/1.9.6.2/xercesMinimal-1.9.6.2.jar
Download http://repo1.maven.org/maven2/nekohtml/nekohtml/1.9.6.2/nekohtml-1.9.6.2.jar
Download http://repo1.maven.org/maven2/org/apache/maven/wagon/wagon-http-shared/1.0-beta-6/wagon-http-shared-1.0-beta-6.jar
Download http://repo1.maven.org/maven2/org/apache/maven/wagon/wagon-http-lightweight/1.0-beta-6/wagon-http-lightweight-1.0-beta-6.jar
Download http://repo1.maven.org/maven2/org/apache/maven/maven-ant-tasks/2.1.3/maven-ant-tasks-2.1.3.jar
Found locally available resource with matching checksum: [http://repo1.maven.org/maven2/com/almworks/sqlite4java/sqlite4java/0.282/sqlite4java-0.282.jar, /Users/lee/.m2/repository/com/almworks/sqlite4java/sqlite4java/0.282/sqlite4java-0.282.jar]
Found locally available resource with matching checksum: [http://repo1.maven.org/maven2/com/ibm/icu/icu4j/53.1/icu4j-53.1.jar, /Users/lee/.m2/repository/com/ibm/icu/icu4j/53.1/icu4j-53.1.jar]
Found locally available resource with matching checksum: [http://repo1.maven.org/maven2/org/robolectric/shadows-core-v23/3.1.2/shadows-core-v23-3.1.2.jar, /Users/lee/.m2/repository/org/robolectric/shadows-core-v23/3.1.2/shadows-core-v23-3.1.2.jar]
Download http://repo1.maven.org/maven2/org/robolectric/robolectric/3.1.2/robolectric-3.1.2.jar
Found locally available resource with matching checksum: [http://repo1.maven.org/maven2/org/robolectric/shadows-core-v22/3.1.2/shadows-core-v22-3.1.2.jar, /Users/lee/.m2/repository/org/robolectric/shadows-core-v22/3.1.2/shadows-core-v22-3.1.2.jar]
Removed 'com.google.guava:guava:jar:19.0' from packaging of prodDebugUnitTest: Already in tested package.
Using incremental javac compilation.
Incremental Java compilation disabled in variant prodRelease as you are using 2 source folders : /Users/lee/Documents/soft/jenkins/workspace/todo-mvp-unit-test/app/src/main/java,/Users/lee/Documents/soft/jenkins/workspace/todo-mvp-unit-test/app/src/prod/java
Not using incremental javac compilation.
Removed 'com.google.guava:guava:jar:19.0' from packaging of prodReleaseUnitTest: Already in tested package.
Using incremental javac compilation.
Resource missing. [HTTP GET: http://repo1.maven.org/maven2/com/android/support/test/runner/0.4.1/runner-0.4.1.pom]
Resource missing. [HTTP GET: http://repo1.maven.org/maven2/com/android/support/test/rules/0.4.1/rules-0.4.1.pom]
Found locally available resource with matching checksum: [http://repo1.maven.org/maven2/org/mockito/mockito-core/1.10.19/mockito-core-1.10.19.pom, /Users/lee/Documents/soft/jenkins/workspace/todo-mvp-unit-test/caches/modules-2/files-2.1/org.mockito/mockito-core/1.10.19/228d760941af5e4c6e772d8761794aefe555da22/mockito-core-1.10.19.pom]
Found locally available resource with matching checksum: [http://repo1.maven.org/maven2/com/google/dexmaker/dexmaker-mockito/1.2/dexmaker-mockito-1.2.pom, /Users/lee/Documents/soft/jenkins/workspace/todo-mvp-unit-test/caches/modules-2/files-2.1/com.google.dexmaker/dexmaker-mockito/1.2/51d5af93b785d187f503c8fbab75c86b84d83c90/dexmaker-mockito-1.2.pom]
Resource missing. [HTTP GET: http://repo1.maven.org/maven2/com/android/support/test/espresso/espresso-core/2.2.1/espresso-core-2.2.1.pom]
Resource missing. [HTTP GET: http://repo1.maven.org/maven2/com/android/support/test/espresso/espresso-contrib/2.2.1/espresso-contrib-2.2.1.pom]
Resource missing. [HTTP HEAD: http://repo1.maven.org/maven2/com/android/support/test/espresso/espresso-contrib/2.2.1/espresso-contrib-2.2.1.jar]
Resource missing. [HTTP GET: http://repo1.maven.org/maven2/com/android/support/test/espresso/espresso-intents/2.2.1/espresso-intents-2.2.1.pom]
Resource missing. [HTTP HEAD: http://repo1.maven.org/maven2/com/android/support/test/espresso/espresso-intents/2.2.1/espresso-intents-2.2.1.jar]
Resource missing. [HTTP GET: http://repo1.maven.org/maven2/com/android/support/test/exposed-instrumentation-api-publish/0.4.1/exposed-instrumentation-api-publish-0.4.1.pom]
Resource missing. [HTTP HEAD: http://repo1.maven.org/maven2/com/android/support/test/exposed-instrumentation-api-publish/0.4.1/exposed-instrumentation-api-publish-0.4.1.aar]
Found locally available resource with matching checksum: [http://repo1.maven.org/maven2/org/objenesis/objenesis/2.1/objenesis-2.1.pom, /Users/lee/Documents/soft/jenkins/workspace/todo-mvp-unit-test/caches/modules-2/files-2.1/org.objenesis/objenesis/2.1/362dfc522ff5a1401838f136cb7a7ec99033fc33/objenesis-2.1.pom]
Found locally available resource with matching checksum: [http://repo1.maven.org/maven2/org/objenesis/objenesis-parent/2.1/objenesis-parent-2.1.pom, /Users/lee/Documents/soft/jenkins/workspace/todo-mvp-unit-test/caches/modules-2/files-2.1/org.objenesis/objenesis-parent/2.1/156a12a0fcf8ed856bdc60ce10550ea46fba8eaa/objenesis-parent-2.1.pom]
Found locally available resource with matching checksum: [http://repo1.maven.org/maven2/com/squareup/javawriter/2.1.1/javawriter-2.1.1.pom, /Users/lee/Documents/soft/jenkins/workspace/todo-mvp-unit-test/caches/modules-2/files-2.1/com.squareup/javawriter/2.1.1/96cec80cd5523edeb350e3aaede11430cef7be55/javawriter-2.1.1.pom]
Found locally available resource with matching checksum: [http://repo1.maven.org/maven2/javax/inject/javax.inject/1/javax.inject-1.pom, /Users/lee/Documents/soft/jenkins/workspace/todo-mvp-unit-test/caches/modules-2/files-2.1/javax.inject/javax.inject/1/b8e00a8a0deb0ebef447570e37ff8146ccd92cbe/javax.inject-1.pom]
Found locally available resource with matching checksum: [http://repo1.maven.org/maven2/org/hamcrest/hamcrest-integration/1.3/hamcrest-integration-1.3.pom, /Users/lee/Documents/soft/jenkins/workspace/todo-mvp-unit-test/caches/modules-2/files-2.1/org.hamcrest/hamcrest-integration/1.3/6175ef91dd87a6d909f7442f0a421acd227996b9/hamcrest-integration-1.3.pom]
Found locally available resource with matching checksum: [http://repo1.maven.org/maven2/com/google/code/findbugs/jsr305/2.0.1/jsr305-2.0.1.pom, /Users/lee/Documents/soft/jenkins/workspace/todo-mvp-unit-test/caches/modules-2/files-2.1/com.google.code.findbugs/jsr305/2.0.1/95efa8cea662452bb74b34abe09a93ff47625c8f/jsr305-2.0.1.pom]
Found locally available resource with matching checksum: [http://repo1.maven.org/maven2/javax/annotation/javax.annotation-api/1.2/javax.annotation-api-1.2.pom, /Users/lee/Documents/soft/jenkins/workspace/todo-mvp-unit-test/caches/modules-2/files-2.1/javax.annotation/javax.annotation-api/1.2/d90e6c7f83898fe30f83aeaf4d411285f970a433/javax.annotation-api-1.2.pom]
Found locally available resource with matching checksum: [http://repo1.maven.org/maven2/net/java/jvnet-parent/3/jvnet-parent-3.pom, /Users/lee/Documents/soft/jenkins/workspace/todo-mvp-unit-test/caches/modules-2/files-2.1/net.java/jvnet-parent/3/f8f3be3e980551a39b5679411e171aeb6931aaec/jvnet-parent-3.pom]
Found locally available resource with matching checksum: [http://repo1.maven.org/maven2/com/google/android/apps/common/testing/accessibility/framework/accessibility-test-framework/2.0/accessibility-test-framework-2.0.pom, /Users/lee/Documents/soft/jenkins/workspace/todo-mvp-unit-test/caches/modules-2/files-2.1/com.google.android.apps.common.testing.accessibility.framework/accessibility-test-framework/2.0/d3a5c5576057756f847f36d6581620b364522693/accessibility-test-framework-2.0.pom]

FAILURE: Build failed with an exception.

* What went wrong:
A problem occurred configuring project ':app'.
> Could not resolve all dependencies for configuration ':app:_prodDebugAndroidTestCompile'.
   > Could not resolve com.google.dexmaker:dexmaker:1.2.
     Required by:
         todo-mvp-unit-test:app:unspecified
      > Could not resolve com.google.dexmaker:dexmaker:1.2.
         > Could not get resource 'http://repo1.maven.org/maven2/com/google/dexmaker/dexmaker/1.2/dexmaker-1.2.pom'.
            > Could not HEAD 'http://repo1.maven.org/maven2/com/google/dexmaker/dexmaker/1.2/dexmaker-1.2.pom'.
               > Connection reset
   > Could not resolve com.google.dexmaker:dexmaker-mockito:1.2.
     Required by:
         todo-mvp-unit-test:app:unspecified
      > Could not resolve com.google.dexmaker:dexmaker-mockito:1.2.
         > Could not parse POM http://repo1.maven.org/maven2/com/google/dexmaker/dexmaker-mockito/1.2/dexmaker-mockito-1.2.pom
            > Could not resolve com.google.dexmaker:dexmaker-parent:1.2.
               > Could not resolve com.google.dexmaker:dexmaker-parent:1.2.
                  > Could not get resource 'http://repo1.maven.org/maven2/com/google/dexmaker/dexmaker-parent/1.2/dexmaker-parent-1.2.pom'.
                     > Could not HEAD 'http://repo1.maven.org/maven2/com/google/dexmaker/dexmaker-parent/1.2/dexmaker-parent-1.2.pom'.
                        > Connection reset

* Try:
Run with --debug option to get more log output.

* Exception is:
org.gradle.api.ProjectConfigurationException: A problem occurred configuring project ':app'.
	at org.gradle.configuration.project.LifecycleProjectEvaluator.addConfigurationFailure(LifecycleProjectEvaluator.java:79)
	at org.gradle.configuration.project.LifecycleProjectEvaluator.notifyAfterEvaluate(LifecycleProjectEvaluator.java:74)
	at org.gradle.configuration.project.LifecycleProjectEvaluator.evaluate(LifecycleProjectEvaluator.java:61)
	at org.gradle.api.internal.project.AbstractProject.evaluate(AbstractProject.java:521)
	at org.gradle.api.internal.project.AbstractProject.evaluate(AbstractProject.java:92)
	at org.gradle.execution.TaskPathProjectEvaluator.configureHierarchy(TaskPathProjectEvaluator.java:47)
	at org.gradle.configuration.DefaultBuildConfigurer.configure(DefaultBuildConfigurer.java:35)
	at org.gradle.initialization.DefaultGradleLauncher$2.run(DefaultGradleLauncher.java:125)
	at org.gradle.internal.Factories$1.create(Factories.java:22)
	at org.gradle.internal.progress.DefaultBuildOperationExecutor.run(DefaultBuildOperationExecutor.java:90)
	at org.gradle.internal.progress.DefaultBuildOperationExecutor.run(DefaultBuildOperationExecutor.java:52)
	at org.gradle.initialization.DefaultGradleLauncher.doBuildStages(DefaultGradleLauncher.java:122)
	at org.gradle.initialization.DefaultGradleLauncher.access$200(DefaultGradleLauncher.java:32)
	at org.gradle.initialization.DefaultGradleLauncher$1.create(DefaultGradleLauncher.java:99)
	at org.gradle.initialization.DefaultGradleLauncher$1.create(DefaultGradleLauncher.java:93)
	at org.gradle.internal.progress.DefaultBuildOperationExecutor.run(DefaultBuildOperationExecutor.java:90)
	at org.gradle.internal.progress.DefaultBuildOperationExecutor.run(DefaultBuildOperationExecutor.java:62)
	at org.gradle.initialization.DefaultGradleLauncher.doBuild(DefaultGradleLauncher.java:93)
	at org.gradle.initialization.DefaultGradleLauncher.run(DefaultGradleLauncher.java:82)
	at org.gradle.launcher.exec.InProcessBuildActionExecuter$DefaultBuildController.run(InProcessBuildActionExecuter.java:94)
	at org.gradle.tooling.internal.provider.ExecuteBuildActionRunner.run(ExecuteBuildActionRunner.java:28)
	at org.gradle.launcher.exec.ChainingBuildActionRunner.run(ChainingBuildActionRunner.java:35)
	at org.gradle.launcher.exec.InProcessBuildActionExecuter.execute(InProcessBuildActionExecuter.java:43)
	at org.gradle.launcher.exec.InProcessBuildActionExecuter.execute(InProcessBuildActionExecuter.java:28)
	at org.gradle.launcher.exec.ContinuousBuildActionExecuter.execute(ContinuousBuildActionExecuter.java:75)
	at org.gradle.launcher.exec.ContinuousBuildActionExecuter.execute(ContinuousBuildActionExecuter.java:45)
	at org.gradle.launcher.daemon.server.exec.ExecuteBuild.doBuild(ExecuteBuild.java:52)
	at org.gradle.launcher.daemon.server.exec.BuildCommandOnly.execute(BuildCommandOnly.java:36)
	at org.gradle.launcher.daemon.server.api.DaemonCommandExecution.proceed(DaemonCommandExecution.java:120)
	at org.gradle.launcher.daemon.server.exec.WatchForDisconnection.execute(WatchForDisconnection.java:37)
	at org.gradle.launcher.daemon.server.api.DaemonCommandExecution.proceed(DaemonCommandExecution.java:120)
	at org.gradle.launcher.daemon.server.exec.ResetDeprecationLogger.execute(ResetDeprecationLogger.java:26)
	at org.gradle.launcher.daemon.server.api.DaemonCommandExecution.proceed(DaemonCommandExecution.java:120)
	at org.gradle.launcher.daemon.server.exec.RequestStopIfSingleUsedDaemon.execute(RequestStopIfSingleUsedDaemon.java:34)
	at org.gradle.launcher.daemon.server.api.DaemonCommandExecution.proceed(DaemonCommandExecution.java:120)
	at org.gradle.launcher.daemon.server.exec.ForwardClientInput$2.call(ForwardClientInput.java:74)
	at org.gradle.launcher.daemon.server.exec.ForwardClientInput$2.call(ForwardClientInput.java:72)
	at org.gradle.util.Swapper.swap(Swapper.java:38)
	at org.gradle.launcher.daemon.server.exec.ForwardClientInput.execute(ForwardClientInput.java:72)
	at org.gradle.launcher.daemon.server.api.DaemonCommandExecution.proceed(DaemonCommandExecution.java:120)
	at org.gradle.launcher.daemon.server.health.DaemonHealthTracker.execute(DaemonHealthTracker.java:40)
	at org.gradle.launcher.daemon.server.api.DaemonCommandExecution.proceed(DaemonCommandExecution.java:120)
	at org.gradle.launcher.daemon.server.exec.LogToClient.doBuild(LogToClient.java:66)
	at org.gradle.launcher.daemon.server.exec.BuildCommandOnly.execute(BuildCommandOnly.java:36)
	at org.gradle.launcher.daemon.server.api.DaemonCommandExecution.proceed(DaemonCommandExecution.java:120)
	at org.gradle.launcher.daemon.server.exec.EstablishBuildEnvironment.doBuild(EstablishBuildEnvironment.java:72)
	at org.gradle.launcher.daemon.server.exec.BuildCommandOnly.execute(BuildCommandOnly.java:36)
	at org.gradle.launcher.daemon.server.api.DaemonCommandExecution.proceed(DaemonCommandExecution.java:120)
	at org.gradle.launcher.daemon.server.health.HintGCAfterBuild.execute(HintGCAfterBuild.java:41)
	at org.gradle.launcher.daemon.server.api.DaemonCommandExecution.proceed(DaemonCommandExecution.java:120)
	at org.gradle.launcher.daemon.server.exec.StartBuildOrRespondWithBusy$1.run(StartBuildOrRespondWithBusy.java:50)
	at org.gradle.launcher.daemon.server.DaemonStateCoordinator$1.run(DaemonStateCoordinator.java:246)
	at org.gradle.internal.concurrent.ExecutorPolicy$CatchAndRecordFailures.onExecute(ExecutorPolicy.java:54)
	at org.gradle.internal.concurrent.StoppableExecutorImpl$1.run(StoppableExecutorImpl.java:40)
Caused by: org.gradle.api.artifacts.ResolveException: Could not resolve all dependencies for configuration ':app:_prodDebugAndroidTestCompile'.
	at org.gradle.api.internal.artifacts.ivyservice.DefaultLenientConfiguration.rethrowFailure(DefaultLenientConfiguration.java:62)
	at org.gradle.api.internal.artifacts.ivyservice.DefaultResolvedConfiguration.rethrowFailure(DefaultResolvedConfiguration.java:36)
	at org.gradle.api.internal.artifacts.ivyservice.DefaultResolvedConfiguration.getResolvedArtifacts(DefaultResolvedConfiguration.java:59)
	at org.gradle.api.internal.artifacts.ivyservice.SelfResolvingDependencyConfigurationResolver$FilesAggregatingResolvedConfiguration.getResolvedArtifacts(SelfResolvingDependencyConfigurationResolver.java:92)
	at org.gradle.api.internal.artifacts.ivyservice.ErrorHandlingConfigurationResolver$ErrorHandlingResolvedConfiguration.getResolvedArtifacts(ErrorHandlingConfigurationResolver.java:221)
	at com.android.build.gradle.internal.DependencyManager.collectArtifacts(DependencyManager.java:747)
	at com.android.build.gradle.internal.DependencyManager.resolveDependencyForConfig(DependencyManager.java:255)
	at com.android.build.gradle.internal.DependencyManager.resolveDependencies(DependencyManager.java:139)
	at com.android.build.gradle.internal.TaskManager.resolveDependencies(TaskManager.java:356)
	at com.android.build.gradle.internal.VariantManager$7.call(VariantManager.java:429)
	at com.android.build.gradle.internal.VariantManager$7.call(VariantManager.java:426)
	at com.android.builder.profile.ThreadRecorder$1.record(ThreadRecorder.java:55)
	at com.android.builder.profile.ThreadRecorder$1.record(ThreadRecorder.java:47)
	at com.android.build.gradle.internal.profile.SpanRecorders.record(SpanRecorders.java:51)
	at com.android.build.gradle.internal.VariantManager.createTasksForVariantData(VariantManager.java:425)
	at com.android.build.gradle.internal.VariantManager$3.call(VariantManager.java:285)
	at com.android.build.gradle.internal.VariantManager$3.call(VariantManager.java:282)
	at com.android.builder.profile.ThreadRecorder$1.record(ThreadRecorder.java:55)
	at com.android.builder.profile.ThreadRecorder$1.record(ThreadRecorder.java:47)
	at com.android.build.gradle.internal.profile.SpanRecorders.record(SpanRecorders.java:51)
	at com.android.build.gradle.internal.VariantManager.createAndroidTasks(VariantManager.java:281)
	at com.android.build.gradle.BasePlugin$12.call(BasePlugin.java:657)
	at com.android.build.gradle.BasePlugin$12.call(BasePlugin.java:654)
	at com.android.builder.profile.ThreadRecorder$1.record(ThreadRecorder.java:55)
	at com.android.builder.profile.ThreadRecorder$1.record(ThreadRecorder.java:47)
	at com.android.build.gradle.BasePlugin.createAndroidTasks(BasePlugin.java:653)
	at com.android.build.gradle.BasePlugin$10$1.call(BasePlugin.java:572)
	at com.android.build.gradle.BasePlugin$10$1.call(BasePlugin.java:569)
	at com.android.builder.profile.ThreadRecorder$1.record(ThreadRecorder.java:55)
	at com.android.builder.profile.ThreadRecorder$1.record(ThreadRecorder.java:47)
	at com.android.build.gradle.BasePlugin$10.execute(BasePlugin.java:568)
	at com.android.build.gradle.BasePlugin$10.execute(BasePlugin.java:565)
	at org.gradle.internal.event.BroadcastDispatch$ActionInvocationHandler.dispatch(BroadcastDispatch.java:93)
	at org.gradle.internal.event.BroadcastDispatch$ActionInvocationHandler.dispatch(BroadcastDispatch.java:82)
	at org.gradle.internal.event.AbstractBroadcastDispatch.dispatch(AbstractBroadcastDispatch.java:44)
	at org.gradle.internal.event.BroadcastDispatch.dispatch(BroadcastDispatch.java:79)
	at org.gradle.internal.event.BroadcastDispatch.dispatch(BroadcastDispatch.java:30)
	at org.gradle.messaging.dispatch.ProxyDispatchAdapter$DispatchingInvocationHandler.invoke(ProxyDispatchAdapter.java:93)
	at com.sun.proxy.$Proxy10.afterEvaluate(Unknown Source)
	at org.gradle.configuration.project.LifecycleProjectEvaluator.notifyAfterEvaluate(LifecycleProjectEvaluator.java:67)
	... 52 more
Caused by: org.gradle.internal.resolve.ModuleVersionResolveException: Could not resolve com.google.dexmaker:dexmaker:1.2.
Required by:
    todo-mvp-unit-test:app:unspecified
	at org.gradle.api.internal.artifacts.ivyservice.ivyresolve.RepositoryChainComponentMetaDataResolver.resolveModule(RepositoryChainComponentMetaDataResolver.java:83)
	at org.gradle.api.internal.artifacts.ivyservice.ivyresolve.RepositoryChainComponentMetaDataResolver.resolve(RepositoryChainComponentMetaDataResolver.java:59)
	at org.gradle.api.internal.artifacts.ivyservice.resolveengine.ComponentResolversChain$ComponentMetaDataResolverChain.resolve(ComponentResolversChain.java:80)
	at org.gradle.api.internal.artifacts.ivyservice.clientmodule.ClientModuleResolver.resolve(ClientModuleResolver.java:44)
	at org.gradle.api.internal.artifacts.ivyservice.resolveengine.graph.DependencyGraphBuilder$ModuleVersionResolveState.resolve(DependencyGraphBuilder.java:560)
	at org.gradle.api.internal.artifacts.ivyservice.resolveengine.graph.DependencyGraphBuilder$ModuleVersionResolveState.getMetaData(DependencyGraphBuilder.java:570)
	at org.gradle.api.internal.artifacts.ivyservice.resolveengine.graph.DependencyGraphBuilder$DependencyEdge.calculateTargetConfigurations(DependencyGraphBuilder.java:256)
	at org.gradle.api.internal.artifacts.ivyservice.resolveengine.graph.DependencyGraphBuilder$DependencyEdge.attachToTargetConfigurations(DependencyGraphBuilder.java:230)
	at org.gradle.api.internal.artifacts.ivyservice.resolveengine.graph.DependencyGraphBuilder.traverseGraph(DependencyGraphBuilder.java:137)
	at org.gradle.api.internal.artifacts.ivyservice.resolveengine.graph.DependencyGraphBuilder.resolve(DependencyGraphBuilder.java:75)
	at org.gradle.api.internal.artifacts.ivyservice.resolveengine.DefaultArtifactDependencyResolver$1.execute(DefaultArtifactDependencyResolver.java:88)
	at org.gradle.api.internal.artifacts.ivyservice.resolveengine.DefaultArtifactDependencyResolver$1.execute(DefaultArtifactDependencyResolver.java:78)
	at org.gradle.internal.Transformers$4.transform(Transformers.java:137)
	at org.gradle.api.internal.artifacts.ivyservice.DefaultIvyContextManager.withIvy(DefaultIvyContextManager.java:61)
	at org.gradle.api.internal.artifacts.ivyservice.DefaultIvyContextManager.withIvy(DefaultIvyContextManager.java:39)
	at org.gradle.api.internal.artifacts.ivyservice.resolveengine.DefaultArtifactDependencyResolver.resolve(DefaultArtifactDependencyResolver.java:78)
	at org.gradle.api.internal.artifacts.ivyservice.CacheLockingArtifactDependencyResolver$1.run(CacheLockingArtifactDependencyResolver.java:41)
	at org.gradle.internal.Factories$1.create(Factories.java:22)
	at org.gradle.cache.internal.DefaultCacheAccess.useCache(DefaultCacheAccess.java:192)
	at org.gradle.cache.internal.DefaultCacheAccess.useCache(DefaultCacheAccess.java:175)
	at org.gradle.cache.internal.DefaultPersistentDirectoryStore.useCache(DefaultPersistentDirectoryStore.java:106)
	at org.gradle.cache.internal.DefaultCacheFactory$ReferenceTrackingCache.useCache(DefaultCacheFactory.java:187)
	at org.gradle.api.internal.artifacts.ivyservice.DefaultCacheLockingManager.useCache(DefaultCacheLockingManager.java:64)
	at org.gradle.api.internal.artifacts.ivyservice.CacheLockingArtifactDependencyResolver.resolve(CacheLockingArtifactDependencyResolver.java:39)
	at org.gradle.api.internal.artifacts.ivyservice.DefaultConfigurationResolver.resolve(DefaultConfigurationResolver.java:91)
	at org.gradle.api.internal.artifacts.ivyservice.SelfResolvingDependencyConfigurationResolver.resolve(SelfResolvingDependencyConfigurationResolver.java:40)
	at org.gradle.api.internal.artifacts.ivyservice.ShortCircuitEmptyConfigurationResolver.resolve(ShortCircuitEmptyConfigurationResolver.java:52)
	at org.gradle.api.internal.artifacts.ivyservice.ErrorHandlingConfigurationResolver.resolve(ErrorHandlingConfigurationResolver.java:43)
	at org.gradle.api.internal.artifacts.configurations.DefaultConfiguration.resolveGraphIfRequired(DefaultConfiguration.java:367)
	at org.gradle.api.internal.artifacts.configurations.DefaultConfiguration.resolveNow(DefaultConfiguration.java:342)
	at org.gradle.api.internal.artifacts.configurations.DefaultConfiguration.getResolvedConfiguration(DefaultConfiguration.java:335)
	at org.gradle.api.internal.artifacts.configurations.DefaultConfiguration_Decorated.getResolvedConfiguration(Unknown Source)
	... 87 more
Caused by: org.gradle.internal.resolve.ModuleVersionResolveException: Could not resolve com.google.dexmaker:dexmaker:1.2.
	at org.gradle.api.internal.artifacts.ivyservice.ivyresolve.ErrorHandlingModuleComponentRepository$ErrorHandlingModuleComponentRepositoryAccess.resolveComponentMetaData(ErrorHandlingModuleComponentRepository.java:91)
	at org.gradle.api.internal.artifacts.ivyservice.ivyresolve.ComponentMetaDataResolveState.process(ComponentMetaDataResolveState.java:66)
	at org.gradle.api.internal.artifacts.ivyservice.ivyresolve.ComponentMetaDataResolveState.resolve(ComponentMetaDataResolveState.java:58)
	at org.gradle.api.internal.artifacts.ivyservice.ivyresolve.RepositoryChainComponentMetaDataResolver.findBestMatch(RepositoryChainComponentMetaDataResolver.java:116)
	at org.gradle.api.internal.artifacts.ivyservice.ivyresolve.RepositoryChainComponentMetaDataResolver.findBestMatch(RepositoryChainComponentMetaDataResolver.java:99)
	at org.gradle.api.internal.artifacts.ivyservice.ivyresolve.RepositoryChainComponentMetaDataResolver.resolveModule(RepositoryChainComponentMetaDataResolver.java:72)
	... 118 more
Caused by: org.gradle.internal.resource.ResourceException: Could not get resource 'http://repo1.maven.org/maven2/com/google/dexmaker/dexmaker/1.2/dexmaker-1.2.pom'.
	at org.gradle.internal.resource.ResourceException.failure(ResourceException.java:61)
	at org.gradle.api.internal.artifacts.repositories.resolver.DefaultExternalResourceArtifactResolver.downloadStaticResource(DefaultExternalResourceArtifactResolver.java:99)
	at org.gradle.api.internal.artifacts.repositories.resolver.DefaultExternalResourceArtifactResolver.resolveArtifact(DefaultExternalResourceArtifactResolver.java:58)
	at org.gradle.api.internal.artifacts.repositories.resolver.ExternalResourceResolver.parseMetaDataFromArtifact(ExternalResourceResolver.java:164)
	at org.gradle.api.internal.artifacts.repositories.resolver.ExternalResourceResolver.resolveStaticDependency(ExternalResourceResolver.java:143)
	at org.gradle.api.internal.artifacts.repositories.resolver.MavenResolver.doResolveComponentMetaData(MavenResolver.java:93)
	at org.gradle.api.internal.artifacts.repositories.resolver.ExternalResourceResolver$RemoteRepositoryAccess.resolveComponentMetaData(ExternalResourceResolver.java:409)
	at org.gradle.api.internal.artifacts.ivyservice.ivyresolve.CacheLockReleasingModuleComponentsRepository$LockReleasingRepositoryAccess$2.run(CacheLockReleasingModuleComponentsRepository.java:71)
	at org.gradle.internal.Factories$1.create(Factories.java:22)
	at org.gradle.cache.internal.DefaultCacheAccess.longRunningOperation(DefaultCacheAccess.java:242)
	at org.gradle.cache.internal.DefaultCacheAccess.longRunningOperation(DefaultCacheAccess.java:313)
	at org.gradle.cache.internal.DefaultPersistentDirectoryStore.longRunningOperation(DefaultPersistentDirectoryStore.java:114)
	at org.gradle.cache.internal.DefaultCacheFactory$ReferenceTrackingCache.longRunningOperation(DefaultCacheFactory.java:179)
	at org.gradle.api.internal.artifacts.ivyservice.DefaultCacheLockingManager.longRunningOperation(DefaultCacheLockingManager.java:56)
	at org.gradle.api.internal.artifacts.ivyservice.ivyresolve.CacheLockReleasingModuleComponentsRepository$LockReleasingRepositoryAccess.resolveComponentMetaData(CacheLockReleasingModuleComponentsRepository.java:69)
	at org.gradle.api.internal.artifacts.ivyservice.ivyresolve.CachingModuleComponentRepository$ResolveAndCacheRepositoryAccess.resolveComponentMetaData(CachingModuleComponentRepository.java:297)
	at org.gradle.api.internal.artifacts.ivyservice.ivyresolve.BaseModuleComponentRepositoryAccess.resolveComponentMetaData(BaseModuleComponentRepositoryAccess.java:42)
	at org.gradle.api.internal.artifacts.ivyservice.ivyresolve.memcache.InMemoryCachedModuleComponentRepository$CachedAccess.resolveComponentMetaData(InMemoryCachedModuleComponentRepository.java:75)
	at org.gradle.api.internal.artifacts.ivyservice.ivyresolve.ErrorHandlingModuleComponentRepository$ErrorHandlingModuleComponentRepositoryAccess.resolveComponentMetaData(ErrorHandlingModuleComponentRepository.java:89)
	... 123 more
Caused by: org.gradle.internal.resource.transport.http.HttpRequestException: Could not HEAD 'http://repo1.maven.org/maven2/com/google/dexmaker/dexmaker/1.2/dexmaker-1.2.pom'.
	at org.gradle.internal.resource.transport.http.HttpClientHelper.performRequest(HttpClientHelper.java:72)
	at org.gradle.internal.resource.transport.http.HttpClientHelper.performRawHead(HttpClientHelper.java:50)
	at org.gradle.internal.resource.transport.http.HttpClientHelper.performHead(HttpClientHelper.java:54)
	at org.gradle.internal.resource.transport.http.HttpResourceAccessor.getMetaData(HttpResourceAccessor.java:85)
	at org.gradle.internal.resource.transfer.DefaultExternalResourceConnector.getMetaData(DefaultExternalResourceConnector.java:47)
	at org.gradle.internal.resource.transport.DefaultExternalResourceRepository.getResourceMetaData(DefaultExternalResourceRepository.java:68)
	at org.gradle.internal.resource.transfer.DefaultCacheAwareExternalResourceAccessor.getResource(DefaultCacheAwareExternalResourceAccessor.java:84)
	at org.gradle.api.internal.artifacts.repositories.resolver.DefaultExternalResourceArtifactResolver.downloadStaticResource(DefaultExternalResourceArtifactResolver.java:90)
	... 140 more
Caused by: java.net.SocketException: Connection reset
	at org.apache.http.impl.io.SessionInputBufferImpl.streamRead(SessionInputBufferImpl.java:139)
	at org.apache.http.impl.io.SessionInputBufferImpl.fillBuffer(SessionInputBufferImpl.java:155)
	at org.apache.http.impl.io.SessionInputBufferImpl.readLine(SessionInputBufferImpl.java:284)
	at org.apache.http.impl.conn.DefaultHttpResponseParser.parseHead(DefaultHttpResponseParser.java:140)
	at org.apache.http.impl.conn.DefaultHttpResponseParser.parseHead(DefaultHttpResponseParser.java:57)
	at org.apache.http.impl.io.AbstractMessageParser.parse(AbstractMessageParser.java:261)
	at org.apache.http.impl.DefaultBHttpClientConnection.receiveResponseHeader(DefaultBHttpClientConnection.java:165)
	at org.apache.http.impl.conn.CPoolProxy.receiveResponseHeader(CPoolProxy.java:167)
	at org.apache.http.protocol.HttpRequestExecutor.doReceiveResponse(HttpRequestExecutor.java:272)
	at org.apache.http.protocol.HttpRequestExecutor.execute(HttpRequestExecutor.java:124)
	at org.apache.http.impl.execchain.MainClientExec.execute(MainClientExec.java:271)
	at org.apache.http.impl.execchain.ProtocolExec.execute(ProtocolExec.java:184)
	at org.apache.http.impl.execchain.RetryExec.execute(RetryExec.java:88)
	at org.apache.http.impl.execchain.RedirectExec.execute(RedirectExec.java:110)
	at org.apache.http.impl.client.InternalHttpClient.doExecute(InternalHttpClient.java:184)
	at org.apache.http.impl.client.CloseableHttpClient.execute(CloseableHttpClient.java:82)
	at org.gradle.internal.resource.transport.http.HttpClientHelper.performHttpRequest(HttpClientHelper.java:102)
	at org.gradle.internal.resource.transport.http.HttpClientHelper.executeGetOrHead(HttpClientHelper.java:79)
	at org.gradle.internal.resource.transport.http.HttpClientHelper.performRequest(HttpClientHelper.java:70)
	... 147 more


BUILD FAILED

Total time: 52.882 secs
19:30:50.565 [DEBUG] [org.gradle.cache.internal.DefaultFileLockManager] Releasing lock on cp_settings class cache for settings file '/Users/lee/Documents/soft/jenkins/workspace/todo-mvp-unit-test/settings.gradle' (/Users/lee/Documents/soft/jenkins/workspace/todo-mvp-unit-test/caches/2.11/scripts/settings_bb79ubhtg05ptjgo3rcadxpze/cp_settings).
19:30:50.566 [DEBUG] [org.gradle.cache.internal.DefaultFileLockManager] Releasing lock on settings class cache for settings file '/Users/lee/Documents/soft/jenkins/workspace/todo-mvp-unit-test/settings.gradle' (/Users/lee/Documents/soft/jenkins/workspace/todo-mvp-unit-test/caches/2.11/scripts/settings_bb79ubhtg05ptjgo3rcadxpze/settings).
19:30:50.566 [DEBUG] [org.gradle.cache.internal.DefaultFileLockManager] Releasing lock on cp_proj class cache for build file '/Users/lee/Documents/soft/jenkins/workspace/todo-mvp-unit-test/build.gradle' (/Users/lee/Documents/soft/jenkins/workspace/todo-mvp-unit-test/caches/2.11/scripts/build_aucj1haju137emwpfkjo1h74q/cp_proj).
19:30:50.566 [DEBUG] [org.gradle.cache.internal.DefaultFileLockManager] Releasing lock on proj class cache for build file '/Users/lee/Documents/soft/jenkins/workspace/todo-mvp-unit-test/build.gradle' (/Users/lee/Documents/soft/jenkins/workspace/todo-mvp-unit-test/caches/2.11/scripts/build_aucj1haju137emwpfkjo1h74q/proj).
19:30:50.566 [DEBUG] [org.gradle.cache.internal.DefaultFileLockManager] Releasing lock on cp_proj class cache for build file '/Users/lee/Documents/soft/jenkins/workspace/todo-mvp-unit-test/app/build.gradle' (/Users/lee/Documents/soft/jenkins/workspace/todo-mvp-unit-test/caches/2.11/scripts/build_1iz9tm755llg2kb6u36oyecni/cp_proj).
19:30:50.566 [DEBUG] [org.gradle.cache.internal.DefaultFileLockManager] Releasing lock on proj class cache for build file '/Users/lee/Documents/soft/jenkins/workspace/todo-mvp-unit-test/app/build.gradle' (/Users/lee/Documents/soft/jenkins/workspace/todo-mvp-unit-test/caches/2.11/scripts/build_1iz9tm755llg2kb6u36oyecni/proj).
19:30:50.566 [DEBUG] [org.gradle.cache.internal.DefaultFileLockManager] Releasing lock on cp_dsl class cache for script '/Users/lee/Documents/soft/jenkins/workspace/todo-mvp-unit-test/jacoco_robolectric.gradle' (/Users/lee/Documents/soft/jenkins/workspace/todo-mvp-unit-test/caches/2.11/scripts/jacoco_robolectric_931z6ltmevga0ve6na0xozfy1/cp_dsl).
19:30:50.566 [DEBUG] [org.gradle.cache.internal.DefaultFileLockManager] Releasing lock on dsl class cache for script '/Users/lee/Documents/soft/jenkins/workspace/todo-mvp-unit-test/jacoco_robolectric.gradle' (/Users/lee/Documents/soft/jenkins/workspace/todo-mvp-unit-test/caches/2.11/scripts/jacoco_robolectric_931z6ltmevga0ve6na0xozfy1/dsl).
19:30:50.567 [DEBUG] [org.gradle.api.internal.artifacts.ivyservice.ivyresolve.memcache.InMemoryCachedRepositoryFactory] In-memory dependency metadata cache closed. Repos cached: 36, cache instances: 6, modules served from cache: 243, artifacts: 73
19:30:50.568 [DEBUG] [org.gradle.cache.internal.btree.BTreePersistentIndexedCache] Closing cache module-versions.bin (/Users/lee/Documents/soft/jenkins/workspace/todo-mvp-unit-test/caches/modules-2/metadata-2.16/module-versions.bin)
19:30:50.568 [DEBUG] [org.gradle.cache.internal.btree.BTreePersistentIndexedCache] Closing cache module-metadata.bin (/Users/lee/Documents/soft/jenkins/workspace/todo-mvp-unit-test/caches/modules-2/metadata-2.16/module-metadata.bin)
19:30:50.568 [DEBUG] [org.gradle.cache.internal.btree.BTreePersistentIndexedCache] Closing cache artifact-at-url.bin (/Users/lee/Documents/soft/jenkins/workspace/todo-mvp-unit-test/caches/modules-2/metadata-2.16/artifact-at-url.bin)
19:30:50.568 [DEBUG] [org.gradle.cache.internal.btree.BTreePersistentIndexedCache] Closing cache artifact-at-repository.bin (/Users/lee/Documents/soft/jenkins/workspace/todo-mvp-unit-test/caches/modules-2/metadata-2.16/artifact-at-repository.bin)
19:30:50.568 [DEBUG] [org.gradle.cache.internal.DefaultFileLockManager] Releasing lock on artifact cache (/Users/lee/Documents/soft/jenkins/workspace/todo-mvp-unit-test/caches/modules-2).
19:30:50.569 [DEBUG] [org.gradle.api.internal.artifacts.ivyservice.resolveengine.store.CachedStoreFactory] Resolution result cache closed. Cache reads: 0, disk reads: 0 (avg: 0.0 secs, total: 0.0 secs)
19:30:50.569 [DEBUG] [org.gradle.api.internal.artifacts.ivyservice.resolveengine.store.CachedStoreFactory] Resolution result cache closed. Cache reads: 0, disk reads: 10 (avg: 0.0 secs, total: 0.006 secs)
19:30:50.569 [DEBUG] [org.gradle.api.internal.artifacts.ivyservice.resolveengine.store.ResolutionResultsStoreFactory] Deleted 2 resolution results binary files in 0.001 secs
19:30:50.569 [DEBUG] [org.gradle.cache.internal.DefaultCacheAccess] Cache Plugin Resolution Cache (/Users/lee/Documents/soft/jenkins/workspace/todo-mvp-unit-test/caches/2.11/plugin-resolution) was closed 0 times.
19:30:50.570 [DEBUG] [org.gradle.api.internal.tasks.compile.daemon.CompilerDaemonManager] Stopping 0 compiler daemon(s).
19:30:50.570 [INFO] [org.gradle.api.internal.tasks.compile.daemon.CompilerDaemonManager] Stopped 0 compiler daemon(s).
19:30:50.570 [DEBUG] [org.gradle.launcher.daemon.server.exec.ExecuteBuild] The daemon has finished executing the build.
19:30:50.730 [DEBUG] [org.gradle.launcher.daemon.server.DaemonStateCoordinator] Idle timeout: daemon stop has been requested. Sleeping until state changes.
19:30:50.730 [DEBUG] [org.apache.http.impl.conn.PoolingHttpClientConnectionManager] Connection manager is shutting down
19:30:50.730 [DEBUG] [org.gradle.launcher.daemon.server.DaemonStateCoordinator] Command execution: finished waiting for DaemonCommandExecution[command = BuildAndStop{id=b2aedc4f-4b43-4fd7-814a-be405192e96a.1, currentDir=/Users/lee/Documents/soft/jenkins/workspace/todo-mvp-unit-test/app}, connection = org.gradle.launcher.daemon.server.DefaultDaemonConnection@576ff500]. Result org.gradle.launcher.daemon.server.DaemonStateCoordinator@3fac32c7 with state StopRequested
19:30:50.730 [DEBUG] [org.gradle.launcher.daemon.server.DaemonStateCoordinator] Command execution: completed DaemonCommandExecution[command = BuildAndStop{id=b2aedc4f-4b43-4fd7-814a-be405192e96a.1, currentDir=/Users/lee/Documents/soft/jenkins/workspace/todo-mvp-unit-test/app}, connection = org.gradle.launcher.daemon.server.DefaultDaemonConnection@576ff500]
19:30:50.731 [DEBUG] [org.gradle.launcher.daemon.server.DaemonStateCoordinator] updating lastActivityAt to 1472383850731
19:30:50.730 [DEBUG] [org.apache.http.impl.conn.DefaultManagedHttpClientConnection] http-outgoing-12: Close connection
19:30:50.731 [DEBUG] [org.gradle.launcher.daemon.server.DaemonStateCoordinator] Marking daemon stopped due to command completed and stop requested. The daemon is running a build: false
19:30:50.731 [DEBUG] [org.apache.http.impl.conn.DefaultManagedHttpClientConnection] http-outgoing-12: Close connection
19:30:50.731 [DEBUG] [org.apache.http.impl.conn.PoolingHttpClientConnectionManager] Connection manager shut down
19:30:50.731 [DEBUG] [org.gradle.launcher.daemon.server.exec.ReturnResult] Daemon is dispatching the build result: Failure[value=org.gradle.initialization.ReportedException: org.gradle.internal.exceptions.LocationAwareException: A problem occurred configuring project ':app'.]
19:30:50.731 [DEBUG] [org.gradle.launcher.daemon.server.DaemonStateCoordinator] Idle timeout: daemon has stopped.
19:30:50.731 [DEBUG] [org.apache.http.impl.conn.PoolingHttpClientConnectionManager] Connection manager is shutting down
19:30:50.732 [DEBUG] [org.apache.http.impl.conn.DefaultManagedHttpClientConnection] http-outgoing-6: Close connection
19:30:50.732 [DEBUG] [org.gradle.launcher.daemon.server.Daemon] stop() called on daemon
19:30:50.732 [INFO] [org.gradle.launcher.daemon.server.Daemon] Stop requested. Daemon is removing its presence from the registry...
19:30:50.732 [DEBUG] [org.gradle.launcher.daemon.server.DomainRegistryUpdater] Removing our presence to clients, eg. removing this address from the registry: [d9ed60d1-0732-437e-8418-d8855da8f899 port:50169, addresses:[/0:0:0:0:0:0:0:1, /127.0.0.1]]
19:30:50.732 [DEBUG] [org.gradle.launcher.daemon.registry.PersistentDaemonRegistry] Removing daemon address: [d9ed60d1-0732-437e-8418-d8855da8f899 port:50169, addresses:[/0:0:0:0:0:0:0:1, /127.0.0.1]]
19:30:50.733 [DEBUG] [org.gradle.cache.internal.DefaultFileLockManager] Waiting to acquire exclusive lock on daemon addresses registry.
19:30:50.732 [DEBUG] [org.gradle.launcher.daemon.server.SynchronizedDispatchConnection] thread 14: dispatching class org.gradle.launcher.daemon.protocol.Failure
19:30:50.733 [DEBUG] [org.gradle.cache.internal.DefaultFileLockManager] Lock acquired.
19:30:50.732 [DEBUG] [org.apache.http.impl.conn.DefaultManagedHttpClientConnection] http-outgoing-6: Close connection
19:30:50.734 [DEBUG] [org.apache.http.impl.conn.PoolingHttpClientConnectionManager] Connection manager shut down
19:30:50.734 [DEBUG] [org.apache.http.impl.conn.PoolingHttpClientConnectionManager] Connection manager is shutting down
19:30:50.734 [DEBUG] [org.apache.http.impl.conn.DefaultManagedHttpClientConnection] http-outgoing-5: Close connection
19:30:50.734 [DEBUG] [org.apache.http.impl.conn.DefaultManagedHttpClientConnection] http-outgoing-5: Close connection
19:30:50.734 [DEBUG] [org.apache.http.impl.conn.PoolingHttpClientConnectionManager] Connection manager shut down
19:30:50.736 [DEBUG] [org.gradle.cache.internal.DefaultFileLockManager] Releasing lock on daemon addresses registry.
19:30:50.736 [DEBUG] [org.gradle.launcher.daemon.server.DomainRegistryUpdater] Address removed from registry.
19:30:50.768 [DEBUG] [org.gradle.launcher.daemon.server.DefaultIncomingConnectionHandler] Finishing executing command: BuildAndStop{id=b2aedc4f-4b43-4fd7-814a-be405192e96a.1, currentDir=/Users/lee/Documents/soft/jenkins/workspace/todo-mvp-unit-test/app}
19:30:50.817 [DEBUG] [org.gradle.launcher.daemon.server.SynchronizedDispatchConnection] thread 15: received class org.gradle.launcher.daemon.protocol.Finished
19:30:50.817 [DEBUG] [org.gradle.launcher.daemon.server.DefaultDaemonConnection] Received non-IO message from client: org.gradle.launcher.daemon.protocol.Finished@d5fdfbf
19:30:50.817 [DEBUG] [org.gradle.launcher.daemon.server.DefaultIncomingConnectionHandler] Received finished message: org.gradle.launcher.daemon.protocol.Finished@d5fdfbf
19:30:50.818 [DEBUG] [org.gradle.launcher.daemon.server.SynchronizedDispatchConnection] thread 14: stopping connection
19:30:50.820 [DEBUG] [org.gradle.messaging.remote.internal.inet.SocketConnection] Discarding EOFException: java.io.EOFException
19:30:50.820 [DEBUG] [org.gradle.launcher.daemon.server.SynchronizedDispatchConnection] thread 15: received null
19:30:50.820 [DEBUG] [org.gradle.launcher.daemon.server.DefaultDaemonConnection] Received end-of-input from client.
19:30:50.820 [DEBUG] [org.gradle.launcher.daemon.server.SynchronizedDispatchConnection] thread 14: stopping connection
Daemon vm is shutting down... The daemon has exited normally or was terminated in response to a user interrupt.
19:30:50.821 [DEBUG] [org.gradle.launcher.daemon.registry.PersistentDaemonRegistry] Removing daemon address: [d9ed60d1-0732-437e-8418-d8855da8f899 port:50169, addresses:[/0:0:0:0:0:0:0:1, /127.0.0.1]]
19:30:50.821 [DEBUG] [org.gradle.cache.internal.DefaultFileLockManager] Waiting to acquire exclusive lock on daemon addresses registry.
19:30:50.822 [DEBUG] [org.gradle.cache.internal.DefaultFileLockManager] Lock acquired.
19:30:50.824 [DEBUG] [org.gradle.cache.internal.DefaultFileLockManager] Releasing lock on daemon addresses registry.
