17:23:46.661 [INFO] [org.gradle.launcher.daemon.server.Daemon] start() called on daemon - DefaultDaemonContext[uid=b1253b0c-5118-429f-bbba-4f580864821e,javaHome=/Library/Java/JavaVirtualMachines/jdk1.8.0_71.jdk/Contents/Home,daemonRegistryDir=/Users/lee/Documents/soft/jenkins/workspace/todo-mvp-test/daemon,pid=6130,idleTimeout=120000,daemonOpts=-Xmx5120M,-Dfile.encoding=UTF-8,-Duser.country=CN,-Duser.language=zh,-Duser.variant]
17:23:46.664 [DEBUG] [org.gradle.launcher.daemon.server.DaemonStateCoordinator] updating lastActivityAt to 1469006626664
17:23:46.676 [DEBUG] [org.gradle.messaging.remote.internal.inet.InetAddressFactory] Adding IP addresses for network interface awdl0
17:23:46.676 [DEBUG] [org.gradle.messaging.remote.internal.inet.InetAddressFactory] Is this a loopback interface? false
17:23:46.676 [DEBUG] [org.gradle.messaging.remote.internal.inet.InetAddressFactory] Is this a multicast interface? true
17:23:46.677 [DEBUG] [org.gradle.messaging.remote.internal.inet.InetAddressFactory] Adding remote address /fe80:0:0:0:1cfc:40ff:fef9:3da6%awdl0
17:23:46.677 [DEBUG] [org.gradle.messaging.remote.internal.inet.InetAddressFactory] Adding remote multicast interface awdl0
17:23:46.678 [DEBUG] [org.gradle.messaging.remote.internal.inet.InetAddressFactory] Adding IP addresses for network interface vboxnet0
17:23:46.678 [DEBUG] [org.gradle.messaging.remote.internal.inet.InetAddressFactory] Is this a loopback interface? false
17:23:46.678 [DEBUG] [org.gradle.messaging.remote.internal.inet.InetAddressFactory] Is this a multicast interface? true
17:23:46.678 [DEBUG] [org.gradle.messaging.remote.internal.inet.InetAddressFactory] Adding remote address /192.168.56.1
17:23:46.679 [DEBUG] [org.gradle.messaging.remote.internal.inet.InetAddressFactory] Adding remote multicast interface vboxnet0
17:23:46.679 [DEBUG] [org.gradle.messaging.remote.internal.inet.InetAddressFactory] Adding IP addresses for network interface en0
17:23:46.679 [DEBUG] [org.gradle.messaging.remote.internal.inet.InetAddressFactory] Is this a loopback interface? false
17:23:46.679 [DEBUG] [org.gradle.messaging.remote.internal.inet.InetAddressFactory] Is this a multicast interface? true
17:23:46.680 [DEBUG] [org.gradle.messaging.remote.internal.inet.InetAddressFactory] Adding remote address /fe80:0:0:0:a65e:60ff:feed:4cad%en0
17:23:46.680 [DEBUG] [org.gradle.messaging.remote.internal.inet.InetAddressFactory] Adding remote address /10.249.213.135
17:23:46.680 [DEBUG] [org.gradle.messaging.remote.internal.inet.InetAddressFactory] Adding remote multicast interface en0
17:23:46.680 [DEBUG] [org.gradle.messaging.remote.internal.inet.InetAddressFactory] Adding IP addresses for network interface lo0
17:23:46.681 [DEBUG] [org.gradle.messaging.remote.internal.inet.InetAddressFactory] Is this a loopback interface? true
17:23:46.681 [DEBUG] [org.gradle.messaging.remote.internal.inet.InetAddressFactory] Is this a multicast interface? true
17:23:46.681 [DEBUG] [org.gradle.messaging.remote.internal.inet.InetAddressFactory] Ignoring remote address on loopback interface /fe80:0:0:0:0:0:0:1%lo0
17:23:46.681 [DEBUG] [org.gradle.messaging.remote.internal.inet.InetAddressFactory] Adding loopback address /0:0:0:0:0:0:0:1
17:23:46.681 [DEBUG] [org.gradle.messaging.remote.internal.inet.InetAddressFactory] Adding loopback address /127.0.0.1
17:23:46.682 [DEBUG] [org.gradle.messaging.remote.internal.inet.InetAddressFactory] Adding loopback multicast interface lo0
17:23:46.692 [DEBUG] [org.gradle.messaging.remote.internal.inet.TcpIncomingConnector] Listening on [362ee1b4-0961-4f0b-b5d7-27476a942d44 port:60481, addresses:[/0:0:0:0:0:0:0:1, /127.0.0.1]].
17:23:46.695 [DEBUG] [org.gradle.launcher.daemon.server.Daemon] Daemon starting at: Wed Jul 20 17:23:46 CST 2016, with address: [362ee1b4-0961-4f0b-b5d7-27476a942d44 port:60481, addresses:[/0:0:0:0:0:0:0:1, /127.0.0.1]]
17:23:46.695 [INFO] [org.gradle.launcher.daemon.server.DomainRegistryUpdater] Advertising the daemon address to the clients: [362ee1b4-0961-4f0b-b5d7-27476a942d44 port:60481, addresses:[/0:0:0:0:0:0:0:1, /127.0.0.1]]
17:23:46.696 [DEBUG] [org.gradle.launcher.daemon.server.DomainRegistryUpdater] Advertised daemon context: DefaultDaemonContext[uid=b1253b0c-5118-429f-bbba-4f580864821e,javaHome=/Library/Java/JavaVirtualMachines/jdk1.8.0_71.jdk/Contents/Home,daemonRegistryDir=/Users/lee/Documents/soft/jenkins/workspace/todo-mvp-test/daemon,pid=6130,idleTimeout=120000,daemonOpts=-Xmx5120M,-Dfile.encoding=UTF-8,-Duser.country=CN,-Duser.language=zh,-Duser.variant]
17:23:46.696 [DEBUG] [org.gradle.launcher.daemon.registry.PersistentDaemonRegistry] Storing daemon address: [362ee1b4-0961-4f0b-b5d7-27476a942d44 port:60481, addresses:[/0:0:0:0:0:0:0:1, /127.0.0.1]], context: DefaultDaemonContext[uid=b1253b0c-5118-429f-bbba-4f580864821e,javaHome=/Library/Java/JavaVirtualMachines/jdk1.8.0_71.jdk/Contents/Home,daemonRegistryDir=/Users/lee/Documents/soft/jenkins/workspace/todo-mvp-test/daemon,pid=6130,idleTimeout=120000,daemonOpts=-Xmx5120M,-Dfile.encoding=UTF-8,-Duser.country=CN,-Duser.language=zh,-Duser.variant]
17:23:46.703 [DEBUG] [org.gradle.cache.internal.DefaultFileLockManager] Waiting to acquire exclusive lock on daemon addresses registry.
17:23:46.704 [DEBUG] [org.gradle.cache.internal.DefaultFileLockManager] Lock acquired.
17:23:46.721 [DEBUG] [org.gradle.cache.internal.DefaultFileLockManager] Releasing lock on daemon addresses registry.
17:23:46.722 [LIFECYCLE] [org.gradle.launcher.daemon.server.Daemon] Daemon server started.
17:23:46.723 [DEBUG] [org.gradle.launcher.daemon.bootstrap.DaemonStartupCommunication] Completed writing the daemon greeting. Closing streams...
17:23:46.724 [DEBUG] [org.gradle.launcher.daemon.server.Daemon] requestStopOnIdleTimeout(120000 MILLISECONDS) called on daemon
17:23:46.724 [DEBUG] [org.gradle.launcher.daemon.server.DaemonStateCoordinator] Idle timeout: waiting for daemon to stop or be idle for 120000ms
17:23:46.725 [DEBUG] [org.gradle.launcher.daemon.server.DaemonStateCoordinator] Daemon is idle, sleeping until state change or idle timeout at Wed Jul 20 17:25:46 CST 2016
17:23:46.770 [DEBUG] [org.gradle.messaging.remote.internal.inet.TcpIncomingConnector] Accepted connection from /0:0:0:0:0:0:0:1:60482 to /0:0:0:0:0:0:0:1:60481.
17:23:46.811 [DEBUG] [org.gradle.launcher.daemon.server.SynchronizedDispatchConnection] thread 15: received class org.gradle.launcher.daemon.protocol.BuildAndStop
17:23:46.812 [DEBUG] [org.gradle.launcher.daemon.server.DefaultDaemonConnection] Received non-IO message from client: BuildAndStop{id=2993ad3c-e5dd-4dfd-bef4-82ba4072bd51.1, currentDir=/Users/lee/Documents/soft/jenkins/workspace/todo-mvp-test/app}
17:23:46.812 [INFO] [org.gradle.launcher.daemon.server.DefaultIncomingConnectionHandler] Received command: BuildAndStop{id=2993ad3c-e5dd-4dfd-bef4-82ba4072bd51.1, currentDir=/Users/lee/Documents/soft/jenkins/workspace/todo-mvp-test/app}.
17:23:46.813 [DEBUG] [org.gradle.launcher.daemon.server.DefaultIncomingConnectionHandler] Starting executing command: BuildAndStop{id=2993ad3c-e5dd-4dfd-bef4-82ba4072bd51.1, currentDir=/Users/lee/Documents/soft/jenkins/workspace/todo-mvp-test/app} with connection: socket connection from /0:0:0:0:0:0:0:1:60481 to /0:0:0:0:0:0:0:1:60482.
17:23:46.820 [DEBUG] [org.gradle.launcher.daemon.server.DaemonStateCoordinator] Command execution: started DaemonCommandExecution[command = BuildAndStop{id=2993ad3c-e5dd-4dfd-bef4-82ba4072bd51.1, currentDir=/Users/lee/Documents/soft/jenkins/workspace/todo-mvp-test/app}, connection = org.gradle.launcher.daemon.server.DefaultDaemonConnection@7f738a20] after 0.0 minutes of idle
17:23:46.820 [INFO] [org.gradle.launcher.daemon.server.DomainRegistryUpdater] Marking the daemon as busy, address: [362ee1b4-0961-4f0b-b5d7-27476a942d44 port:60481, addresses:[/0:0:0:0:0:0:0:1, /127.0.0.1]]
17:23:46.823 [DEBUG] [org.gradle.launcher.daemon.registry.PersistentDaemonRegistry] Marking busy by address: [362ee1b4-0961-4f0b-b5d7-27476a942d44 port:60481, addresses:[/0:0:0:0:0:0:0:1, /127.0.0.1]]
17:23:46.823 [DEBUG] [org.gradle.cache.internal.DefaultFileLockManager] Waiting to acquire exclusive lock on daemon addresses registry.
17:23:46.824 [DEBUG] [org.gradle.cache.internal.DefaultFileLockManager] Lock acquired.
17:23:46.826 [DEBUG] [org.gradle.cache.internal.DefaultFileLockManager] Releasing lock on daemon addresses registry.
17:23:46.826 [DEBUG] [org.gradle.launcher.daemon.server.DaemonStateCoordinator] updating lastActivityAt to 1469006626826
17:23:46.827 [DEBUG] [org.gradle.launcher.daemon.server.DaemonStateCoordinator] Daemon is busy, sleeping until state changes.
17:23:46.827 [INFO] [org.gradle.launcher.daemon.server.exec.StartBuildOrRespondWithBusy] Daemon is about to start building BuildAndStop{id=2993ad3c-e5dd-4dfd-bef4-82ba4072bd51.1, currentDir=/Users/lee/Documents/soft/jenkins/workspace/todo-mvp-test/app}. Dispatching build started information...
17:23:46.828 [DEBUG] [org.gradle.launcher.daemon.server.SynchronizedDispatchConnection] thread 17: dispatching class org.gradle.launcher.daemon.protocol.BuildStarted
17:23:46.831 [DEBUG] [org.gradle.launcher.daemon.server.exec.EstablishBuildEnvironment] Configuring env variables: {PATH=/Library/Java/JavaVirtualMachines/jdk1.8.0_71.jdk/Contents/Home/bin:/Library/Java/JavaVirtualMachines/jdk1.8.0_71.jdk/Contents/Home/bin:/usr/local/bin:/usr/bin:/bin:/usr/sbin:/sbin:/Library/Java/JavaVirtualMachines/jdk1.8.0_71.jdk/Contents/Home/bin:/Users/lee/Documents/soft/android-sdk-macosx/build-tools:/Users/lee/Documents/soft/android-sdk-macosx/tools:/Users/lee/Documents/soft/android-sdk-macosx/platform-tools:/usr/local/mysql/bin:/Users/lee/Documents/soft/gradle-2.11/bin:/Users/lee/Documents/soft/apache-maven-3.3.9/bin:/Users/lee/.rvm/bin:/Library/Java/JavaVirtualMachines/jdk1.8.0_71.jdk/Contents/Home/bin:/Users/lee/Documents/soft/android-sdk-macosx/build-tools:/Users/lee/Documents/soft/android-sdk-macosx/tools:/Users/lee/Documents/soft/android-sdk-macosx/platform-tools:/usr/local/mysql/bin:/Users/lee/Documents/soft/gradle-2.11/bin:/Users/lee/Documents/soft/apache-maven-3.3.9/bin, HUDSON_HOME=/Users/lee/Documents/soft/jenkins, JOB_URL=http://localhost:8080/job/todo-mvp-test/, HUDSON_COOKIE=e339b52e-9b15-4065-88a6-fe913fb184f8, ANDROID_HOME=/Users/lee/Documents/soft/android-sdk-macosx, rvm_loaded_flag=1, MAVEN_HOME=/Users/lee/Documents/soft/apache-maven-3.3.9, JENKINS_SERVER_COOKIE=b0cca8869dd4cd49, LOGNAME=lee, rvm_version=1.26.11 (latest), PWD=/Users/lee/Documents/soft/jenkins/workspace/todo-mvp-test/app, TERM_PROGRAM_VERSION=343.7, JENKINS_URL=http://localhost:8080/, rvm_user_install_flag=1, BUILD_TAG=jenkins-todo-mvp-test-65, SHELL=/bin/bash, JAVA_MAIN_CLASS_6124=org.gradle.launcher.GradleMain, SECURITYSESSIONID=186a6, OLDPWD=/Users/lee/Documents/soft/gradle-2.11, JENKINS_HOME=/Users/lee/Documents/soft/jenkins, rvm_path=/Users/lee/.rvm, TMPDIR=/var/folders/pg/4jbnwcrn5k7_6dth03nswwp00000gn/T/, NODE_NAME=master, XPC_FLAGS=0x0, BUILD_DISPLAY_NAME=#65, TERM_SESSION_ID=77AD01DE-132C-4C65-8A54-D2261E3D0F41, _system_name=OSX, M2_HOME=/Users/lee/Documents/soft/apache-maven-3.3.9, __CF_USER_TEXT_ENCODING=0x1F5:0x19:0x34, Apple_PubSub_Socket_Render=/private/tmp/com.apple.launchd.R48DAM5cTY/Render, SHLVL=2, _system_arch=x86_64, rvm_bin_path=/Users/lee/.rvm/bin, JAVA_HOME=/Library/Java/JavaVirtualMachines/jdk1.8.0_71.jdk/Contents/Home, TERM=xterm-256color, BUILD_ID=65, rvm_prefix=/Users/lee, LANG=zh_CN.UTF-8, JOB_NAME=todo-mvp-test, GRADLE_HOME=/Users/lee/Documents/soft/gradle-2.11, GRADLE_USER_HOME=/Users/lee/Documents/soft/jenkins/workspace/todo-mvp-test, NODE_LABELS=master, HUDSON_URL=http://localhost:8080/, WORKSPACE=/Users/lee/Documents/soft/jenkins/workspace/todo-mvp-test, XPC_SERVICE_NAME=0, ANDROID_SDK_HOME=/Users/lee/Documents/soft/android-sdk-macosx, TERM_PROGRAM=Apple_Terminal, EXECUTOR_NUMBER=1, _system_type=Darwin, APP_ICON_6124=/Users/lee/Documents/soft/gradle-2.11/media/gradle.icns, HUDSON_SERVER_COOKIE=b0cca8869dd4cd49, APP_NAME_6124=Gradle, JOB_BASE_NAME=todo-mvp-test, _system_version=10.10, USER=lee, rvm_stored_umask=0022, SSH_AUTH_SOCK=/private/tmp/com.apple.launchd.alaJSdZdkb/Listeners, BUILD_NUMBER=65, BUILD_URL=http://localhost:8080/job/todo-mvp-test/65/, JAVA_MAIN_CLASS_881=org.apache.catalina.startup.Bootstrap, HOME=/Users/lee, ANDROID_AVD_HOME=/Users/lee/.android/avd}
17:23:46.835 [DEBUG] [org.gradle.launcher.daemon.server.SynchronizedDispatchConnection] thread 15: received class org.gradle.launcher.daemon.protocol.CloseInput
17:23:46.835 [DEBUG] [org.gradle.launcher.daemon.server.DefaultDaemonConnection] Received IO message from client: org.gradle.launcher.daemon.protocol.CloseInput@1b30a391
17:23:46.839 [DEBUG] [org.gradle.launcher.daemon.server.exec.LogToClient] About to start relaying all logs to the client via the connection.
17:23:46.840 [INFO] [org.gradle.launcher.daemon.server.exec.LogToClient] The client will now receive all logging from the daemon (pid: 6130). The daemon log file: /Users/lee/Documents/soft/jenkins/workspace/todo-mvp-test/daemon/2.11/daemon-6130.out.log
17:23:46.840 [INFO] [org.gradle.launcher.daemon.server.exec.ForwardClientInput] Closing daemon's stdin at end of input.
17:23:46.841 [INFO] [org.gradle.launcher.daemon.server.exec.ForwardClientInput] The daemon will no longer process any standard input.
17:23:46.842 [DEBUG] [org.gradle.launcher.daemon.server.exec.RequestStopIfSingleUsedDaemon] Requesting daemon stop after processing BuildAndStop{id=2993ad3c-e5dd-4dfd-bef4-82ba4072bd51.1, currentDir=/Users/lee/Documents/soft/jenkins/workspace/todo-mvp-test/app}
17:23:46.842 [DEBUG] [org.gradle.launcher.daemon.server.DaemonStateCoordinator] Stop as soon as idle requested. The daemon is busy: true
17:23:46.842 [DEBUG] [org.gradle.launcher.daemon.server.DaemonStateCoordinator] Idle timeout: daemon stop has been requested. Sleeping until state changes.
17:23:46.843 [DEBUG] [org.gradle.launcher.daemon.server.exec.ExecuteBuild] The daemon has started executing the build.
17:23:46.844 [INFO] [org.gradle.launcher.daemon.server.exec.ExecuteBuild] Executing build with daemon context: DefaultDaemonContext[uid=b1253b0c-5118-429f-bbba-4f580864821e,javaHome=/Library/Java/JavaVirtualMachines/jdk1.8.0_71.jdk/Contents/Home,daemonRegistryDir=/Users/lee/Documents/soft/jenkins/workspace/todo-mvp-test/daemon,pid=6130,idleTimeout=120000,daemonOpts=-Xmx5120M,-Dfile.encoding=UTF-8,-Duser.country=CN,-Duser.language=zh,-Duser.variant]
The 'sonar-runner' plugin has been deprecated and is scheduled to be removed in Gradle 3.0. please use the official plugin from SonarQube (http://docs.sonarqube.org/display/SONAR/Analyzing+with+Gradle).
Incremental java compilation is an incubating feature.
:app:preBuild UP-TO-DATE
:app:preMockDebugBuild UP-TO-DATE
:app:checkMockDebugManifest
:app:preProdDebugBuild UP-TO-DATE
:app:preProdReleaseBuild UP-TO-DATE
:app:prepareComAndroidSupportAppcompatV72301Library UP-TO-DATE
:app:prepareComAndroidSupportCardviewV72301Library UP-TO-DATE
:app:prepareComAndroidSupportDesign2301Library UP-TO-DATE
:app:prepareComAndroidSupportMultidex100Library UP-TO-DATE
:app:prepareComAndroidSupportRecyclerviewV72301Library UP-TO-DATE
:app:prepareComAndroidSupportSupportV42301Library UP-TO-DATE
:app:prepareComAndroidSupportTestEspressoEspressoIdlingResource221Library UP-TO-DATE
:app:prepareMockDebugDependencies
:app:compileMockDebugAidl UP-TO-DATE
:app:compileMockDebugRenderscript UP-TO-DATE
:app:generateMockDebugBuildConfig UP-TO-DATE
:app:mergeMockDebugShaders UP-TO-DATE
:app:compileMockDebugShaders UP-TO-DATE
:app:generateMockDebugAssets UP-TO-DATE
:app:mergeMockDebugAssets UP-TO-DATE
:app:generateMockDebugResValues UP-TO-DATE
:app:generateMockDebugResources UP-TO-DATE
:app:mergeMockDebugResources UP-TO-DATE
:app:processMockDebugManifest UP-TO-DATE
:app:processMockDebugResources UP-TO-DATE
:app:generateMockDebugSources UP-TO-DATE
:app:incrementalMockDebugJavaCompilationSafeguard UP-TO-DATE
:app:compileMockDebugJavaWithJavac UP-TO-DATE
:app:compileMockDebugNdk UP-TO-DATE
:app:compileMockDebugSources UP-TO-DATE
:app:prePackageMarkerForMockDebug
:app:unzipJacocoAgent UP-TO-DATE
:app:transformClassesWithJacocoForMockDebug UP-TO-DATE
:app:transformClassesWithDexForMockDebug UP-TO-DATE
:app:mergeMockDebugJniLibFolders UP-TO-DATE
:app:transformNative_libsWithMergeJniLibsForMockDebug UP-TO-DATE
:app:processMockDebugJavaRes UP-TO-DATE
:app:transformResourcesWithMergeJavaResForMockDebug UP-TO-DATE
:app:validateDebugSigning
:app:packageMockDebug UP-TO-DATE
:app:zipalignMockDebug UP-TO-DATE
:app:assembleMockDebug UP-TO-DATE
:app:checkProdDebugManifest
:app:prepareProdDebugDependencies
:app:compileProdDebugAidl UP-TO-DATE
:app:compileProdDebugRenderscript UP-TO-DATE
:app:generateProdDebugBuildConfig UP-TO-DATE
:app:mergeProdDebugShaders UP-TO-DATE
:app:compileProdDebugShaders UP-TO-DATE
:app:generateProdDebugAssets UP-TO-DATE
:app:mergeProdDebugAssets UP-TO-DATE
:app:generateProdDebugResValues UP-TO-DATE
:app:generateProdDebugResources UP-TO-DATE
:app:mergeProdDebugResources UP-TO-DATE
:app:processProdDebugManifest UP-TO-DATE
:app:processProdDebugResources UP-TO-DATE
:app:generateProdDebugSources UP-TO-DATE
:app:incrementalProdDebugJavaCompilationSafeguard UP-TO-DATE
:app:compileProdDebugJavaWithJavac UP-TO-DATE
:app:compileProdDebugNdk UP-TO-DATE
:app:compileProdDebugSources UP-TO-DATE
:app:prePackageMarkerForProdDebug
:app:transformClassesWithJacocoForProdDebug UP-TO-DATE
:app:transformClassesWithDexForProdDebug UP-TO-DATE
:app:mergeProdDebugJniLibFolders UP-TO-DATE
:app:transformNative_libsWithMergeJniLibsForProdDebug UP-TO-DATE
:app:processProdDebugJavaRes UP-TO-DATE
:app:transformResourcesWithMergeJavaResForProdDebug UP-TO-DATE
:app:packageProdDebug UP-TO-DATE
:app:zipalignProdDebug UP-TO-DATE
:app:assembleProdDebug UP-TO-DATE
:app:assembleDebug UP-TO-DATE
:app:checkProdReleaseManifest
:app:prepareProdReleaseDependencies
:app:compileProdReleaseAidl UP-TO-DATE
:app:compileProdReleaseRenderscript UP-TO-DATE
:app:generateProdReleaseBuildConfig UP-TO-DATE
:app:mergeProdReleaseShaders UP-TO-DATE
:app:compileProdReleaseShaders UP-TO-DATE
:app:generateProdReleaseAssets UP-TO-DATE
:app:mergeProdReleaseAssets UP-TO-DATE
:app:generateProdReleaseResValues UP-TO-DATE
:app:generateProdReleaseResources UP-TO-DATE
:app:mergeProdReleaseResources UP-TO-DATE
:app:processProdReleaseManifest UP-TO-DATE
:app:processProdReleaseResources UP-TO-DATE
:app:generateProdReleaseSources UP-TO-DATE
:app:incrementalProdReleaseJavaCompilationSafeguard UP-TO-DATE
:app:compileProdReleaseJavaWithJavac UP-TO-DATE
:app:compileProdReleaseNdk UP-TO-DATE
:app:compileProdReleaseSources UP-TO-DATE
:app:lintVitalProdRelease
:app:prePackageMarkerForProdRelease
:app:processProdReleaseJavaRes UP-TO-DATE
:app:transformResourcesWithMergeJavaResForProdRelease UP-TO-DATE
:app:transformClassesAndResourcesWithProguardForProdRelease UP-TO-DATE
:app:transformClassesWithDexForProdRelease UP-TO-DATE
:app:mergeProdReleaseJniLibFolders UP-TO-DATE
:app:transformNative_libsWithMergeJniLibsForProdRelease UP-TO-DATE
:app:packageProdRelease UP-TO-DATE
:app:assembleProdRelease
:app:assembleRelease
:app:assemble
:app:compileLint
:app:lint
Ran lint on variant prodDebug: 31 issues found
Ran lint on variant prodRelease: 31 issues found
Ran lint on variant mockDebug: 31 issues found
Wrote HTML report to file:///Users/lee/Documents/soft/jenkins/workspace/todo-mvp-test/app/build/outputs/lint-results-mockDebug.html
Wrote XML report to file:///Users/lee/Documents/soft/jenkins/workspace/todo-mvp-test/app/build/outputs/lint-results-mockDebug.xml
:app:incrementalMockDebugUnitTestJavaCompilationSafeguard UP-TO-DATE
:app:preMockDebugUnitTestBuild UP-TO-DATE
:app:prepareMockDebugUnitTestDependencies
:app:compileMockDebugUnitTestJavaWithJavac UP-TO-DATE
:app:processMockDebugUnitTestJavaRes UP-TO-DATE
:app:compileMockDebugUnitTestSources UP-TO-DATE
:app:mockableAndroidJar UP-TO-DATE
:app:assembleMockDebugUnitTest UP-TO-DATE
:app:testMockDebugUnitTest UP-TO-DATE
:app:incrementalProdDebugUnitTestJavaCompilationSafeguard UP-TO-DATE
:app:preProdDebugUnitTestBuild UP-TO-DATE
:app:prepareProdDebugUnitTestDependencies
:app:compileProdDebugUnitTestJavaWithJavac UP-TO-DATE
:app:processProdDebugUnitTestJavaRes UP-TO-DATE
:app:compileProdDebugUnitTestSources UP-TO-DATE
:app:assembleProdDebugUnitTest UP-TO-DATE
:app:testProdDebugUnitTest UP-TO-DATE
:app:incrementalProdReleaseUnitTestJavaCompilationSafeguard UP-TO-DATE
:app:preProdReleaseUnitTestBuild UP-TO-DATE
:app:prepareProdReleaseUnitTestDependencies
:app:compileProdReleaseUnitTestJavaWithJavac UP-TO-DATE
:app:processProdReleaseUnitTestJavaRes UP-TO-DATE
:app:compileProdReleaseUnitTestSources UP-TO-DATE
:app:assembleProdReleaseUnitTest UP-TO-DATE
:app:testProdReleaseUnitTest UP-TO-DATE
:app:test UP-TO-DATE
:app:check
:app:build
:app:compileUnitTestJava UP-TO-DATE
:app:processUnitTestResources UP-TO-DATE
:app:unitTestClasses UP-TO-DATE
:app:unitTest UP-TO-DATE
:app:preMockDebugAndroidTestBuild UP-TO-DATE
:app:preProdDebugAndroidTestBuild UP-TO-DATE
:app:prepareComAndroidSupportTestEspressoEspressoContrib221Library UP-TO-DATE
:app:prepareComAndroidSupportTestEspressoEspressoCore221Library UP-TO-DATE
:app:prepareComAndroidSupportTestEspressoEspressoIntents221Library UP-TO-DATE
:app:prepareComAndroidSupportTestExposedInstrumentationApiPublish041Library UP-TO-DATE
:app:prepareComAndroidSupportTestRules041Library UP-TO-DATE
:app:prepareComAndroidSupportTestRunner041Library UP-TO-DATE
:app:prepareMockDebugAndroidTestDependencies
:app:compileMockDebugAndroidTestAidl UP-TO-DATE
:app:processMockDebugAndroidTestManifest UP-TO-DATE
:app:compileMockDebugAndroidTestRenderscript UP-TO-DATE
:app:generateMockDebugAndroidTestBuildConfig UP-TO-DATE
:app:mergeMockDebugAndroidTestShaders UP-TO-DATE
:app:compileMockDebugAndroidTestShaders UP-TO-DATE
:app:generateMockDebugAndroidTestAssets UP-TO-DATE
:app:mergeMockDebugAndroidTestAssets UP-TO-DATE
:app:generateMockDebugAndroidTestResValues UP-TO-DATE
:app:generateMockDebugAndroidTestResources UP-TO-DATE
:app:mergeMockDebugAndroidTestResources UP-TO-DATE
:app:processMockDebugAndroidTestResources UP-TO-DATE
:app:generateMockDebugAndroidTestSources UP-TO-DATE
:app:incrementalMockDebugAndroidTestJavaCompilationSafeguard UP-TO-DATE
:app:compileMockDebugAndroidTestJavaWithJavac UP-TO-DATE
:app:compileMockDebugAndroidTestNdk UP-TO-DATE
:app:compileMockDebugAndroidTestSources UP-TO-DATE
:app:prePackageMarkerForMockDebugAndroidTest
:app:transformClassesWithDexForMockDebugAndroidTest UP-TO-DATE
:app:mergeMockDebugAndroidTestJniLibFolders UP-TO-DATE
:app:transformNative_libsWithMergeJniLibsForMockDebugAndroidTest UP-TO-DATE
:app:processMockDebugAndroidTestJavaRes UP-TO-DATE
:app:transformResourcesWithMergeJavaResForMockDebugAndroidTest UP-TO-DATE
:app:packageMockDebugAndroidTest UP-TO-DATE
:app:assembleMockDebugAndroidTest UP-TO-DATE
:app:connectedMockDebugAndroidTest

com.example.android.architecture.blueprints.todoapp.tasks.AppNavigationTest > clickOnAndroidHomeIcon_OpensNavigation[HTC One - 4.4.4 - API 19 - 1080x1920 - 4.4.4] [31mFAILED [0m
	android.support.test.espresso.NoMatchingViewException: No views in hierarchy found matching: with content description: is "Navigate up"
	If the target view is not part of the view hierarchy, you may need to use Espresso.onData to load it from one of the following AdapterViews:android.support.design.internal.NavigationMenuView{52ac11a4 VFED.VC. ......ID 0,0-888,1845}

com.example.android.architecture.blueprints.todoapp.tasks.TasksScreenTest > markTaskAsActiveOnDetailScreen_taskIsActiveInList[HTC One - 4.4.4 - API 19 - 1080x1920 - 4.4.4] [31mFAILED [0m
	android.support.test.espresso.NoMatchingViewException: No views in hierarchy found matching: with content description: is "Navigate up"
	

com.example.android.architecture.blueprints.todoapp.tasks.TasksScreenTest > markTaskAsCompleteOnDetailScreen_taskIsCompleteInList[HTC One - 4.4.4 - API 19 - 1080x1920 - 4.4.4] [31mFAILED [0m
	android.support.test.espresso.NoMatchingViewException: No views in hierarchy found matching: with content description: is "Navigate up"
	

com.example.android.architecture.blueprints.todoapp.tasks.TasksScreenTest > markTaskAsActiveAndCompleteOnDetailScreen_taskIsCompleteInList[HTC One - 4.4.4 - API 19 - 1080x1920 - 4.4.4] [31mFAILED [0m
	android.support.test.espresso.NoMatchingViewException: No views in hierarchy found matching: with content description: is "Navigate up"
	

com.example.android.architecture.blueprints.todoapp.tasks.TasksScreenTest > markTaskAsAcompleteAndActiveOnDetailScreen_taskIsActiveInList[HTC One - 4.4.4 - API 19 - 1080x1920 - 4.4.4] [31mFAILED [0m
	android.support.test.espresso.NoMatchingViewException: No views in hierarchy found matching: with content description: is "Navigate up"
	
:app:connectedMockDebugAndroidTest FAILED
:app:prepareProdDebugAndroidTestDependencies
:app:compileProdDebugAndroidTestAidl UP-TO-DATE
:app:processProdDebugAndroidTestManifest UP-TO-DATE
:app:compileProdDebugAndroidTestRenderscript UP-TO-DATE
:app:generateProdDebugAndroidTestBuildConfig UP-TO-DATE
:app:mergeProdDebugAndroidTestShaders UP-TO-DATE
:app:compileProdDebugAndroidTestShaders UP-TO-DATE
:app:generateProdDebugAndroidTestAssets UP-TO-DATE
:app:mergeProdDebugAndroidTestAssets UP-TO-DATE
:app:generateProdDebugAndroidTestResValues UP-TO-DATE
:app:generateProdDebugAndroidTestResources UP-TO-DATE
:app:mergeProdDebugAndroidTestResources UP-TO-DATE
:app:processProdDebugAndroidTestResources UP-TO-DATE
:app:generateProdDebugAndroidTestSources UP-TO-DATE
:app:incrementalProdDebugAndroidTestJavaCompilationSafeguard UP-TO-DATE
:app:compileProdDebugAndroidTestJavaWithJavac UP-TO-DATE
:app:compileProdDebugAndroidTestNdk UP-TO-DATE
:app:compileProdDebugAndroidTestSources UP-TO-DATE
:app:prePackageMarkerForProdDebugAndroidTest
:app:transformClassesWithDexForProdDebugAndroidTest UP-TO-DATE
:app:mergeProdDebugAndroidTestJniLibFolders UP-TO-DATE
:app:transformNative_libsWithMergeJniLibsForProdDebugAndroidTest UP-TO-DATE
:app:processProdDebugAndroidTestJavaRes UP-TO-DATE
:app:transformResourcesWithMergeJavaResForProdDebugAndroidTest UP-TO-DATE
:app:packageProdDebugAndroidTest UP-TO-DATE
:app:assembleProdDebugAndroidTest UP-TO-DATE
:app:connectedProdDebugAndroidTest

com.example.android.architecture.blueprints.todoapp.tasks.AppNavigationTest > clickOnAndroidHomeIcon_OpensNavigation[HTC One - 4.4.4 - API 19 - 1080x1920 - 4.4.4] [31mFAILED [0m
	android.support.test.espresso.NoMatchingViewException: No views in hierarchy found matching: with content description: is "Navigate up"
	If the target view is not part of the view hierarchy, you may need to use Espresso.onData to load it from one of the following AdapterViews:android.support.design.internal.NavigationMenuView{52a9c7a8 VFED.VC. ......ID 0,0-888,1845}

com.example.android.architecture.blueprints.todoapp.tasks.TasksScreenTest > markTaskAsActive[HTC One - 4.4.4 - API 19 - 1080x1920 - 4.4.4] [31mFAILED [0m
	android.support.test.espresso.NoMatchingViewException: No views in hierarchy found matching: with string from resource id: <2131099683>[nav_all] value: All
	If the target view is not part of the view hierarchy, you may need to use Espresso.onData to load it from one of the following AdapterViews:android.support.design.internal.NavigationMenuView{52a547f0 VFED.VC. ......ID 0,0-888,1845}

com.example.android.architecture.blueprints.todoapp.tasks.TasksScreenTest > markTaskAsActiveOnDetailScreen_taskIsActiveInList[HTC One - 4.4.4 - API 19 - 1080x1920 - 4.4.4] [31mFAILED [0m
	android.support.test.espresso.NoMatchingViewException: No views in hierarchy found matching: with content description: is "Navigate up"
	

com.example.android.architecture.blueprints.todoapp.tasks.TasksScreenTest > markTaskAsCompleteOnDetailScreen_taskIsCompleteInList[HTC One - 4.4.4 - API 19 - 1080x1920 - 4.4.4] [31mFAILED [0m
	android.support.test.espresso.NoMatchingViewException: No views in hierarchy found matching: with content description: is "Navigate up"
	

com.example.android.architecture.blueprints.todoapp.tasks.TasksScreenTest > markTaskAsActiveAndCompleteOnDetailScreen_taskIsCompleteInList[HTC One - 4.4.4 - API 19 - 1080x1920 - 4.4.4] [31mFAILED [0m
	android.support.test.espresso.NoMatchingViewException: No views in hierarchy found matching: with string from resource id: <2131099683>[nav_all] value: All
	If the target view is not part of the view hierarchy, you may need to use Espresso.onData to load it from one of the following AdapterViews:android.support.design.internal.NavigationMenuView{52afe610 VFED.VC. ......ID 0,0-888,1845}

com.example.android.architecture.blueprints.todoapp.tasks.TasksScreenTest > markTaskAsAcompleteAndActiveOnDetailScreen_taskIsActiveInList[HTC One - 4.4.4 - API 19 - 1080x1920 - 4.4.4] [31mFAILED [0m
	android.support.test.espresso.NoMatchingViewException: No views in hierarchy found matching: with content description: is "Navigate up"
	
:app:connectedProdDebugAndroidTest FAILED
:app:sonarRunner
SonarQube Runner 2.3
Java 1.8.0_71 Oracle Corporation (64-bit)
Mac OS X 10.10.5 x86_64
INFO: Runner configuration file: NONE
INFO: Project configuration file: /Users/lee/Documents/soft/jenkins/workspace/todo-mvp-test/app/build/tmp/sonarRunner/sonar-project.properties
INFO: Default locale: "zh_CN", source code encoding: "UTF-8" (analysis is platform dependent)
INFO: Work directory: /Users/lee/Documents/soft/jenkins/workspace/todo-mvp-test/app/build/sonar
INFO: SonarQube Server 5.6
17:30:03.322 INFO  - Load global repositories
17:30:03.416 INFO  - Load global repositories (done) | time=95ms
17:30:03.430 WARN  - Property 'sonar.jdbc.url' is not supported any more. It will be ignored. There is no longer any DB connection to the SQ database.
17:30:03.431 WARN  - Property 'sonar.jdbc.username' is not supported any more. It will be ignored. There is no longer any DB connection to the SQ database.
17:30:03.431 WARN  - Property 'sonar.jdbc.password' is not supported any more. It will be ignored. There is no longer any DB connection to the SQ database.
17:30:03.432 INFO  - User cache: /Users/lee/.sonar/cache
17:30:03.636 INFO  - Load plugins index
17:30:03.639 INFO  - Load plugins index (done) | time=3ms
17:30:03.882 INFO  - Process project properties
17:30:03.959 INFO  - Load project repositories
17:30:03.978 INFO  - Load project repositories (done) | time=19ms
17:30:04.046 INFO  - Load quality profiles
17:30:04.071 INFO  - Load quality profiles (done) | time=25ms
17:30:04.075 INFO  - Load active rules
17:30:04.340 INFO  - Load active rules (done) | time=265ms
17:30:04.344 WARN  - 'sonar.dynamicAnalysis' is deprecated since version 4.3 and should no longer be used.
17:30:04.363 INFO  - Publish mode
17:30:04.364 INFO  - -------------  Scan todomvp
17:30:04.429 INFO  - Language is forced to java
17:30:04.433 INFO  - Load server rules
17:30:04.472 INFO  - Load server rules (done) | time=39ms
17:30:04.510 INFO  - Base dir: /Users/lee/Documents/soft/jenkins/workspace/todo-mvp-test/app
17:30:04.511 INFO  - Working dir: /Users/lee/Documents/soft/jenkins/workspace/todo-mvp-test/app/build/sonar
17:30:04.512 INFO  - Source paths: src/main/java
17:30:04.512 INFO  - Test paths: src/test/java
17:30:04.512 INFO  - Binary dirs: build
17:30:04.512 INFO  - Source encoding: UTF-8, default locale: zh_CN
17:30:04.512 INFO  - Index files
17:30:04.555 INFO  - 35 files indexed
17:30:04.564 INFO  - Quality profile for java: Sonar way
17:30:04.882 INFO  - JaCoCoSensor: JaCoCo report not found : /Users/lee/Documents/soft/jenkins/workspace/todo-mvp-test/app/build/jacoco/*.exec
17:30:04.882 INFO  - JaCoCoItSensor: JaCoCo IT report not found: /Users/lee/Documents/soft/jenkins/workspace/todo-mvp-test/app/build/jacoco/*-it*.exec
17:30:04.900 INFO  - Sensor JavaSquidSensor
17:30:05.063 INFO  - Configured Java source version (sonar.java.source): 8
17:30:05.069 INFO  - JavaClasspath initialization...
17:30:05.219 WARN  - Bytecode of dependencies was not provided for analysis of source files, you might end up with less precise results. Bytecode can be provided using sonar.java.libraries property
17:30:05.220 WARN  - sonar.binaries and sonar.libraries are deprecated since version 2.5 of sonar-java-plugin, please use sonar.java.binaries and sonar.java.libraries instead
17:30:05.220 INFO  - JavaClasspath initialization done: 151 ms
17:30:05.220 INFO  - JavaTestClasspath initialization...
17:30:05.220 WARN  - Bytecode of dependencies was not provided for analysis of test files, you might end up with less precise results. Bytecode can be provided using sonar.java.test.libraries property
17:30:05.220 INFO  - JavaTestClasspath initialization done: 0 ms
17:30:05.428 INFO  - Java Main Files AST scan...
17:30:05.429 INFO  - 30 source files to be analyzed
17:30:07.345 INFO  - Java Main Files AST scan done: 1917 ms
17:30:07.345 INFO  - 30/30 source files have been analyzed
17:30:07.465 INFO  - Java bytecode scan...
17:30:07.476 WARN  - Class 'com/example/android/architecture/blueprints/todoapp/BasePresenter' is not accessible through the ClassLoader.
17:30:07.479 WARN  - Class 'com/example/android/architecture/blueprints/todoapp/BaseView' is not accessible through the ClassLoader.
17:30:07.479 WARN  - Class 'com/example/android/architecture/blueprints/todoapp/addedittask/AddEditTaskActivity' is not accessible through the ClassLoader.
17:30:07.479 WARN  - Class 'com/example/android/architecture/blueprints/todoapp/addedittask/AddEditTaskContract' is not accessible through the ClassLoader.
17:30:07.479 WARN  - Class 'com/example/android/architecture/blueprints/todoapp/addedittask/AddEditTaskContract$Presenter' is not accessible through the ClassLoader.
17:30:07.479 WARN  - Class 'com/example/android/architecture/blueprints/todoapp/addedittask/AddEditTaskContract$View' is not accessible through the ClassLoader.
17:30:07.479 WARN  - Class 'com/example/android/architecture/blueprints/todoapp/addedittask/AddEditTaskFragment' is not accessible through the ClassLoader.
17:30:07.479 WARN  - Class 'com/example/android/architecture/blueprints/todoapp/addedittask/AddEditTaskFragment$1' is not accessible through the ClassLoader.
17:30:07.479 WARN  - Class 'com/example/android/architecture/blueprints/todoapp/addedittask/AddEditTaskPresenter' is not accessible through the ClassLoader.
17:30:07.479 WARN  - Class 'com/example/android/architecture/blueprints/todoapp/data/Task' is not accessible through the ClassLoader.
17:30:07.479 WARN  - Class 'com/example/android/architecture/blueprints/todoapp/data/source/TasksDataSource' is not accessible through the ClassLoader.
17:30:07.479 WARN  - Class 'com/example/android/architecture/blueprints/todoapp/data/source/TasksDataSource$GetTaskCallback' is not accessible through the ClassLoader.
17:30:07.479 WARN  - Class 'com/example/android/architecture/blueprints/todoapp/data/source/TasksDataSource$LoadTasksCallback' is not accessible through the ClassLoader.
17:30:07.479 WARN  - Class 'com/example/android/architecture/blueprints/todoapp/data/source/TasksRepository' is not accessible through the ClassLoader.
17:30:07.479 WARN  - Class 'com/example/android/architecture/blueprints/todoapp/data/source/TasksRepository$1' is not accessible through the ClassLoader.
17:30:07.479 WARN  - Class 'com/example/android/architecture/blueprints/todoapp/data/source/TasksRepository$2' is not accessible through the ClassLoader.
17:30:07.479 WARN  - Class 'com/example/android/architecture/blueprints/todoapp/data/source/TasksRepository$2$1' is not accessible through the ClassLoader.
17:30:07.479 WARN  - Class 'com/example/android/architecture/blueprints/todoapp/data/source/TasksRepository$3' is not accessible through the ClassLoader.
17:30:07.479 WARN  - Class 'com/example/android/architecture/blueprints/todoapp/data/source/local/TasksDbHelper' is not accessible through the ClassLoader.
17:30:07.480 WARN  - Class 'com/example/android/architecture/blueprints/todoapp/data/source/local/TasksLocalDataSource' is not accessible through the ClassLoader.
17:30:07.480 WARN  - Class 'com/example/android/architecture/blueprints/todoapp/data/source/local/TasksPersistenceContract' is not accessible through the ClassLoader.
17:30:07.480 WARN  - Class 'com/example/android/architecture/blueprints/todoapp/data/source/local/TasksPersistenceContract$TaskEntry' is not accessible through the ClassLoader.
17:30:07.480 WARN  - Class 'com/example/android/architecture/blueprints/todoapp/data/source/remote/TasksRemoteDataSource' is not accessible through the ClassLoader.
17:30:07.480 WARN  - Class 'com/example/android/architecture/blueprints/todoapp/data/source/remote/TasksRemoteDataSource$1' is not accessible through the ClassLoader.
17:30:07.480 WARN  - Class 'com/example/android/architecture/blueprints/todoapp/data/source/remote/TasksRemoteDataSource$2' is not accessible through the ClassLoader.
17:30:07.480 WARN  - Class 'com/example/android/architecture/blueprints/todoapp/statistics/StatisticsActivity' is not accessible through the ClassLoader.
17:30:07.480 WARN  - Class 'com/example/android/architecture/blueprints/todoapp/statistics/StatisticsActivity$1' is not accessible through the ClassLoader.
17:30:07.480 WARN  - Class 'com/example/android/architecture/blueprints/todoapp/statistics/StatisticsContract' is not accessible through the ClassLoader.
17:30:07.480 WARN  - Class 'com/example/android/architecture/blueprints/todoapp/statistics/StatisticsContract$Presenter' is not accessible through the ClassLoader.
17:30:07.480 WARN  - Class 'com/example/android/architecture/blueprints/todoapp/statistics/StatisticsContract$View' is not accessible through the ClassLoader.
17:30:07.480 WARN  - Class 'com/example/android/architecture/blueprints/todoapp/statistics/StatisticsFragment' is not accessible through the ClassLoader.
17:30:07.480 WARN  - Class 'com/example/android/architecture/blueprints/todoapp/statistics/StatisticsPresenter' is not accessible through the ClassLoader.
17:30:07.480 WARN  - Class 'com/example/android/architecture/blueprints/todoapp/statistics/StatisticsPresenter$1' is not accessible through the ClassLoader.
17:30:07.480 WARN  - Class 'com/example/android/architecture/blueprints/todoapp/taskdetail/TaskDetailActivity' is not accessible through the ClassLoader.
17:30:07.480 WARN  - Class 'com/example/android/architecture/blueprints/todoapp/taskdetail/TaskDetailContract' is not accessible through the ClassLoader.
17:30:07.480 WARN  - Class 'com/example/android/architecture/blueprints/todoapp/taskdetail/TaskDetailContract$Presenter' is not accessible through the ClassLoader.
17:30:07.480 WARN  - Class 'com/example/android/architecture/blueprints/todoapp/taskdetail/TaskDetailContract$View' is not accessible through the ClassLoader.
17:30:07.480 WARN  - Class 'com/example/android/architecture/blueprints/todoapp/taskdetail/TaskDetailFragment' is not accessible through the ClassLoader.
17:30:07.480 WARN  - Class 'com/example/android/architecture/blueprints/todoapp/taskdetail/TaskDetailFragment$1' is not accessible through the ClassLoader.
17:30:07.480 WARN  - Class 'com/example/android/architecture/blueprints/todoapp/taskdetail/TaskDetailFragment$2' is not accessible through the ClassLoader.
17:30:07.480 WARN  - Class 'com/example/android/architecture/blueprints/todoapp/taskdetail/TaskDetailPresenter' is not accessible through the ClassLoader.
17:30:07.480 WARN  - Class 'com/example/android/architecture/blueprints/todoapp/taskdetail/TaskDetailPresenter$1' is not accessible through the ClassLoader.
17:30:07.481 WARN  - Class 'com/example/android/architecture/blueprints/todoapp/tasks/ScrollChildSwipeRefreshLayout' is not accessible through the ClassLoader.
17:30:07.481 WARN  - Class 'com/example/android/architecture/blueprints/todoapp/tasks/TasksActivity' is not accessible through the ClassLoader.
17:30:07.481 WARN  - Class 'com/example/android/architecture/blueprints/todoapp/tasks/TasksActivity$1' is not accessible through the ClassLoader.
17:30:07.481 WARN  - Class 'com/example/android/architecture/blueprints/todoapp/tasks/TasksContract' is not accessible through the ClassLoader.
17:30:07.481 WARN  - Class 'com/example/android/architecture/blueprints/todoapp/tasks/TasksContract$Presenter' is not accessible through the ClassLoader.
17:30:07.481 WARN  - Class 'com/example/android/architecture/blueprints/todoapp/tasks/TasksContract$View' is not accessible through the ClassLoader.
17:30:07.481 WARN  - Class 'com/example/android/architecture/blueprints/todoapp/tasks/TasksFilterType' is not accessible through the ClassLoader.
17:30:07.481 WARN  - Class 'com/example/android/architecture/blueprints/todoapp/tasks/TasksFragment' is not accessible through the ClassLoader.
17:30:07.481 WARN  - Class 'com/example/android/architecture/blueprints/todoapp/tasks/TasksFragment$1' is not accessible through the ClassLoader.
17:30:07.481 WARN  - Class 'com/example/android/architecture/blueprints/todoapp/tasks/TasksFragment$2' is not accessible through the ClassLoader.
17:30:07.481 WARN  - Class 'com/example/android/architecture/blueprints/todoapp/tasks/TasksFragment$3' is not accessible through the ClassLoader.
17:30:07.481 WARN  - Class 'com/example/android/architecture/blueprints/todoapp/tasks/TasksFragment$4' is not accessible through the ClassLoader.
17:30:07.481 WARN  - Class 'com/example/android/architecture/blueprints/todoapp/tasks/TasksFragment$5' is not accessible through the ClassLoader.
17:30:07.481 WARN  - Class 'com/example/android/architecture/blueprints/todoapp/tasks/TasksFragment$6' is not accessible through the ClassLoader.
17:30:07.481 WARN  - Class 'com/example/android/architecture/blueprints/todoapp/tasks/TasksFragment$TaskItemListener' is not accessible through the ClassLoader.
17:30:07.482 WARN  - Class 'com/example/android/architecture/blueprints/todoapp/tasks/TasksFragment$TasksAdapter' is not accessible through the ClassLoader.
17:30:07.482 WARN  - Class 'com/example/android/architecture/blueprints/todoapp/tasks/TasksFragment$TasksAdapter$1' is not accessible through the ClassLoader.
17:30:07.482 WARN  - Class 'com/example/android/architecture/blueprints/todoapp/tasks/TasksFragment$TasksAdapter$2' is not accessible through the ClassLoader.
17:30:07.482 WARN  - Class 'com/example/android/architecture/blueprints/todoapp/tasks/TasksPresenter' is not accessible through the ClassLoader.
17:30:07.482 WARN  - Class 'com/example/android/architecture/blueprints/todoapp/tasks/TasksPresenter$1' is not accessible through the ClassLoader.
17:30:07.482 WARN  - Class 'com/example/android/architecture/blueprints/todoapp/util/ActivityUtils' is not accessible through the ClassLoader.
17:30:07.482 WARN  - Class 'com/example/android/architecture/blueprints/todoapp/util/EspressoIdlingResource' is not accessible through the ClassLoader.
17:30:07.482 WARN  - Class 'com/example/android/architecture/blueprints/todoapp/util/SimpleCountingIdlingResource' is not accessible through the ClassLoader.
17:30:07.483 WARN  - Class 'com/example/android/architecture/blueprints/todoapp/BasePresenter' is not accessible through the ClassLoader.
17:30:07.483 WARN  - Class 'com/example/android/architecture/blueprints/todoapp/BaseView' is not accessible through the ClassLoader.
17:30:07.483 WARN  - Class 'com/example/android/architecture/blueprints/todoapp/addedittask/AddEditTaskActivity' is not accessible through the ClassLoader.
17:30:07.483 WARN  - Class 'com/example/android/architecture/blueprints/todoapp/addedittask/AddEditTaskContract' is not accessible through the ClassLoader.
17:30:07.483 WARN  - Class 'com/example/android/architecture/blueprints/todoapp/addedittask/AddEditTaskContract$Presenter' is not accessible through the ClassLoader.
17:30:07.483 WARN  - Class 'com/example/android/architecture/blueprints/todoapp/addedittask/AddEditTaskContract$View' is not accessible through the ClassLoader.
17:30:07.483 WARN  - Class 'com/example/android/architecture/blueprints/todoapp/addedittask/AddEditTaskFragment' is not accessible through the ClassLoader.
17:30:07.484 WARN  - Class 'com/example/android/architecture/blueprints/todoapp/addedittask/AddEditTaskFragment$1' is not accessible through the ClassLoader.
17:30:07.484 WARN  - Class 'com/example/android/architecture/blueprints/todoapp/addedittask/AddEditTaskPresenter' is not accessible through the ClassLoader.
17:30:07.484 WARN  - Class 'com/example/android/architecture/blueprints/todoapp/data/Task' is not accessible through the ClassLoader.
17:30:07.484 WARN  - Class 'com/example/android/architecture/blueprints/todoapp/data/source/TasksDataSource' is not accessible through the ClassLoader.
17:30:07.484 WARN  - Class 'com/example/android/architecture/blueprints/todoapp/data/source/TasksDataSource$GetTaskCallback' is not accessible through the ClassLoader.
17:30:07.484 WARN  - Class 'com/example/android/architecture/blueprints/todoapp/data/source/TasksDataSource$LoadTasksCallback' is not accessible through the ClassLoader.
17:30:07.484 WARN  - Class 'com/example/android/architecture/blueprints/todoapp/data/source/TasksRepository' is not accessible through the ClassLoader.
17:30:07.484 WARN  - Class 'com/example/android/architecture/blueprints/todoapp/data/source/TasksRepository$1' is not accessible through the ClassLoader.
17:30:07.484 WARN  - Class 'com/example/android/architecture/blueprints/todoapp/data/source/TasksRepository$2' is not accessible through the ClassLoader.
17:30:07.484 WARN  - Class 'com/example/android/architecture/blueprints/todoapp/data/source/TasksRepository$2$1' is not accessible through the ClassLoader.
17:30:07.484 WARN  - Class 'com/example/android/architecture/blueprints/todoapp/data/source/TasksRepository$3' is not accessible through the ClassLoader.
17:30:07.484 WARN  - Class 'com/example/android/architecture/blueprints/todoapp/data/source/local/TasksDbHelper' is not accessible through the ClassLoader.
17:30:07.484 WARN  - Class 'com/example/android/architecture/blueprints/todoapp/data/source/local/TasksLocalDataSource' is not accessible through the ClassLoader.
17:30:07.485 WARN  - Class 'com/example/android/architecture/blueprints/todoapp/data/source/local/TasksPersistenceContract' is not accessible through the ClassLoader.
17:30:07.485 WARN  - Class 'com/example/android/architecture/blueprints/todoapp/data/source/local/TasksPersistenceContract$TaskEntry' is not accessible through the ClassLoader.
17:30:07.485 WARN  - Class 'com/example/android/architecture/blueprints/todoapp/data/source/remote/TasksRemoteDataSource' is not accessible through the ClassLoader.
17:30:07.485 WARN  - Class 'com/example/android/architecture/blueprints/todoapp/data/source/remote/TasksRemoteDataSource$1' is not accessible through the ClassLoader.
17:30:07.485 WARN  - Class 'com/example/android/architecture/blueprints/todoapp/data/source/remote/TasksRemoteDataSource$2' is not accessible through the ClassLoader.
17:30:07.485 WARN  - Class 'com/example/android/architecture/blueprints/todoapp/statistics/StatisticsActivity' is not accessible through the ClassLoader.
17:30:07.485 WARN  - Class 'com/example/android/architecture/blueprints/todoapp/statistics/StatisticsActivity$1' is not accessible through the ClassLoader.
17:30:07.485 WARN  - Class 'com/example/android/architecture/blueprints/todoapp/statistics/StatisticsContract' is not accessible through the ClassLoader.
17:30:07.485 WARN  - Class 'com/example/android/architecture/blueprints/todoapp/statistics/StatisticsContract$Presenter' is not accessible through the ClassLoader.
17:30:07.485 WARN  - Class 'com/example/android/architecture/blueprints/todoapp/statistics/StatisticsContract$View' is not accessible through the ClassLoader.
17:30:07.485 WARN  - Class 'com/example/android/architecture/blueprints/todoapp/statistics/StatisticsFragment' is not accessible through the ClassLoader.
17:30:07.485 WARN  - Class 'com/example/android/architecture/blueprints/todoapp/statistics/StatisticsPresenter' is not accessible through the ClassLoader.
17:30:07.485 WARN  - Class 'com/example/android/architecture/blueprints/todoapp/statistics/StatisticsPresenter$1' is not accessible through the ClassLoader.
17:30:07.485 WARN  - Class 'com/example/android/architecture/blueprints/todoapp/taskdetail/TaskDetailActivity' is not accessible through the ClassLoader.
17:30:07.485 WARN  - Class 'com/example/android/architecture/blueprints/todoapp/taskdetail/TaskDetailContract' is not accessible through the ClassLoader.
17:30:07.485 WARN  - Class 'com/example/android/architecture/blueprints/todoapp/taskdetail/TaskDetailContract$Presenter' is not accessible through the ClassLoader.
17:30:07.485 WARN  - Class 'com/example/android/architecture/blueprints/todoapp/taskdetail/TaskDetailContract$View' is not accessible through the ClassLoader.
17:30:07.485 WARN  - Class 'com/example/android/architecture/blueprints/todoapp/taskdetail/TaskDetailFragment' is not accessible through the ClassLoader.
17:30:07.485 WARN  - Class 'com/example/android/architecture/blueprints/todoapp/taskdetail/TaskDetailFragment$1' is not accessible through the ClassLoader.
17:30:07.485 WARN  - Class 'com/example/android/architecture/blueprints/todoapp/taskdetail/TaskDetailFragment$2' is not accessible through the ClassLoader.
17:30:07.485 WARN  - Class 'com/example/android/architecture/blueprints/todoapp/taskdetail/TaskDetailPresenter' is not accessible through the ClassLoader.
17:30:07.485 WARN  - Class 'com/example/android/architecture/blueprints/todoapp/taskdetail/TaskDetailPresenter$1' is not accessible through the ClassLoader.
17:30:07.485 WARN  - Class 'com/example/android/architecture/blueprints/todoapp/tasks/ScrollChildSwipeRefreshLayout' is not accessible through the ClassLoader.
17:30:07.486 WARN  - Class 'com/example/android/architecture/blueprints/todoapp/tasks/TasksActivity' is not accessible through the ClassLoader.
17:30:07.486 WARN  - Class 'com/example/android/architecture/blueprints/todoapp/tasks/TasksActivity$1' is not accessible through the ClassLoader.
17:30:07.486 WARN  - Class 'com/example/android/architecture/blueprints/todoapp/tasks/TasksContract' is not accessible through the ClassLoader.
17:30:07.486 WARN  - Class 'com/example/android/architecture/blueprints/todoapp/tasks/TasksContract$Presenter' is not accessible through the ClassLoader.
17:30:07.486 WARN  - Class 'com/example/android/architecture/blueprints/todoapp/tasks/TasksContract$View' is not accessible through the ClassLoader.
17:30:07.486 WARN  - Class 'com/example/android/architecture/blueprints/todoapp/tasks/TasksFilterType' is not accessible through the ClassLoader.
17:30:07.486 WARN  - Class 'com/example/android/architecture/blueprints/todoapp/tasks/TasksFragment' is not accessible through the ClassLoader.
17:30:07.486 WARN  - Class 'com/example/android/architecture/blueprints/todoapp/tasks/TasksFragment$1' is not accessible through the ClassLoader.
17:30:07.486 WARN  - Class 'com/example/android/architecture/blueprints/todoapp/tasks/TasksFragment$2' is not accessible through the ClassLoader.
17:30:07.486 WARN  - Class 'com/example/android/architecture/blueprints/todoapp/tasks/TasksFragment$3' is not accessible through the ClassLoader.
17:30:07.486 WARN  - Class 'com/example/android/architecture/blueprints/todoapp/tasks/TasksFragment$4' is not accessible through the ClassLoader.
17:30:07.486 WARN  - Class 'com/example/android/architecture/blueprints/todoapp/tasks/TasksFragment$5' is not accessible through the ClassLoader.
17:30:07.486 WARN  - Class 'com/example/android/architecture/blueprints/todoapp/tasks/TasksFragment$6' is not accessible through the ClassLoader.
17:30:07.486 WARN  - Class 'com/example/android/architecture/blueprints/todoapp/tasks/TasksFragment$TaskItemListener' is not accessible through the ClassLoader.
17:30:07.486 WARN  - Class 'com/example/android/architecture/blueprints/todoapp/tasks/TasksFragment$TasksAdapter' is not accessible through the ClassLoader.
17:30:07.487 WARN  - Class 'com/example/android/architecture/blueprints/todoapp/tasks/TasksFragment$TasksAdapter$1' is not accessible through the ClassLoader.
17:30:07.487 WARN  - Class 'com/example/android/architecture/blueprints/todoapp/tasks/TasksFragment$TasksAdapter$2' is not accessible through the ClassLoader.
17:30:07.487 WARN  - Class 'com/example/android/architecture/blueprints/todoapp/tasks/TasksPresenter' is not accessible through the ClassLoader.
17:30:07.487 WARN  - Class 'com/example/android/architecture/blueprints/todoapp/tasks/TasksPresenter$1' is not accessible through the ClassLoader.
17:30:07.487 WARN  - Class 'com/example/android/architecture/blueprints/todoapp/util/ActivityUtils' is not accessible through the ClassLoader.
17:30:07.487 WARN  - Class 'com/example/android/architecture/blueprints/todoapp/util/EspressoIdlingResource' is not accessible through the ClassLoader.
17:30:07.487 WARN  - Class 'com/example/android/architecture/blueprints/todoapp/util/SimpleCountingIdlingResource' is not accessible through the ClassLoader.
17:30:07.487 WARN  - Class 'com/example/android/architecture/blueprints/todoapp/BasePresenter' is not accessible through the ClassLoader.
17:30:07.489 WARN  - Class 'com/example/android/architecture/blueprints/todoapp/BaseView' is not accessible through the ClassLoader.
17:30:07.490 WARN  - Class 'com/example/android/architecture/blueprints/todoapp/addedittask/AddEditTaskActivity' is not accessible through the ClassLoader.
17:30:07.490 WARN  - Class 'com/example/android/architecture/blueprints/todoapp/addedittask/AddEditTaskContract' is not accessible through the ClassLoader.
17:30:07.490 WARN  - Class 'com/example/android/architecture/blueprints/todoapp/addedittask/AddEditTaskContract$Presenter' is not accessible through the ClassLoader.
17:30:07.490 WARN  - Class 'com/example/android/architecture/blueprints/todoapp/addedittask/AddEditTaskContract$View' is not accessible through the ClassLoader.
17:30:07.490 WARN  - Class 'com/example/android/architecture/blueprints/todoapp/addedittask/AddEditTaskFragment' is not accessible through the ClassLoader.
17:30:07.490 WARN  - Class 'com/example/android/architecture/blueprints/todoapp/addedittask/AddEditTaskFragment$1' is not accessible through the ClassLoader.
17:30:07.490 WARN  - Class 'com/example/android/architecture/blueprints/todoapp/addedittask/AddEditTaskPresenter' is not accessible through the ClassLoader.
17:30:07.490 WARN  - Class 'com/example/android/architecture/blueprints/todoapp/data/Task' is not accessible through the ClassLoader.
17:30:07.490 WARN  - Class 'com/example/android/architecture/blueprints/todoapp/data/source/TasksDataSource' is not accessible through the ClassLoader.
17:30:07.490 WARN  - Class 'com/example/android/architecture/blueprints/todoapp/data/source/TasksDataSource$GetTaskCallback' is not accessible through the ClassLoader.
17:30:07.490 WARN  - Class 'com/example/android/architecture/blueprints/todoapp/data/source/TasksDataSource$LoadTasksCallback' is not accessible through the ClassLoader.
17:30:07.490 WARN  - Class 'com/example/android/architecture/blueprints/todoapp/data/source/TasksRepository' is not accessible through the ClassLoader.
17:30:07.490 WARN  - Class 'com/example/android/architecture/blueprints/todoapp/data/source/TasksRepository$1' is not accessible through the ClassLoader.
17:30:07.490 WARN  - Class 'com/example/android/architecture/blueprints/todoapp/data/source/TasksRepository$2' is not accessible through the ClassLoader.
17:30:07.491 WARN  - Class 'com/example/android/architecture/blueprints/todoapp/data/source/TasksRepository$2$1' is not accessible through the ClassLoader.
17:30:07.491 WARN  - Class 'com/example/android/architecture/blueprints/todoapp/data/source/TasksRepository$3' is not accessible through the ClassLoader.
17:30:07.491 WARN  - Class 'com/example/android/architecture/blueprints/todoapp/data/source/local/TasksDbHelper' is not accessible through the ClassLoader.
17:30:07.491 WARN  - Class 'com/example/android/architecture/blueprints/todoapp/data/source/local/TasksLocalDataSource' is not accessible through the ClassLoader.
17:30:07.491 WARN  - Class 'com/example/android/architecture/blueprints/todoapp/data/source/local/TasksPersistenceContract' is not accessible through the ClassLoader.
17:30:07.491 WARN  - Class 'com/example/android/architecture/blueprints/todoapp/data/source/local/TasksPersistenceContract$TaskEntry' is not accessible through the ClassLoader.
17:30:07.491 WARN  - Class 'com/example/android/architecture/blueprints/todoapp/data/source/remote/TasksRemoteDataSource' is not accessible through the ClassLoader.
17:30:07.491 WARN  - Class 'com/example/android/architecture/blueprints/todoapp/data/source/remote/TasksRemoteDataSource$1' is not accessible through the ClassLoader.
17:30:07.491 WARN  - Class 'com/example/android/architecture/blueprints/todoapp/data/source/remote/TasksRemoteDataSource$2' is not accessible through the ClassLoader.
17:30:07.491 WARN  - Class 'com/example/android/architecture/blueprints/todoapp/statistics/StatisticsActivity' is not accessible through the ClassLoader.
17:30:07.491 WARN  - Class 'com/example/android/architecture/blueprints/todoapp/statistics/StatisticsActivity$1' is not accessible through the ClassLoader.
17:30:07.491 WARN  - Class 'com/example/android/architecture/blueprints/todoapp/statistics/StatisticsContract' is not accessible through the ClassLoader.
17:30:07.491 WARN  - Class 'com/example/android/architecture/blueprints/todoapp/statistics/StatisticsContract$Presenter' is not accessible through the ClassLoader.
17:30:07.491 WARN  - Class 'com/example/android/architecture/blueprints/todoapp/statistics/StatisticsContract$View' is not accessible through the ClassLoader.
17:30:07.491 WARN  - Class 'com/example/android/architecture/blueprints/todoapp/statistics/StatisticsFragment' is not accessible through the ClassLoader.
17:30:07.491 WARN  - Class 'com/example/android/architecture/blueprints/todoapp/statistics/StatisticsPresenter' is not accessible through the ClassLoader.
17:30:07.491 WARN  - Class 'com/example/android/architecture/blueprints/todoapp/statistics/StatisticsPresenter$1' is not accessible through the ClassLoader.
17:30:07.492 WARN  - Class 'com/example/android/architecture/blueprints/todoapp/taskdetail/TaskDetailActivity' is not accessible through the ClassLoader.
17:30:07.492 WARN  - Class 'com/example/android/architecture/blueprints/todoapp/taskdetail/TaskDetailContract' is not accessible through the ClassLoader.
17:30:07.492 WARN  - Class 'com/example/android/architecture/blueprints/todoapp/taskdetail/TaskDetailContract$Presenter' is not accessible through the ClassLoader.
17:30:07.492 WARN  - Class 'com/example/android/architecture/blueprints/todoapp/taskdetail/TaskDetailContract$View' is not accessible through the ClassLoader.
17:30:07.492 WARN  - Class 'com/example/android/architecture/blueprints/todoapp/taskdetail/TaskDetailFragment' is not accessible through the ClassLoader.
17:30:07.492 WARN  - Class 'com/example/android/architecture/blueprints/todoapp/taskdetail/TaskDetailFragment$1' is not accessible through the ClassLoader.
17:30:07.492 WARN  - Class 'com/example/android/architecture/blueprints/todoapp/taskdetail/TaskDetailFragment$2' is not accessible through the ClassLoader.
17:30:07.492 WARN  - Class 'com/example/android/architecture/blueprints/todoapp/taskdetail/TaskDetailPresenter' is not accessible through the ClassLoader.
17:30:07.492 WARN  - Class 'com/example/android/architecture/blueprints/todoapp/taskdetail/TaskDetailPresenter$1' is not accessible through the ClassLoader.
17:30:07.492 WARN  - Class 'com/example/android/architecture/blueprints/todoapp/tasks/ScrollChildSwipeRefreshLayout' is not accessible through the ClassLoader.
17:30:07.492 WARN  - Class 'com/example/android/architecture/blueprints/todoapp/tasks/TasksActivity' is not accessible through the ClassLoader.
17:30:07.492 WARN  - Class 'com/example/android/architecture/blueprints/todoapp/tasks/TasksActivity$1' is not accessible through the ClassLoader.
17:30:07.492 WARN  - Class 'com/example/android/architecture/blueprints/todoapp/tasks/TasksContract' is not accessible through the ClassLoader.
17:30:07.492 WARN  - Class 'com/example/android/architecture/blueprints/todoapp/tasks/TasksContract$Presenter' is not accessible through the ClassLoader.
17:30:07.492 WARN  - Class 'com/example/android/architecture/blueprints/todoapp/tasks/TasksContract$View' is not accessible through the ClassLoader.
17:30:07.492 WARN  - Class 'com/example/android/architecture/blueprints/todoapp/tasks/TasksFilterType' is not accessible through the ClassLoader.
17:30:07.492 WARN  - Class 'com/example/android/architecture/blueprints/todoapp/tasks/TasksFragment' is not accessible through the ClassLoader.
17:30:07.493 WARN  - Class 'com/example/android/architecture/blueprints/todoapp/tasks/TasksFragment$1' is not accessible through the ClassLoader.
17:30:07.493 WARN  - Class 'com/example/android/architecture/blueprints/todoapp/tasks/TasksFragment$2' is not accessible through the ClassLoader.
17:30:07.493 WARN  - Class 'com/example/android/architecture/blueprints/todoapp/tasks/TasksFragment$3' is not accessible through the ClassLoader.
17:30:07.493 WARN  - Class 'com/example/android/architecture/blueprints/todoapp/tasks/TasksFragment$4' is not accessible through the ClassLoader.
17:30:07.493 WARN  - Class 'com/example/android/architecture/blueprints/todoapp/tasks/TasksFragment$5' is not accessible through the ClassLoader.
17:30:07.493 WARN  - Class 'com/example/android/architecture/blueprints/todoapp/tasks/TasksFragment$6' is not accessible through the ClassLoader.
17:30:07.493 WARN  - Class 'com/example/android/architecture/blueprints/todoapp/tasks/TasksFragment$TaskItemListener' is not accessible through the ClassLoader.
17:30:07.493 WARN  - Class 'com/example/android/architecture/blueprints/todoapp/tasks/TasksFragment$TasksAdapter' is not accessible through the ClassLoader.
17:30:07.493 WARN  - Class 'com/example/android/architecture/blueprints/todoapp/tasks/TasksFragment$TasksAdapter$1' is not accessible through the ClassLoader.
17:30:07.493 WARN  - Class 'com/example/android/architecture/blueprints/todoapp/tasks/TasksFragment$TasksAdapter$2' is not accessible through the ClassLoader.
17:30:07.493 WARN  - Class 'com/example/android/architecture/blueprints/todoapp/tasks/TasksPresenter' is not accessible through the ClassLoader.
17:30:07.493 WARN  - Class 'com/example/android/architecture/blueprints/todoapp/tasks/TasksPresenter$1' is not accessible through the ClassLoader.
17:30:07.493 WARN  - Class 'com/example/android/architecture/blueprints/todoapp/util/ActivityUtils' is not accessible through the ClassLoader.
17:30:07.493 WARN  - Class 'com/example/android/architecture/blueprints/todoapp/util/EspressoIdlingResource' is not accessible through the ClassLoader.
17:30:07.493 WARN  - Class 'com/example/android/architecture/blueprints/todoapp/util/SimpleCountingIdlingResource' is not accessible through the ClassLoader.
17:30:07.493 INFO  - Java bytecode scan done: 28 ms
17:30:07.494 INFO  - Java Test Files AST scan...
17:30:07.494 INFO  - 5 source files to be analyzed
17:30:07.588 INFO  - Java Test Files AST scan done: 94 ms
17:30:07.588 INFO  - 5/5 source files have been analyzed
17:30:07.590 INFO  - Package design analysis...
17:30:07.596 INFO  - Package design analysis done: 6 ms
17:30:07.597 INFO  - Sensor JavaSquidSensor (done) | time=2697ms
17:30:07.597 INFO  - Sensor Lines Sensor
17:30:07.601 INFO  - Sensor Lines Sensor (done) | time=4ms
17:30:07.601 INFO  - Sensor SurefireSensor
17:30:07.602 INFO  - parsing /Users/lee/Documents/soft/jenkins/workspace/todo-mvp-test/app/target/surefire-reports
17:30:07.602 INFO  - Sensor SurefireSensor (done) | time=1ms
17:30:07.602 INFO  - Sensor SCM Sensor
17:30:07.602 INFO  - SCM provider for this project is: git
17:30:07.607 INFO  - 35 files to be analyzed
17:30:07.648 ERROR - fatal: Could not switch to '/Applications/Xcode-beta 2.app/Contents/Developer/usr/etc/': No such file or directory

17:30:07.696 INFO  - 0/35 files analyzed
INFO: ------------------------------------------------------------------------
INFO: EXECUTION FAILURE
INFO: ------------------------------------------------------------------------
Total time: 4.916s
Final Memory: 17M/590M
INFO: ------------------------------------------------------------------------
ERROR: Error during Sonar runner execution
ERROR: Unable to execute Sonar
ERROR: Caused by: Unable to blame file src/main/java/com/example/android/architecture/blueprints/todoapp/BasePresenter.java
ERROR: 
ERROR: To see the full stack trace of the errors, re-run SonarQube Runner with the -e switch.
ERROR: Re-run SonarQube Runner using the -X switch to enable full debug logging.
:app:sonarRunner FAILED

FAILURE: Build completed with 3 failures.

1: Task failed with an exception.
-----------
* What went wrong:
Execution failed for task ':app:connectedMockDebugAndroidTest'.
> There were failing tests. See the report at: file:///Users/lee/Documents/soft/jenkins/workspace/todo-mvp-test/app/build/reports/androidTests/connected/flavors/MOCK/index.html

* Try:
Run with --stacktrace option to get the stack trace. Run with --info or --debug option to get more log output.
==============================================================================

2: Task failed with an exception.
-----------
* What went wrong:
Execution failed for task ':app:connectedProdDebugAndroidTest'.
> There were failing tests. See the report at: file:///Users/lee/Documents/soft/jenkins/workspace/todo-mvp-test/app/build/reports/androidTests/connected/flavors/PROD/index.html

* Try:
Run with --stacktrace option to get the stack trace. Run with --info or --debug option to get more log output.
==============================================================================

3: Task failed with an exception.
-----------
* What went wrong:
Execution failed for task ':app:sonarRunner'.
> Process 'command '/Library/Java/JavaVirtualMachines/jdk1.8.0_71.jdk/Contents/Home/bin/java'' finished with non-zero exit value 1

* Try:
Run with --stacktrace option to get the stack trace. Run with --info or --debug option to get more log output.
==============================================================================

BUILD FAILED

Total time: 6 mins 22.123 secs
17:30:07.865 [DEBUG] [org.gradle.cache.internal.DefaultFileLockManager] Releasing lock on cp_settings class cache for settings file '/Users/lee/Documents/soft/jenkins/workspace/todo-mvp-test/settings.gradle' (/Users/lee/Documents/soft/jenkins/workspace/todo-mvp-test/caches/2.11/scripts/settings_8hb58z0smpcfsg9ifhe4ki6x7/cp_settings).
17:30:07.865 [DEBUG] [org.gradle.cache.internal.DefaultFileLockManager] Releasing lock on settings class cache for settings file '/Users/lee/Documents/soft/jenkins/workspace/todo-mvp-test/settings.gradle' (/Users/lee/Documents/soft/jenkins/workspace/todo-mvp-test/caches/2.11/scripts/settings_8hb58z0smpcfsg9ifhe4ki6x7/settings).
17:30:07.865 [DEBUG] [org.gradle.cache.internal.DefaultFileLockManager] Releasing lock on cp_proj class cache for build file '/Users/lee/Documents/soft/jenkins/workspace/todo-mvp-test/build.gradle' (/Users/lee/Documents/soft/jenkins/workspace/todo-mvp-test/caches/2.11/scripts/build_55k0ad62caz4zx0twu99ft6ng/cp_proj).
17:30:07.865 [DEBUG] [org.gradle.cache.internal.DefaultFileLockManager] Releasing lock on proj class cache for build file '/Users/lee/Documents/soft/jenkins/workspace/todo-mvp-test/build.gradle' (/Users/lee/Documents/soft/jenkins/workspace/todo-mvp-test/caches/2.11/scripts/build_55k0ad62caz4zx0twu99ft6ng/proj).
17:30:07.865 [DEBUG] [org.gradle.cache.internal.DefaultFileLockManager] Releasing lock on cp_proj class cache for build file '/Users/lee/Documents/soft/jenkins/workspace/todo-mvp-test/app/build.gradle' (/Users/lee/Documents/soft/jenkins/workspace/todo-mvp-test/caches/2.11/scripts/build_1ug1ak8rea6pcfko1xyvixwbq/cp_proj).
17:30:07.865 [DEBUG] [org.gradle.cache.internal.DefaultFileLockManager] Releasing lock on proj class cache for build file '/Users/lee/Documents/soft/jenkins/workspace/todo-mvp-test/app/build.gradle' (/Users/lee/Documents/soft/jenkins/workspace/todo-mvp-test/caches/2.11/scripts/build_1ug1ak8rea6pcfko1xyvixwbq/proj).
17:30:07.866 [DEBUG] [org.gradle.cache.internal.DefaultFileLockManager] Releasing lock on cp_dsl class cache for script '/Users/lee/Documents/soft/jenkins/workspace/todo-mvp-test/jacoco.gradle' (/Users/lee/Documents/soft/jenkins/workspace/todo-mvp-test/caches/2.11/scripts/jacoco_cxabn0n7737ae78zs9j66ijcx/cp_dsl).
17:30:07.866 [DEBUG] [org.gradle.cache.internal.DefaultFileLockManager] Releasing lock on dsl class cache for script '/Users/lee/Documents/soft/jenkins/workspace/todo-mvp-test/jacoco.gradle' (/Users/lee/Documents/soft/jenkins/workspace/todo-mvp-test/caches/2.11/scripts/jacoco_cxabn0n7737ae78zs9j66ijcx/dsl).
17:30:07.871 [DEBUG] [org.gradle.cache.internal.btree.BTreePersistentIndexedCache] Closing cache outputFileStates.bin (/Users/lee/Documents/soft/jenkins/workspace/todo-mvp-test/.gradle/2.11/taskArtifacts/outputFileStates.bin)
17:30:07.871 [DEBUG] [org.gradle.cache.internal.btree.BTreePersistentIndexedCache] Closing cache taskArtifacts.bin (/Users/lee/Documents/soft/jenkins/workspace/todo-mvp-test/.gradle/2.11/taskArtifacts/taskArtifacts.bin)
17:30:07.871 [DEBUG] [org.gradle.cache.internal.btree.BTreePersistentIndexedCache] Closing cache fileHashes.bin (/Users/lee/Documents/soft/jenkins/workspace/todo-mvp-test/.gradle/2.11/taskArtifacts/fileHashes.bin)
17:30:07.871 [DEBUG] [org.gradle.cache.internal.btree.BTreePersistentIndexedCache] Closing cache fileSnapshots.bin (/Users/lee/Documents/soft/jenkins/workspace/todo-mvp-test/.gradle/2.11/taskArtifacts/fileSnapshots.bin)
17:30:07.871 [DEBUG] [org.gradle.cache.internal.DefaultFileLockManager] Releasing lock on task history cache (/Users/lee/Documents/soft/jenkins/workspace/todo-mvp-test/.gradle/2.11/taskArtifacts).
17:30:07.872 [DEBUG] [org.gradle.api.internal.artifacts.ivyservice.ivyresolve.memcache.InMemoryCachedRepositoryFactory] In-memory dependency metadata cache closed. Repos cached: 57, cache instances: 5, modules served from cache: 214, artifacts: 55
17:30:07.872 [DEBUG] [org.gradle.cache.internal.btree.BTreePersistentIndexedCache] Closing cache module-versions.bin (/Users/lee/Documents/soft/jenkins/workspace/todo-mvp-test/caches/modules-2/metadata-2.16/module-versions.bin)
17:30:07.872 [DEBUG] [org.gradle.cache.internal.btree.BTreePersistentIndexedCache] Closing cache module-metadata.bin (/Users/lee/Documents/soft/jenkins/workspace/todo-mvp-test/caches/modules-2/metadata-2.16/module-metadata.bin)
17:30:07.872 [DEBUG] [org.gradle.cache.internal.btree.BTreePersistentIndexedCache] Closing cache artifact-at-repository.bin (/Users/lee/Documents/soft/jenkins/workspace/todo-mvp-test/caches/modules-2/metadata-2.16/artifact-at-repository.bin)
17:30:07.872 [DEBUG] [org.gradle.cache.internal.DefaultFileLockManager] Releasing lock on artifact cache (/Users/lee/Documents/soft/jenkins/workspace/todo-mvp-test/caches/modules-2).
17:30:07.872 [DEBUG] [org.gradle.api.internal.artifacts.ivyservice.resolveengine.store.CachedStoreFactory] Resolution result cache closed. Cache reads: 0, disk reads: 0 (avg: 0.0 secs, total: 0.0 secs)
17:30:07.873 [DEBUG] [org.gradle.api.internal.artifacts.ivyservice.resolveengine.store.CachedStoreFactory] Resolution result cache closed. Cache reads: 0, disk reads: 16 (avg: 0.0 secs, total: 0.011 secs)
17:30:07.873 [DEBUG] [org.gradle.api.internal.artifacts.ivyservice.resolveengine.store.ResolutionResultsStoreFactory] Deleted 2 resolution results binary files in 0.001 secs
17:30:07.873 [DEBUG] [org.gradle.cache.internal.DefaultCacheAccess] Cache Plugin Resolution Cache (/Users/lee/Documents/soft/jenkins/workspace/todo-mvp-test/caches/2.11/plugin-resolution) was closed 0 times.
17:30:07.873 [DEBUG] [org.gradle.api.internal.tasks.compile.daemon.CompilerDaemonManager] Stopping 0 compiler daemon(s).
17:30:07.873 [INFO] [org.gradle.api.internal.tasks.compile.daemon.CompilerDaemonManager] Stopped 0 compiler daemon(s).
17:30:07.873 [DEBUG] [org.gradle.launcher.daemon.server.exec.ExecuteBuild] The daemon has finished executing the build.
17:30:08.366 [DEBUG] [org.gradle.launcher.daemon.server.DaemonStateCoordinator] Idle timeout: daemon stop has been requested. Sleeping until state changes.
17:30:08.367 [DEBUG] [org.gradle.launcher.daemon.server.DaemonStateCoordinator] Command execution: finished waiting for DaemonCommandExecution[command = BuildAndStop{id=2993ad3c-e5dd-4dfd-bef4-82ba4072bd51.1, currentDir=/Users/lee/Documents/soft/jenkins/workspace/todo-mvp-test/app}, connection = org.gradle.launcher.daemon.server.DefaultDaemonConnection@7f738a20]. Result org.gradle.launcher.daemon.server.DaemonStateCoordinator@2fab302b with state StopRequested
17:30:08.367 [DEBUG] [org.gradle.launcher.daemon.server.DaemonStateCoordinator] Command execution: completed DaemonCommandExecution[command = BuildAndStop{id=2993ad3c-e5dd-4dfd-bef4-82ba4072bd51.1, currentDir=/Users/lee/Documents/soft/jenkins/workspace/todo-mvp-test/app}, connection = org.gradle.launcher.daemon.server.DefaultDaemonConnection@7f738a20]
17:30:08.368 [DEBUG] [org.gradle.launcher.daemon.server.DaemonStateCoordinator] updating lastActivityAt to 1469007008368
17:30:08.368 [DEBUG] [org.gradle.launcher.daemon.server.DaemonStateCoordinator] Marking daemon stopped due to command completed and stop requested. The daemon is running a build: false
17:30:08.368 [DEBUG] [org.gradle.launcher.daemon.server.DaemonStateCoordinator] Idle timeout: daemon has stopped.
17:30:08.368 [DEBUG] [org.gradle.launcher.daemon.server.Daemon] stop() called on daemon
17:30:08.368 [INFO] [org.gradle.launcher.daemon.server.Daemon] Stop requested. Daemon is removing its presence from the registry...
17:30:08.368 [DEBUG] [org.gradle.launcher.daemon.server.exec.ReturnResult] Daemon is dispatching the build result: Failure[value=org.gradle.initialization.ReportedException: org.gradle.execution.MultipleBuildFailures: Multiple build failures]
17:30:08.368 [DEBUG] [org.gradle.launcher.daemon.server.DomainRegistryUpdater] Removing our presence to clients, eg. removing this address from the registry: [362ee1b4-0961-4f0b-b5d7-27476a942d44 port:60481, addresses:[/0:0:0:0:0:0:0:1, /127.0.0.1]]
17:30:08.368 [DEBUG] [org.gradle.launcher.daemon.server.SynchronizedDispatchConnection] thread 14: dispatching class org.gradle.launcher.daemon.protocol.Failure
17:30:08.368 [DEBUG] [org.gradle.launcher.daemon.registry.PersistentDaemonRegistry] Removing daemon address: [362ee1b4-0961-4f0b-b5d7-27476a942d44 port:60481, addresses:[/0:0:0:0:0:0:0:1, /127.0.0.1]]
17:30:08.369 [DEBUG] [org.gradle.cache.internal.DefaultFileLockManager] Waiting to acquire exclusive lock on daemon addresses registry.
17:30:08.369 [DEBUG] [org.gradle.cache.internal.DefaultFileLockManager] Lock acquired.
17:30:08.372 [DEBUG] [org.gradle.cache.internal.DefaultFileLockManager] Releasing lock on daemon addresses registry.
17:30:08.373 [DEBUG] [org.gradle.launcher.daemon.server.DomainRegistryUpdater] Address removed from registry.
17:30:08.397 [DEBUG] [org.gradle.launcher.daemon.server.DefaultIncomingConnectionHandler] Finishing executing command: BuildAndStop{id=2993ad3c-e5dd-4dfd-bef4-82ba4072bd51.1, currentDir=/Users/lee/Documents/soft/jenkins/workspace/todo-mvp-test/app}
17:30:08.426 [DEBUG] [org.gradle.launcher.daemon.server.SynchronizedDispatchConnection] thread 15: received class org.gradle.launcher.daemon.protocol.Finished
17:30:08.426 [DEBUG] [org.gradle.launcher.daemon.server.DefaultDaemonConnection] Received non-IO message from client: org.gradle.launcher.daemon.protocol.Finished@53ed2964
17:30:08.426 [DEBUG] [org.gradle.launcher.daemon.server.DefaultIncomingConnectionHandler] Received finished message: org.gradle.launcher.daemon.protocol.Finished@53ed2964
17:30:08.426 [DEBUG] [org.gradle.launcher.daemon.server.SynchronizedDispatchConnection] thread 14: stopping connection
17:30:08.427 [DEBUG] [org.gradle.messaging.remote.internal.inet.SocketConnection] Discarding EOFException: java.io.EOFException
17:30:08.428 [DEBUG] [org.gradle.launcher.daemon.server.SynchronizedDispatchConnection] thread 15: received null
17:30:08.428 [DEBUG] [org.gradle.launcher.daemon.server.DefaultDaemonConnection] Received end-of-input from client.
17:30:08.428 [DEBUG] [org.gradle.launcher.daemon.server.SynchronizedDispatchConnection] thread 14: stopping connection
Daemon vm is shutting down... The daemon has exited normally or was terminated in response to a user interrupt.
17:30:08.428 [DEBUG] [org.gradle.launcher.daemon.registry.PersistentDaemonRegistry] Removing daemon address: [362ee1b4-0961-4f0b-b5d7-27476a942d44 port:60481, addresses:[/0:0:0:0:0:0:0:1, /127.0.0.1]]
17:30:08.429 [DEBUG] [org.gradle.cache.internal.DefaultFileLockManager] Waiting to acquire exclusive lock on daemon addresses registry.
17:30:08.429 [DEBUG] [org.gradle.cache.internal.DefaultFileLockManager] Lock acquired.
17:30:08.429 [DEBUG] [org.gradle.cache.internal.DefaultFileLockManager] Releasing lock on daemon addresses registry.
